2024-10-09 18:07:53.886 [info] [main] Log level: Info
2024-10-09 18:07:53.886 [info] [main] Validating found git in: "git"
2024-10-09 18:07:53.886 [info] [main] Using git "2.43.0" from "git"
2024-10-09 18:07:53.886 [info] [Model][doInitialScan] Initial repository scan started
2024-10-09 18:07:53.887 [info] > git rev-parse --show-toplevel [9ms]
2024-10-09 18:07:53.887 [info] fatal: not a git repository (or any of the parent directories): .git
2024-10-09 18:07:53.887 [info] > git rev-parse --show-toplevel [5ms]
2024-10-09 18:07:53.887 [info] fatal: not a git repository (or any of the parent directories): .git
2024-10-09 18:07:53.887 [info] > git rev-parse --show-toplevel [1ms]
2024-10-09 18:07:53.887 [info] fatal: not a git repository (or any of the parent directories): .git
2024-10-09 18:07:53.889 [info] > git rev-parse --show-toplevel [0ms]
2024-10-09 18:07:53.890 [info] fatal: not a git repository (or any of the parent directories): .git
2024-10-09 18:07:53.892 [info] > git rev-parse --show-toplevel [1ms]
2024-10-09 18:07:53.893 [info] fatal: not a git repository (or any of the parent directories): .git
2024-10-09 18:07:53.895 [info] > git rev-parse --show-toplevel [1ms]
2024-10-09 18:07:53.895 [info] fatal: not a git repository (or any of the parent directories): .git
2024-10-09 18:07:53.899 [info] > git rev-parse --show-toplevel [1ms]
2024-10-09 18:07:53.899 [info] fatal: not a git repository (or any of the parent directories): .git
2024-10-09 18:07:53.902 [info] > git rev-parse --show-toplevel [0ms]
2024-10-09 18:07:53.902 [info] fatal: not a git repository (or any of the parent directories): .git
2024-10-09 18:07:53.905 [info] [Model][doInitialScan] Initial repository scan completed - repositories (0), closed repositories (0), parent repositories (0), unsafe repositories (0)
2024-10-09 18:07:54.747 [info] > git rev-parse --show-toplevel [34ms]
2024-10-09 18:07:54.747 [info] fatal: not a git repository (or any of the parent directories): .git
2024-10-09 18:23:20.904 [info] > git rev-parse --show-toplevel [3ms]
2024-10-09 18:23:20.904 [info] fatal: not a git repository (or any of the parent directories): .git
2024-10-09 18:23:26.518 [info] > git rev-parse --show-toplevel [1ms]
2024-10-09 18:23:26.519 [info] fatal: not a git repository (or any of the parent directories): .git
2024-10-09 18:26:17.717 [info] > git rev-parse --show-toplevel [2ms]
2024-10-09 18:26:17.717 [info] fatal: not a git repository (or any of the parent directories): .git
2024-10-09 18:27:46.042 [info] > git rev-parse --show-toplevel [3ms]
2024-10-09 18:27:46.065 [info] > git rev-parse --git-dir --git-common-dir [17ms]
2024-10-09 18:27:46.080 [info] [Model][openRepository] Opened repository: /home/jojomaverik
2024-10-09 18:27:46.111 [info] > git config --get commit.template [18ms]
2024-10-09 18:27:46.117 [info] [Git][getRemotes] No remotes found in the git config file
2024-10-09 18:27:46.123 [info] > git for-each-ref --format=%(refname)%00%(upstream:short)%00%(objectname)%00%(upstream:track)%00%(upstream:remotename)%00%(upstream:remoteref) refs/heads/master refs/remotes/master [7ms]
2024-10-09 18:27:46.123 [warning] [Git][getBranch] No such branch: master
2024-10-09 18:27:46.137 [info] > git for-each-ref --sort -committerdate --format %(refname) %(objectname) %(*objectname) [5ms]
2024-10-09 18:27:46.150 [info] > git status -z -uall [22ms]
2024-10-09 18:27:46.546 [info] > git for-each-ref --format=%(refname)%00%(upstream:short)%00%(objectname)%00%(upstream:track)%00%(upstream:remotename)%00%(upstream:remoteref) refs/heads/master refs/remotes/master [334ms]
2024-10-09 18:27:46.547 [warning] [Git][getBranch] No such branch: master
2024-10-09 18:27:46.547 [error] [GitHistoryProvider][resolveHEADMergeBase] Failed to resolve merge base for master: Error: No such branch: master.
2024-10-09 18:27:46.558 [info] > git config --get commit.template [11ms]
2024-10-09 18:27:46.561 [info] [Git][getRemotes] No remotes found in the git config file
2024-10-09 18:27:46.566 [info] > git for-each-ref --format=%(refname)%00%(upstream:short)%00%(objectname)%00%(upstream:track)%00%(upstream:remotename)%00%(upstream:remoteref) refs/heads/master refs/remotes/master [4ms]
2024-10-09 18:27:46.566 [warning] [Git][getBranch] No such branch: master
2024-10-09 18:27:46.574 [info] > git for-each-ref --sort -committerdate --format %(refname) %(objectname) %(*objectname) [3ms]
2024-10-09 18:27:46.591 [info] > git status -z -uall [23ms]
2024-10-09 18:27:46.652 [info] > git check-ignore -v -z --stdin [10ms]
2024-10-09 18:27:46.674 [info] > git show --textconv :trash_bin.pml [4ms]
2024-10-09 18:27:46.674 [info] > git ls-files --stage -- /home/jojomaverik/trash_bin.pml [1ms]
2024-10-09 18:27:47.009 [info] > git config --local branch.master.github-pr-owner-number [1ms]
2024-10-09 18:27:47.009 [warning] [Git][config] git config failed: Failed to execute git
2024-10-09 18:27:47.018 [info] > git config --local branch.master.remote [4ms]
2024-10-09 18:27:47.018 [warning] [Git][config] git config failed: Failed to execute git
2024-10-09 18:27:47.023 [info] > git config --local branch.master.merge [3ms]
2024-10-09 18:27:47.023 [warning] [Git][config] git config failed: Failed to execute git
2024-10-09 18:27:48.684 [info] > git config --get commit.template [4ms]
2024-10-09 18:27:48.685 [info] [Git][getRemotes] No remotes found in the git config file
2024-10-09 18:27:48.685 [info] > git for-each-ref --format=%(refname)%00%(upstream:short)%00%(objectname)%00%(upstream:track)%00%(upstream:remotename)%00%(upstream:remoteref) refs/heads/master refs/remotes/master [2ms]
2024-10-09 18:27:48.686 [warning] [Git][getBranch] No such branch: master
2024-10-09 18:27:48.694 [info] > git for-each-ref --sort -committerdate --format %(refname) %(objectname) %(*objectname) [0ms]
2024-10-09 18:27:48.717 [info] > git status -z -uall [28ms]
2024-10-09 18:27:55.631 [info] [Git][getRemotes] No remotes found in the git config file
2024-10-09 18:27:55.632 [info] > git config --get commit.template [3ms]
2024-10-09 18:27:55.632 [info] > git for-each-ref --format=%(refname)%00%(upstream:short)%00%(objectname)%00%(upstream:track)%00%(upstream:remotename)%00%(upstream:remoteref) refs/heads/master refs/remotes/master [1ms]
2024-10-09 18:27:55.632 [warning] [Git][getBranch] No such branch: master
2024-10-09 18:27:55.638 [info] > git for-each-ref --sort -committerdate --format %(refname) %(objectname) %(*objectname) [1ms]
2024-10-09 18:27:55.650 [info] > git status -z -uall [16ms]
2024-10-09 18:28:00.600 [info] > git ls-files --stage -- /home/jojomaverik/trash_bin.pml [1ms]
2024-10-09 18:28:00.664 [info] > git show --textconv :trash_bin.pml [2ms]
2024-10-09 18:28:00.685 [info] > git config --get commit.template [4ms]
2024-10-09 18:28:00.685 [info] > git for-each-ref --format=%(refname)%00%(upstream:short)%00%(objectname)%00%(upstream:track)%00%(upstream:remotename)%00%(upstream:remoteref) refs/heads/master refs/remotes/master [2ms]
2024-10-09 18:28:00.685 [warning] [Git][getBranch] No such branch: master
2024-10-09 18:28:00.691 [info] > git for-each-ref --sort -committerdate --format %(refname) %(objectname) %(*objectname) [1ms]
2024-10-09 18:28:00.702 [info] > git status -z -uall [14ms]
2024-10-09 18:28:01.577 [info] > git config --local branch.master.github-pr-owner-number [172ms]
2024-10-09 18:28:01.577 [warning] [Git][config] git config failed: Failed to execute git
2024-10-09 18:28:01.581 [info] > git config --local branch.master.remote [1ms]
2024-10-09 18:28:01.581 [warning] [Git][config] git config failed: Failed to execute git
2024-10-09 18:28:01.584 [info] > git config --local branch.master.merge [1ms]
2024-10-09 18:28:01.584 [warning] [Git][config] git config failed: Failed to execute git
2024-10-09 18:28:05.739 [info] > git config --get commit.template [3ms]
2024-10-09 18:28:05.739 [info] > git for-each-ref --format=%(refname)%00%(upstream:short)%00%(objectname)%00%(upstream:track)%00%(upstream:remotename)%00%(upstream:remoteref) refs/heads/master refs/remotes/master [1ms]
2024-10-09 18:28:05.739 [warning] [Git][getBranch] No such branch: master
2024-10-09 18:28:05.744 [info] > git for-each-ref --sort -committerdate --format %(refname) %(objectname) %(*objectname) [1ms]
2024-10-09 18:28:05.754 [info] > git status -z -uall [13ms]
2024-10-09 18:28:10.794 [info] > git config --get commit.template [3ms]
2024-10-09 18:28:10.795 [info] > git for-each-ref --format=%(refname)%00%(upstream:short)%00%(objectname)%00%(upstream:track)%00%(upstream:remotename)%00%(upstream:remoteref) refs/heads/master refs/remotes/master [2ms]
2024-10-09 18:28:10.795 [warning] [Git][getBranch] No such branch: master
2024-10-09 18:28:10.802 [info] > git for-each-ref --sort -committerdate --format %(refname) %(objectname) %(*objectname) [1ms]
2024-10-09 18:28:10.816 [info] > git status -z -uall [18ms]
2024-10-09 18:28:15.874 [info] > git config --get commit.template [4ms]
2024-10-09 18:28:15.875 [info] > git for-each-ref --format=%(refname)%00%(upstream:short)%00%(objectname)%00%(upstream:track)%00%(upstream:remotename)%00%(upstream:remoteref) refs/heads/master refs/remotes/master [2ms]
2024-10-09 18:28:15.875 [warning] [Git][getBranch] No such branch: master
2024-10-09 18:28:15.882 [info] > git for-each-ref --sort -committerdate --format %(refname) %(objectname) %(*objectname) [1ms]
2024-10-09 18:28:15.898 [info] > git status -z -uall [20ms]
2024-10-09 18:28:20.944 [info] > git config --get commit.template [3ms]
2024-10-09 18:28:20.944 [info] > git for-each-ref --format=%(refname)%00%(upstream:short)%00%(objectname)%00%(upstream:track)%00%(upstream:remotename)%00%(upstream:remoteref) refs/heads/master refs/remotes/master [1ms]
2024-10-09 18:28:20.944 [warning] [Git][getBranch] No such branch: master
2024-10-09 18:28:20.951 [info] > git for-each-ref --sort -committerdate --format %(refname) %(objectname) %(*objectname) [1ms]
2024-10-09 18:28:20.967 [info] > git status -z -uall [20ms]
2024-10-09 18:28:26.012 [info] > git config --get commit.template [5ms]
2024-10-09 18:28:26.013 [info] > git for-each-ref --format=%(refname)%00%(upstream:short)%00%(objectname)%00%(upstream:track)%00%(upstream:remotename)%00%(upstream:remoteref) refs/heads/master refs/remotes/master [2ms]
2024-10-09 18:28:26.013 [warning] [Git][getBranch] No such branch: master
2024-10-09 18:28:26.022 [info] > git for-each-ref --sort -committerdate --format %(refname) %(objectname) %(*objectname) [1ms]
2024-10-09 18:28:26.043 [info] > git status -z -uall [27ms]
2024-10-09 18:28:31.086 [info] > git config --get commit.template [1ms]
2024-10-09 18:28:31.090 [info] > git for-each-ref --format=%(refname)%00%(upstream:short)%00%(objectname)%00%(upstream:track)%00%(upstream:remotename)%00%(upstream:remoteref) refs/heads/master refs/remotes/master [1ms]
2024-10-09 18:28:31.091 [warning] [Git][getBranch] No such branch: master
2024-10-09 18:28:31.098 [info] > git for-each-ref --sort -committerdate --format %(refname) %(objectname) %(*objectname) [1ms]
2024-10-09 18:28:31.111 [info] > git status -z -uall [17ms]
2024-10-09 18:28:40.014 [info] > git config --get commit.template [7ms]
2024-10-09 18:28:40.015 [info] > git for-each-ref --format=%(refname)%00%(upstream:short)%00%(objectname)%00%(upstream:track)%00%(upstream:remotename)%00%(upstream:remoteref) refs/heads/master refs/remotes/master [3ms]
2024-10-09 18:28:40.015 [warning] [Git][getBranch] No such branch: master
2024-10-09 18:28:40.023 [info] > git for-each-ref --sort -committerdate --format %(refname) %(objectname) %(*objectname) [1ms]
2024-10-09 18:28:40.034 [info] > git status -z -uall [15ms]
2024-10-09 18:28:45.068 [info] > git config --get commit.template [4ms]
2024-10-09 18:28:45.069 [info] > git for-each-ref --format=%(refname)%00%(upstream:short)%00%(objectname)%00%(upstream:track)%00%(upstream:remotename)%00%(upstream:remoteref) refs/heads/master refs/remotes/master [2ms]
2024-10-09 18:28:45.069 [warning] [Git][getBranch] No such branch: master
2024-10-09 18:28:45.077 [info] > git for-each-ref --sort -committerdate --format %(refname) %(objectname) %(*objectname) [2ms]
2024-10-09 18:28:45.091 [info] > git status -z -uall [19ms]
2024-10-09 18:28:50.139 [info] > git config --get commit.template [6ms]
2024-10-09 18:28:50.140 [info] > git for-each-ref --format=%(refname)%00%(upstream:short)%00%(objectname)%00%(upstream:track)%00%(upstream:remotename)%00%(upstream:remoteref) refs/heads/master refs/remotes/master [2ms]
2024-10-09 18:28:50.140 [warning] [Git][getBranch] No such branch: master
2024-10-09 18:28:50.149 [info] > git for-each-ref --sort -committerdate --format %(refname) %(objectname) %(*objectname) [1ms]
2024-10-09 18:28:50.167 [info] > git status -z -uall [23ms]
2024-10-09 18:28:55.212 [info] > git config --get commit.template [5ms]
2024-10-09 18:28:55.212 [info] > git for-each-ref --format=%(refname)%00%(upstream:short)%00%(objectname)%00%(upstream:track)%00%(upstream:remotename)%00%(upstream:remoteref) refs/heads/master refs/remotes/master [1ms]
2024-10-09 18:28:55.212 [warning] [Git][getBranch] No such branch: master
2024-10-09 18:28:55.221 [info] > git for-each-ref --sort -committerdate --format %(refname) %(objectname) %(*objectname) [1ms]
2024-10-09 18:28:55.239 [info] > git status -z -uall [23ms]
2024-10-09 18:29:04.741 [info] > git config --get commit.template [3ms]
2024-10-09 18:29:04.742 [info] > git for-each-ref --format=%(refname)%00%(upstream:short)%00%(objectname)%00%(upstream:track)%00%(upstream:remotename)%00%(upstream:remoteref) refs/heads/master refs/remotes/master [1ms]
2024-10-09 18:29:04.742 [warning] [Git][getBranch] No such branch: master
2024-10-09 18:29:04.749 [info] > git for-each-ref --sort -committerdate --format %(refname) %(objectname) %(*objectname) [2ms]
2024-10-09 18:29:04.761 [info] > git status -z -uall [16ms]
2024-10-09 18:29:28.168 [info] > git config --get commit.template [2ms]
2024-10-09 18:29:28.169 [info] > git for-each-ref --format=%(refname)%00%(upstream:short)%00%(objectname)%00%(upstream:track)%00%(upstream:remotename)%00%(upstream:remoteref) refs/heads/master refs/remotes/master [1ms]
2024-10-09 18:29:28.169 [warning] [Git][getBranch] No such branch: master
2024-10-09 18:29:28.174 [info] > git for-each-ref --sort -committerdate --format %(refname) %(objectname) %(*objectname) [1ms]
2024-10-09 18:29:28.187 [info] > git status -z -uall [16ms]
2024-10-09 18:29:36.183 [info] > git config --get commit.template [3ms]
2024-10-09 18:29:36.183 [info] > git for-each-ref --format=%(refname)%00%(upstream:short)%00%(objectname)%00%(upstream:track)%00%(upstream:remotename)%00%(upstream:remoteref) refs/heads/master refs/remotes/master [1ms]
2024-10-09 18:29:36.183 [warning] [Git][getBranch] No such branch: master
2024-10-09 18:29:36.190 [info] > git for-each-ref --sort -committerdate --format %(refname) %(objectname) %(*objectname) [1ms]
2024-10-09 18:29:36.204 [info] > git status -z -uall [17ms]
2024-10-09 18:29:40.831 [info] > git config --get commit.template [4ms]
2024-10-09 18:29:40.831 [info] > git for-each-ref --format=%(refname)%00%(upstream:short)%00%(objectname)%00%(upstream:track)%00%(upstream:remotename)%00%(upstream:remoteref) refs/heads/master refs/remotes/master [1ms]
2024-10-09 18:29:40.831 [warning] [Git][getBranch] No such branch: master
2024-10-09 18:29:40.836 [info] > git for-each-ref --sort -committerdate --format %(refname) %(objectname) %(*objectname) [1ms]
2024-10-09 18:29:40.847 [info] > git status -z -uall [14ms]
2024-10-09 18:29:41.281 [info] > git config --get commit.template [4ms]
2024-10-09 18:29:41.285 [info] > git for-each-ref --format=%(refname)%00%(upstream:short)%00%(objectname)%00%(upstream:track)%00%(upstream:remotename)%00%(upstream:remoteref) refs/heads/master refs/remotes/master [1ms]
2024-10-09 18:29:41.286 [warning] [Git][getBranch] No such branch: master
2024-10-09 18:29:41.293 [info] > git for-each-ref --sort -committerdate --format %(refname) %(objectname) %(*objectname) [1ms]
2024-10-09 18:29:41.316 [info] > git status -z -uall [27ms]
2024-10-09 18:29:42.384 [info] > git ls-files --stage -- /home/jojomaverik/trash_bin.pml [2ms]
2024-10-09 18:29:42.390 [info] > git cat-file -s 02b959a7c867c3a8b53b9e2a108833c780ba6200 [1ms]
2024-10-09 18:29:42.403 [info] > git show --textconv :trash_bin.pml [2ms]
2024-10-09 18:29:46.370 [info] > git config --get commit.template [4ms]
2024-10-09 18:29:46.371 [info] > git for-each-ref --format=%(refname)%00%(upstream:short)%00%(objectname)%00%(upstream:track)%00%(upstream:remotename)%00%(upstream:remoteref) refs/heads/master refs/remotes/master [1ms]
2024-10-09 18:29:46.371 [warning] [Git][getBranch] No such branch: master
2024-10-09 18:29:46.379 [info] > git for-each-ref --sort -committerdate --format %(refname) %(objectname) %(*objectname) [1ms]
2024-10-09 18:29:46.399 [info] > git status -z -uall [25ms]
2024-10-09 18:29:51.451 [info] > git config --get commit.template [6ms]
2024-10-09 18:29:51.452 [info] > git for-each-ref --format=%(refname)%00%(upstream:short)%00%(objectname)%00%(upstream:track)%00%(upstream:remotename)%00%(upstream:remoteref) refs/heads/master refs/remotes/master [2ms]
2024-10-09 18:29:51.452 [warning] [Git][getBranch] No such branch: master
2024-10-09 18:29:51.464 [info] > git for-each-ref --sort -committerdate --format %(refname) %(objectname) %(*objectname) [1ms]
2024-10-09 18:29:51.479 [info] > git status -z -uall [22ms]
2024-10-09 18:29:54.182 [info] > git ls-files --stage -- /home/jojomaverik/trash_bin.pml [2ms]
2024-10-09 18:29:54.187 [info] > git cat-file -s 02b959a7c867c3a8b53b9e2a108833c780ba6200 [2ms]
2024-10-09 18:29:54.198 [info] > git show --textconv :trash_bin.pml [2ms]
2024-10-09 18:29:56.516 [info] > git config --get commit.template [1ms]
2024-10-09 18:29:56.521 [info] > git for-each-ref --format=%(refname)%00%(upstream:short)%00%(objectname)%00%(upstream:track)%00%(upstream:remotename)%00%(upstream:remoteref) refs/heads/master refs/remotes/master [1ms]
2024-10-09 18:29:56.521 [warning] [Git][getBranch] No such branch: master
2024-10-09 18:29:56.532 [info] > git for-each-ref --sort -committerdate --format %(refname) %(objectname) %(*objectname) [1ms]
2024-10-09 18:29:56.549 [info] > git status -z -uall [22ms]
2024-10-09 18:30:01.592 [info] > git config --get commit.template [1ms]
2024-10-09 18:30:01.596 [info] > git for-each-ref --format=%(refname)%00%(upstream:short)%00%(objectname)%00%(upstream:track)%00%(upstream:remotename)%00%(upstream:remoteref) refs/heads/master refs/remotes/master [2ms]
2024-10-09 18:30:01.596 [warning] [Git][getBranch] No such branch: master
2024-10-09 18:30:01.601 [info] > git for-each-ref --sort -committerdate --format %(refname) %(objectname) %(*objectname) [0ms]
2024-10-09 18:30:01.620 [info] > git status -z -uall [22ms]
2024-10-09 18:30:26.451 [info] > git config --get commit.template [3ms]
2024-10-09 18:30:26.452 [info] > git for-each-ref --format=%(refname)%00%(upstream:short)%00%(objectname)%00%(upstream:track)%00%(upstream:remotename)%00%(upstream:remoteref) refs/heads/master refs/remotes/master [1ms]
2024-10-09 18:30:26.452 [warning] [Git][getBranch] No such branch: master
2024-10-09 18:30:26.459 [info] > git for-each-ref --sort -committerdate --format %(refname) %(objectname) %(*objectname) [1ms]
2024-10-09 18:30:26.475 [info] > git status -z -uall [20ms]
2024-10-09 18:30:31.518 [info] > git config --get commit.template [2ms]
2024-10-09 18:30:31.525 [info] > git for-each-ref --format=%(refname)%00%(upstream:short)%00%(objectname)%00%(upstream:track)%00%(upstream:remotename)%00%(upstream:remoteref) refs/heads/master refs/remotes/master [2ms]
2024-10-09 18:30:31.525 [warning] [Git][getBranch] No such branch: master
2024-10-09 18:30:31.536 [info] > git for-each-ref --sort -committerdate --format %(refname) %(objectname) %(*objectname) [3ms]
2024-10-09 18:30:31.554 [info] > git status -z -uall [24ms]
2024-10-09 18:30:36.604 [info] > git for-each-ref --format=%(refname)%00%(upstream:short)%00%(objectname)%00%(upstream:track)%00%(upstream:remotename)%00%(upstream:remoteref) refs/heads/master refs/remotes/master [1ms]
2024-10-09 18:30:36.604 [warning] [Git][getBranch] No such branch: master
2024-10-09 18:30:36.604 [info] > git config --get commit.template [5ms]
2024-10-09 18:30:36.611 [info] > git for-each-ref --sort -committerdate --format %(refname) %(objectname) %(*objectname) [0ms]
2024-10-09 18:30:36.628 [info] > git status -z -uall [21ms]
2024-10-09 18:30:41.670 [info] > git for-each-ref --format=%(refname)%00%(upstream:short)%00%(objectname)%00%(upstream:track)%00%(upstream:remotename)%00%(upstream:remoteref) refs/heads/master refs/remotes/master [1ms]
2024-10-09 18:30:41.670 [warning] [Git][getBranch] No such branch: master
2024-10-09 18:30:41.670 [info] > git config --get commit.template [5ms]
2024-10-09 18:30:41.678 [info] > git for-each-ref --sort -committerdate --format %(refname) %(objectname) %(*objectname) [0ms]
2024-10-09 18:30:41.696 [info] > git status -z -uall [23ms]
2024-10-09 18:30:47.224 [info] > git config --get commit.template [2ms]
2024-10-09 18:30:47.228 [info] > git for-each-ref --format=%(refname)%00%(upstream:short)%00%(objectname)%00%(upstream:track)%00%(upstream:remotename)%00%(upstream:remoteref) refs/heads/master refs/remotes/master [1ms]
2024-10-09 18:30:47.228 [warning] [Git][getBranch] No such branch: master
2024-10-09 18:30:47.236 [info] > git for-each-ref --sort -committerdate --format %(refname) %(objectname) %(*objectname) [0ms]
2024-10-09 18:30:47.251 [info] > git status -z -uall [20ms]
2024-10-09 18:30:51.275 [info] > git check-ignore -v -z --stdin [3ms]
2024-10-09 18:30:53.226 [info] > git config --get commit.template [2ms]
2024-10-09 18:30:53.231 [info] > git for-each-ref --format=%(refname)%00%(upstream:short)%00%(objectname)%00%(upstream:track)%00%(upstream:remotename)%00%(upstream:remoteref) refs/heads/master refs/remotes/master [1ms]
2024-10-09 18:30:53.231 [warning] [Git][getBranch] No such branch: master
2024-10-09 18:30:53.241 [info] > git for-each-ref --sort -committerdate --format %(refname) %(objectname) %(*objectname) [2ms]
2024-10-09 18:30:53.256 [info] > git status -z -uall [21ms]
2024-10-09 18:30:58.297 [info] > git config --get commit.template [1ms]
2024-10-09 18:30:58.303 [info] > git for-each-ref --format=%(refname)%00%(upstream:short)%00%(objectname)%00%(upstream:track)%00%(upstream:remotename)%00%(upstream:remoteref) refs/heads/master refs/remotes/master [3ms]
2024-10-09 18:30:58.303 [warning] [Git][getBranch] No such branch: master
2024-10-09 18:30:58.312 [info] > git for-each-ref --sort -committerdate --format %(refname) %(objectname) %(*objectname) [1ms]
2024-10-09 18:30:58.330 [info] > git status -z -uall [24ms]
2024-10-09 18:31:03.377 [info] > git config --get commit.template [4ms]
2024-10-09 18:31:03.378 [info] > git for-each-ref --format=%(refname)%00%(upstream:short)%00%(objectname)%00%(upstream:track)%00%(upstream:remotename)%00%(upstream:remoteref) refs/heads/master refs/remotes/master [1ms]
2024-10-09 18:31:03.378 [warning] [Git][getBranch] No such branch: master
2024-10-09 18:31:03.388 [info] > git for-each-ref --sort -committerdate --format %(refname) %(objectname) %(*objectname) [0ms]
2024-10-09 18:31:03.408 [info] > git status -z -uall [25ms]
2024-10-09 18:31:08.451 [info] > git config --get commit.template [0ms]
2024-10-09 18:31:08.455 [info] > git for-each-ref --format=%(refname)%00%(upstream:short)%00%(objectname)%00%(upstream:track)%00%(upstream:remotename)%00%(upstream:remoteref) refs/heads/master refs/remotes/master [1ms]
2024-10-09 18:31:08.455 [warning] [Git][getBranch] No such branch: master
2024-10-09 18:31:08.463 [info] > git for-each-ref --sort -committerdate --format %(refname) %(objectname) %(*objectname) [1ms]
2024-10-09 18:31:08.479 [info] > git status -z -uall [21ms]
2024-10-09 18:31:13.525 [info] > git config --get commit.template [5ms]
2024-10-09 18:31:13.525 [info] > git for-each-ref --format=%(refname)%00%(upstream:short)%00%(objectname)%00%(upstream:track)%00%(upstream:remotename)%00%(upstream:remoteref) refs/heads/master refs/remotes/master [1ms]
2024-10-09 18:31:13.525 [warning] [Git][getBranch] No such branch: master
2024-10-09 18:31:13.533 [info] > git for-each-ref --sort -committerdate --format %(refname) %(objectname) %(*objectname) [0ms]
2024-10-09 18:31:13.551 [info] > git status -z -uall [23ms]
2024-10-09 18:31:18.596 [info] > git config --get commit.template [1ms]
2024-10-09 18:31:18.600 [info] > git for-each-ref --format=%(refname)%00%(upstream:short)%00%(objectname)%00%(upstream:track)%00%(upstream:remotename)%00%(upstream:remoteref) refs/heads/master refs/remotes/master [1ms]
2024-10-09 18:31:18.600 [warning] [Git][getBranch] No such branch: master
2024-10-09 18:31:18.608 [info] > git for-each-ref --sort -committerdate --format %(refname) %(objectname) %(*objectname) [0ms]
2024-10-09 18:31:18.624 [info] > git status -z -uall [21ms]
2024-10-09 18:31:25.274 [info] > git config --get commit.template [4ms]
2024-10-09 18:31:25.275 [info] > git for-each-ref --format=%(refname)%00%(upstream:short)%00%(objectname)%00%(upstream:track)%00%(upstream:remotename)%00%(upstream:remoteref) refs/heads/master refs/remotes/master [2ms]
2024-10-09 18:31:25.275 [warning] [Git][getBranch] No such branch: master
2024-10-09 18:31:25.281 [info] > git for-each-ref --sort -committerdate --format %(refname) %(objectname) %(*objectname) [1ms]
2024-10-09 18:31:25.294 [info] > git status -z -uall [17ms]
2024-10-09 18:31:26.961 [info] > git config --get commit.template [3ms]
2024-10-09 18:31:26.961 [info] > git for-each-ref --format=%(refname)%00%(upstream:short)%00%(objectname)%00%(upstream:track)%00%(upstream:remotename)%00%(upstream:remoteref) refs/heads/master refs/remotes/master [0ms]
2024-10-09 18:31:26.967 [info] > git for-each-ref --sort -committerdate --format %(refname) %(objectname) %(*objectname) [1ms]
2024-10-09 18:31:26.974 [info] > git status -z -uall [10ms]
2024-10-09 18:31:27.168 [info] > git config --local branch.master.github-pr-owner-number [2ms]
2024-10-09 18:31:27.168 [warning] [Git][config] git config failed: Failed to execute git
2024-10-09 18:31:27.174 [info] > git config --local branch.master.remote [3ms]
2024-10-09 18:31:27.174 [warning] [Git][config] git config failed: Failed to execute git
2024-10-09 18:31:27.178 [info] > git config --local branch.master.merge [1ms]
2024-10-09 18:31:27.178 [warning] [Git][config] git config failed: Failed to execute git
2024-10-09 18:31:27.507 [info] > git ls-files --stage -- /home/jojomaverik/trash_bin.pml [2ms]
2024-10-09 18:31:27.511 [info] > git cat-file -s 02b959a7c867c3a8b53b9e2a108833c780ba6200 [1ms]
2024-10-09 18:31:27.529 [info] > git show --textconv :trash_bin.pml [8ms]
2024-10-09 18:31:30.333 [info] > git config --get commit.template [6ms]
2024-10-09 18:31:30.334 [info] > git for-each-ref --format=%(refname)%00%(upstream:short)%00%(objectname)%00%(upstream:track)%00%(upstream:remotename)%00%(upstream:remoteref) refs/heads/master refs/remotes/master [2ms]
2024-10-09 18:31:30.341 [info] > git for-each-ref --sort -committerdate --format %(refname) %(objectname) %(*objectname) [2ms]
2024-10-09 18:31:30.354 [info] > git status -z -uall [17ms]
2024-10-09 18:31:35.367 [info] > git config --get commit.template [2ms]
2024-10-09 18:31:35.374 [info] > git for-each-ref --format=%(refname)%00%(upstream:short)%00%(objectname)%00%(upstream:track)%00%(upstream:remotename)%00%(upstream:remoteref) refs/heads/master refs/remotes/master [1ms]
2024-10-09 18:31:35.384 [info] > git for-each-ref --sort -committerdate --format %(refname) %(objectname) %(*objectname) [2ms]
2024-10-09 18:31:35.400 [info] > git status -z -uall [22ms]
2024-10-09 18:32:13.124 [info] > git config --get commit.template [4ms]
2024-10-09 18:32:13.125 [info] > git for-each-ref --format=%(refname)%00%(upstream:short)%00%(objectname)%00%(upstream:track)%00%(upstream:remotename)%00%(upstream:remoteref) refs/heads/master refs/remotes/master [1ms]
2024-10-09 18:32:13.133 [info] > git for-each-ref --sort -committerdate --format %(refname) %(objectname) %(*objectname) [2ms]
2024-10-09 18:32:13.141 [info] > git status -z -uall [12ms]
2024-10-09 18:32:18.152 [info] > git config --get commit.template [2ms]
2024-10-09 18:32:18.160 [info] > git for-each-ref --format=%(refname)%00%(upstream:short)%00%(objectname)%00%(upstream:track)%00%(upstream:remotename)%00%(upstream:remoteref) refs/heads/master refs/remotes/master [2ms]
2024-10-09 18:32:18.167 [info] > git for-each-ref --sort -committerdate --format %(refname) %(objectname) %(*objectname) [1ms]
2024-10-09 18:32:18.176 [info] > git status -z -uall [14ms]
2024-10-09 18:32:23.193 [info] > git config --get commit.template [2ms]
2024-10-09 18:32:23.201 [info] > git for-each-ref --format=%(refname)%00%(upstream:short)%00%(objectname)%00%(upstream:track)%00%(upstream:remotename)%00%(upstream:remoteref) refs/heads/master refs/remotes/master [2ms]
2024-10-09 18:32:23.213 [info] > git for-each-ref --sort -committerdate --format %(refname) %(objectname) %(*objectname) [2ms]
2024-10-09 18:32:23.222 [info] > git status -z -uall [17ms]
2024-10-09 18:34:17.124 [info] > git config --get commit.template [5ms]
2024-10-09 18:34:17.124 [info] > git for-each-ref --format=%(refname)%00%(upstream:short)%00%(objectname)%00%(upstream:track)%00%(upstream:remotename)%00%(upstream:remoteref) refs/heads/master refs/remotes/master [1ms]
2024-10-09 18:34:17.134 [info] > git for-each-ref --sort -committerdate --format %(refname) %(objectname) %(*objectname) [1ms]
2024-10-09 18:34:17.142 [info] > git status -z -uall [15ms]
2024-10-09 18:34:22.156 [info] > git config --get commit.template [4ms]
2024-10-09 18:34:22.157 [info] > git for-each-ref --format=%(refname)%00%(upstream:short)%00%(objectname)%00%(upstream:track)%00%(upstream:remotename)%00%(upstream:remoteref) refs/heads/master refs/remotes/master [1ms]
2024-10-09 18:34:22.164 [info] > git for-each-ref --sort -committerdate --format %(refname) %(objectname) %(*objectname) [1ms]
2024-10-09 18:34:22.179 [info] > git status -z -uall [19ms]
2024-10-09 18:34:27.188 [info] > git config --get commit.template [1ms]
2024-10-09 18:34:27.194 [info] > git for-each-ref --format=%(refname)%00%(upstream:short)%00%(objectname)%00%(upstream:track)%00%(upstream:remotename)%00%(upstream:remoteref) refs/heads/master refs/remotes/master [2ms]
2024-10-09 18:34:27.204 [info] > git for-each-ref --sort -committerdate --format %(refname) %(objectname) %(*objectname) [3ms]
2024-10-09 18:34:27.217 [info] > git status -z -uall [20ms]
2024-10-09 18:34:32.228 [info] > git config --get commit.template [4ms]
2024-10-09 18:34:32.234 [info] > git for-each-ref --format=%(refname)%00%(upstream:short)%00%(objectname)%00%(upstream:track)%00%(upstream:remotename)%00%(upstream:remoteref) refs/heads/master refs/remotes/master [2ms]
2024-10-09 18:34:32.244 [info] > git for-each-ref --sort -committerdate --format %(refname) %(objectname) %(*objectname) [2ms]
2024-10-09 18:34:32.259 [info] > git status -z -uall [21ms]
2024-10-09 18:35:21.458 [info] > git config --get commit.template [2ms]
2024-10-09 18:35:21.458 [info] > git for-each-ref --format=%(refname)%00%(upstream:short)%00%(objectname)%00%(upstream:track)%00%(upstream:remotename)%00%(upstream:remoteref) refs/heads/master refs/remotes/master [1ms]
2024-10-09 18:35:21.466 [info] > git for-each-ref --sort -committerdate --format %(refname) %(objectname) %(*objectname) [2ms]
2024-10-09 18:35:21.477 [info] > git status -z -uall [15ms]
2024-10-09 18:35:23.408 [info] > git config --get commit.template [3ms]
2024-10-09 18:35:23.414 [info] > git for-each-ref --format=%(refname)%00%(upstream:short)%00%(objectname)%00%(upstream:track)%00%(upstream:remotename)%00%(upstream:remoteref) refs/heads/master refs/remotes/master [2ms]
2024-10-09 18:35:23.423 [info] > git for-each-ref --sort -committerdate --format %(refname) %(objectname) %(*objectname) [1ms]
2024-10-09 18:35:23.439 [info] > git status -z -uall [22ms]
2024-10-09 18:35:24.355 [info] > git check-ignore -v -z --stdin [2ms]
2024-10-09 18:35:44.064 [info] > git config --get commit.template [2ms]
2024-10-09 18:35:44.068 [info] > git for-each-ref --format=%(refname)%00%(upstream:short)%00%(objectname)%00%(upstream:track)%00%(upstream:remotename)%00%(upstream:remoteref) refs/heads/master refs/remotes/master [2ms]
2024-10-09 18:35:44.074 [info] > git for-each-ref --sort -committerdate --format %(refname) %(objectname) %(*objectname) [1ms]
2024-10-09 18:35:44.083 [info] > git status -z -uall [13ms]
2024-10-09 18:35:45.245 [info] > git config --get commit.template [11ms]
2024-10-09 18:35:45.253 [info] > git for-each-ref --format=%(refname)%00%(upstream:short)%00%(objectname)%00%(upstream:track)%00%(upstream:remotename)%00%(upstream:remoteref) refs/heads/main refs/remotes/main [2ms]
2024-10-09 18:35:45.263 [info] > git for-each-ref --sort -committerdate --format %(refname) %(objectname) %(*objectname) [1ms]
2024-10-09 18:35:45.276 [info] > git status -z -uall [18ms]
2024-10-09 18:35:45.286 [info] > git for-each-ref --format=%(refname)%00%(upstream:short)%00%(objectname)%00%(upstream:track)%00%(upstream:remotename)%00%(upstream:remoteref) refs/heads/main refs/remotes/main [3ms]
2024-10-09 18:35:45.290 [info] > git config --local branch.main.vscode-merge-base [1ms]
2024-10-09 18:35:45.290 [warning] [Git][config] git config failed: Failed to execute git
2024-10-09 18:35:45.298 [info] > git reflog main --grep-reflog=branch: Created from *. [5ms]
2024-10-09 18:35:45.301 [info] > git config --local branch.main.github-pr-owner-number [3ms]
2024-10-09 18:35:45.301 [warning] [Git][config] git config failed: Failed to execute git
2024-10-09 18:35:45.304 [info] > git symbolic-ref --short refs/remotes/origin/HEAD [4ms]
2024-10-09 18:35:45.304 [info] fatal: ref refs/remotes/origin/HEAD is not a symbolic ref
2024-10-09 18:35:45.305 [warning] [Repository][getDefaultBranch] Failed to get default branch details: Failed to execute git.
2024-10-09 18:35:45.306 [info] > git config --local branch.main.remote [3ms]
2024-10-09 18:35:45.307 [warning] [Git][config] git config failed: Failed to execute git
2024-10-09 18:35:45.310 [info] > git config --local branch.main.merge [0ms]
2024-10-09 18:35:45.310 [warning] [Git][config] git config failed: Failed to execute git
2024-10-09 18:35:48.400 [info] > git ls-files --stage -- /home/jojomaverik/trash_bin.pml [2ms]
2024-10-09 18:35:48.403 [info] > git cat-file -s 02b959a7c867c3a8b53b9e2a108833c780ba6200 [1ms]
2024-10-09 18:35:48.465 [info] > git show --textconv :trash_bin.pml [4ms]
2024-10-09 18:35:49.097 [info] > git config --get commit.template [4ms]
2024-10-09 18:35:49.098 [info] > git for-each-ref --format=%(refname)%00%(upstream:short)%00%(objectname)%00%(upstream:track)%00%(upstream:remotename)%00%(upstream:remoteref) refs/heads/main refs/remotes/main [1ms]
2024-10-09 18:35:49.115 [info] > git for-each-ref --sort -committerdate --format %(refname) %(objectname) %(*objectname) [8ms]
2024-10-09 18:35:49.122 [info] > git status -z -uall [21ms]
2024-10-09 18:35:54.132 [info] > git config --get commit.template [4ms]
2024-10-09 18:35:54.133 [info] > git for-each-ref --format=%(refname)%00%(upstream:short)%00%(objectname)%00%(upstream:track)%00%(upstream:remotename)%00%(upstream:remoteref) refs/heads/main refs/remotes/main [1ms]
2024-10-09 18:35:54.141 [info] > git for-each-ref --sort -committerdate --format %(refname) %(objectname) %(*objectname) [1ms]
2024-10-09 18:35:54.150 [info] > git status -z -uall [15ms]
2024-10-09 18:35:59.166 [info] > git config --get commit.template [4ms]
2024-10-09 18:35:59.167 [info] > git for-each-ref --format=%(refname)%00%(upstream:short)%00%(objectname)%00%(upstream:track)%00%(upstream:remotename)%00%(upstream:remoteref) refs/heads/main refs/remotes/main [2ms]
2024-10-09 18:35:59.175 [info] > git for-each-ref --sort -committerdate --format %(refname) %(objectname) %(*objectname) [1ms]
2024-10-09 18:35:59.185 [info] > git status -z -uall [15ms]
2024-10-09 18:36:04.200 [info] > git config --get commit.template [5ms]
2024-10-09 18:36:04.201 [info] > git for-each-ref --format=%(refname)%00%(upstream:short)%00%(objectname)%00%(upstream:track)%00%(upstream:remotename)%00%(upstream:remoteref) refs/heads/main refs/remotes/main [2ms]
2024-10-09 18:36:04.211 [info] > git for-each-ref --sort -committerdate --format %(refname) %(objectname) %(*objectname) [3ms]
2024-10-09 18:36:04.228 [info] > git status -z -uall [24ms]
2024-10-09 18:36:09.236 [info] > git config --get commit.template [1ms]
2024-10-09 18:36:09.240 [info] > git for-each-ref --format=%(refname)%00%(upstream:short)%00%(objectname)%00%(upstream:track)%00%(upstream:remotename)%00%(upstream:remoteref) refs/heads/main refs/remotes/main [0ms]
2024-10-09 18:36:09.248 [info] > git for-each-ref --sort -committerdate --format %(refname) %(objectname) %(*objectname) [4ms]
2024-10-09 18:36:09.256 [info] > git status -z -uall [15ms]
2024-10-09 18:36:14.266 [info] > git config --get commit.template [3ms]
2024-10-09 18:36:14.267 [info] > git for-each-ref --format=%(refname)%00%(upstream:short)%00%(objectname)%00%(upstream:track)%00%(upstream:remotename)%00%(upstream:remoteref) refs/heads/main refs/remotes/main [1ms]
2024-10-09 18:36:14.274 [info] > git for-each-ref --sort -committerdate --format %(refname) %(objectname) %(*objectname) [3ms]
2024-10-09 18:36:14.281 [info] > git status -z -uall [12ms]
2024-10-09 18:36:14.796 [info] > git config --get commit.template [4ms]
2024-10-09 18:36:14.796 [info] > git for-each-ref --format=%(refname)%00%(upstream:short)%00%(objectname)%00%(upstream:track)%00%(upstream:remotename)%00%(upstream:remoteref) refs/heads/main refs/remotes/main [1ms]
2024-10-09 18:36:14.804 [info] > git for-each-ref --sort -committerdate --format %(refname) %(objectname) %(*objectname) [2ms]
2024-10-09 18:36:14.814 [info] > git status -z -uall [13ms]
2024-10-09 18:36:14.821 [info] > git merge-base refs/heads/main refs/remotes/origin/main [1ms]
2024-10-09 18:36:14.827 [info] > git diff --name-status -z --diff-filter=ADMR c19e396b367d5120760ee962b40140fcfc81ef28...refs/remotes/origin/main [3ms]
2024-10-09 18:36:14.867 [info] > git config --local branch.main.github-pr-owner-number [2ms]
2024-10-09 18:36:14.867 [warning] [Git][config] git config failed: Failed to execute git
2024-10-09 18:36:16.118 [info] > git ls-files --stage -- /home/jojomaverik/trash_bin.pml [3ms]
2024-10-09 18:36:16.122 [info] > git cat-file -s 02b959a7c867c3a8b53b9e2a108833c780ba6200 [1ms]
2024-10-09 18:36:16.132 [info] > git show --textconv :trash_bin.pml [2ms]
2024-10-09 18:36:19.298 [info] > git config --get commit.template [6ms]
2024-10-09 18:36:19.298 [info] > git for-each-ref --format=%(refname)%00%(upstream:short)%00%(objectname)%00%(upstream:track)%00%(upstream:remotename)%00%(upstream:remoteref) refs/heads/main refs/remotes/main [3ms]
2024-10-09 18:36:19.308 [info] > git for-each-ref --sort -committerdate --format %(refname) %(objectname) %(*objectname) [1ms]
2024-10-09 18:36:19.318 [info] > git status -z -uall [14ms]
2024-10-09 18:36:50.664 [info] > git config --get commit.template [5ms]
2024-10-09 18:36:50.666 [info] > git for-each-ref --format=%(refname)%00%(upstream:short)%00%(objectname)%00%(upstream:track)%00%(upstream:remotename)%00%(upstream:remoteref) refs/heads/main refs/remotes/main [2ms]
2024-10-09 18:36:50.673 [info] > git for-each-ref --sort -committerdate --format %(refname) %(objectname) %(*objectname) [1ms]
2024-10-09 18:36:50.681 [info] > git status -z -uall [12ms]
2024-10-09 18:36:55.698 [info] > git config --get commit.template [7ms]
2024-10-09 18:36:55.699 [info] > git for-each-ref --format=%(refname)%00%(upstream:short)%00%(objectname)%00%(upstream:track)%00%(upstream:remotename)%00%(upstream:remoteref) refs/heads/main refs/remotes/main [2ms]
2024-10-09 18:36:55.710 [info] > git for-each-ref --sort -committerdate --format %(refname) %(objectname) %(*objectname) [1ms]
2024-10-09 18:36:55.720 [info] > git status -z -uall [17ms]
2024-10-09 18:37:10.079 [info] > git config --get commit.template [8ms]
2024-10-09 18:37:10.080 [info] > git for-each-ref --format=%(refname)%00%(upstream:short)%00%(objectname)%00%(upstream:track)%00%(upstream:remotename)%00%(upstream:remoteref) refs/heads/main refs/remotes/main [2ms]
2024-10-09 18:37:10.089 [info] > git for-each-ref --sort -committerdate --format %(refname) %(objectname) %(*objectname) [1ms]
2024-10-09 18:37:10.097 [info] > git status -z -uall [13ms]
2024-10-09 18:37:15.108 [info] > git config --get commit.template [2ms]
2024-10-09 18:37:15.112 [info] > git for-each-ref --format=%(refname)%00%(upstream:short)%00%(objectname)%00%(upstream:track)%00%(upstream:remotename)%00%(upstream:remoteref) refs/heads/main refs/remotes/main [1ms]
2024-10-09 18:37:15.123 [info] > git for-each-ref --sort -committerdate --format %(refname) %(objectname) %(*objectname) [1ms]
2024-10-09 18:37:15.139 [info] > git status -z -uall [21ms]
2024-10-09 18:37:20.152 [info] > git config --get commit.template [3ms]
2024-10-09 18:37:20.152 [info] > git for-each-ref --format=%(refname)%00%(upstream:short)%00%(objectname)%00%(upstream:track)%00%(upstream:remotename)%00%(upstream:remoteref) refs/heads/main refs/remotes/main [1ms]
2024-10-09 18:37:20.164 [info] > git for-each-ref --sort -committerdate --format %(refname) %(objectname) %(*objectname) [2ms]
2024-10-09 18:37:20.176 [info] > git status -z -uall [20ms]
2024-10-09 18:37:25.186 [info] > git config --get commit.template [3ms]
2024-10-09 18:37:25.187 [info] > git for-each-ref --format=%(refname)%00%(upstream:short)%00%(objectname)%00%(upstream:track)%00%(upstream:remotename)%00%(upstream:remoteref) refs/heads/main refs/remotes/main [1ms]
2024-10-09 18:37:25.194 [info] > git for-each-ref --sort -committerdate --format %(refname) %(objectname) %(*objectname) [0ms]
2024-10-09 18:37:25.205 [info] > git status -z -uall [15ms]
2024-10-09 18:37:30.219 [info] > git config --get commit.template [4ms]
2024-10-09 18:37:30.219 [info] > git for-each-ref --format=%(refname)%00%(upstream:short)%00%(objectname)%00%(upstream:track)%00%(upstream:remotename)%00%(upstream:remoteref) refs/heads/main refs/remotes/main [1ms]
2024-10-09 18:37:30.229 [info] > git for-each-ref --sort -committerdate --format %(refname) %(objectname) %(*objectname) [1ms]
2024-10-09 18:37:30.242 [info] > git status -z -uall [19ms]
2024-10-09 18:37:35.256 [info] > git config --get commit.template [4ms]
2024-10-09 18:37:35.256 [info] > git for-each-ref --format=%(refname)%00%(upstream:short)%00%(objectname)%00%(upstream:track)%00%(upstream:remotename)%00%(upstream:remoteref) refs/heads/main refs/remotes/main [1ms]
2024-10-09 18:37:35.268 [info] > git for-each-ref --sort -committerdate --format %(refname) %(objectname) %(*objectname) [2ms]
2024-10-09 18:37:35.281 [info] > git status -z -uall [18ms]
2024-10-09 18:37:40.300 [info] > git config --get commit.template [4ms]
2024-10-09 18:37:40.301 [info] > git for-each-ref --format=%(refname)%00%(upstream:short)%00%(objectname)%00%(upstream:track)%00%(upstream:remotename)%00%(upstream:remoteref) refs/heads/main refs/remotes/main [1ms]
2024-10-09 18:37:40.310 [info] > git for-each-ref --sort -committerdate --format %(refname) %(objectname) %(*objectname) [0ms]
2024-10-09 18:37:40.324 [info] > git status -z -uall [19ms]
2024-10-09 18:37:45.338 [info] > git config --get commit.template [4ms]
2024-10-09 18:37:45.339 [info] > git for-each-ref --format=%(refname)%00%(upstream:short)%00%(objectname)%00%(upstream:track)%00%(upstream:remotename)%00%(upstream:remoteref) refs/heads/main refs/remotes/main [1ms]
2024-10-09 18:37:45.352 [info] > git for-each-ref --sort -committerdate --format %(refname) %(objectname) %(*objectname) [2ms]
2024-10-09 18:37:45.365 [info] > git status -z -uall [21ms]
2024-10-09 18:37:50.380 [info] > git config --get commit.template [4ms]
2024-10-09 18:37:50.382 [info] > git for-each-ref --format=%(refname)%00%(upstream:short)%00%(objectname)%00%(upstream:track)%00%(upstream:remotename)%00%(upstream:remoteref) refs/heads/main refs/remotes/main [3ms]
2024-10-09 18:37:50.393 [info] > git for-each-ref --sort -committerdate --format %(refname) %(objectname) %(*objectname) [1ms]
2024-10-09 18:37:50.411 [info] > git status -z -uall [22ms]
2024-10-09 18:37:55.424 [info] > git config --get commit.template [4ms]
2024-10-09 18:37:55.425 [info] > git for-each-ref --format=%(refname)%00%(upstream:short)%00%(objectname)%00%(upstream:track)%00%(upstream:remotename)%00%(upstream:remoteref) refs/heads/main refs/remotes/main [3ms]
2024-10-09 18:37:55.437 [info] > git for-each-ref --sort -committerdate --format %(refname) %(objectname) %(*objectname) [2ms]
2024-10-09 18:37:55.450 [info] > git status -z -uall [19ms]
2024-10-09 18:38:10.930 [info] > git config --get commit.template [2ms]
2024-10-09 18:38:10.930 [info] > git for-each-ref --format=%(refname)%00%(upstream:short)%00%(objectname)%00%(upstream:track)%00%(upstream:remotename)%00%(upstream:remoteref) refs/heads/main refs/remotes/main [1ms]
2024-10-09 18:38:10.939 [info] > git for-each-ref --sort -committerdate --format %(refname) %(objectname) %(*objectname) [3ms]
2024-10-09 18:38:10.946 [info] > git status -z -uall [12ms]
2024-10-09 18:38:15.959 [info] > git config --get commit.template [4ms]
2024-10-09 18:38:15.960 [info] > git for-each-ref --format=%(refname)%00%(upstream:short)%00%(objectname)%00%(upstream:track)%00%(upstream:remotename)%00%(upstream:remoteref) refs/heads/main refs/remotes/main [2ms]
2024-10-09 18:38:15.970 [info] > git for-each-ref --sort -committerdate --format %(refname) %(objectname) %(*objectname) [2ms]
2024-10-09 18:38:15.983 [info] > git status -z -uall [19ms]
2024-10-09 18:38:20.992 [info] > git config --get commit.template [3ms]
2024-10-09 18:38:20.993 [info] > git for-each-ref --format=%(refname)%00%(upstream:short)%00%(objectname)%00%(upstream:track)%00%(upstream:remotename)%00%(upstream:remoteref) refs/heads/main refs/remotes/main [1ms]
2024-10-09 18:38:21.000 [info] > git for-each-ref --sort -committerdate --format %(refname) %(objectname) %(*objectname) [1ms]
2024-10-09 18:38:21.009 [info] > git status -z -uall [13ms]
2024-10-09 18:38:26.025 [info] > git for-each-ref --format=%(refname)%00%(upstream:short)%00%(objectname)%00%(upstream:track)%00%(upstream:remotename)%00%(upstream:remoteref) refs/heads/main refs/remotes/main [2ms]
2024-10-09 18:38:26.025 [info] > git config --get commit.template [6ms]
2024-10-09 18:38:26.036 [info] > git for-each-ref --sort -committerdate --format %(refname) %(objectname) %(*objectname) [1ms]
2024-10-09 18:38:26.046 [info] > git status -z -uall [16ms]
2024-10-09 18:38:31.060 [info] > git for-each-ref --format=%(refname)%00%(upstream:short)%00%(objectname)%00%(upstream:track)%00%(upstream:remotename)%00%(upstream:remoteref) refs/heads/main refs/remotes/main [0ms]
2024-10-09 18:38:31.061 [info] > git config --get commit.template [6ms]
2024-10-09 18:38:31.073 [info] > git for-each-ref --sort -committerdate --format %(refname) %(objectname) %(*objectname) [1ms]
2024-10-09 18:38:31.083 [info] > git status -z -uall [16ms]
2024-10-09 18:38:36.098 [info] > git config --get commit.template [5ms]
2024-10-09 18:38:36.099 [info] > git for-each-ref --format=%(refname)%00%(upstream:short)%00%(objectname)%00%(upstream:track)%00%(upstream:remotename)%00%(upstream:remoteref) refs/heads/main refs/remotes/main [1ms]
2024-10-09 18:38:36.109 [info] > git for-each-ref --sort -committerdate --format %(refname) %(objectname) %(*objectname) [2ms]
2024-10-09 18:38:36.123 [info] > git status -z -uall [20ms]
2024-10-09 18:38:41.138 [info] > git config --get commit.template [4ms]
2024-10-09 18:38:41.140 [info] > git for-each-ref --format=%(refname)%00%(upstream:short)%00%(objectname)%00%(upstream:track)%00%(upstream:remotename)%00%(upstream:remoteref) refs/heads/main refs/remotes/main [1ms]
2024-10-09 18:38:41.152 [info] > git for-each-ref --sort -committerdate --format %(refname) %(objectname) %(*objectname) [4ms]
2024-10-09 18:38:41.168 [info] > git status -z -uall [23ms]
2024-10-09 18:38:46.185 [info] > git config --get commit.template [6ms]
2024-10-09 18:38:46.185 [info] > git for-each-ref --format=%(refname)%00%(upstream:short)%00%(objectname)%00%(upstream:track)%00%(upstream:remotename)%00%(upstream:remoteref) refs/heads/main refs/remotes/main [1ms]
2024-10-09 18:38:46.198 [info] > git for-each-ref --sort -committerdate --format %(refname) %(objectname) %(*objectname) [1ms]
2024-10-09 18:38:46.210 [info] > git status -z -uall [20ms]
2024-10-09 18:38:51.223 [info] > git config --get commit.template [5ms]
2024-10-09 18:38:51.224 [info] > git for-each-ref --format=%(refname)%00%(upstream:short)%00%(objectname)%00%(upstream:track)%00%(upstream:remotename)%00%(upstream:remoteref) refs/heads/main refs/remotes/main [2ms]
2024-10-09 18:38:51.233 [info] > git for-each-ref --sort -committerdate --format %(refname) %(objectname) %(*objectname) [2ms]
2024-10-09 18:38:51.248 [info] > git status -z -uall [20ms]
2024-10-09 18:38:56.263 [info] > git config --get commit.template [5ms]
2024-10-09 18:38:56.264 [info] > git for-each-ref --format=%(refname)%00%(upstream:short)%00%(objectname)%00%(upstream:track)%00%(upstream:remotename)%00%(upstream:remoteref) refs/heads/main refs/remotes/main [2ms]
2024-10-09 18:38:56.276 [info] > git for-each-ref --sort -committerdate --format %(refname) %(objectname) %(*objectname) [2ms]
2024-10-09 18:38:56.288 [info] > git status -z -uall [20ms]
2024-10-09 18:39:01.303 [info] > git config --get commit.template [5ms]
2024-10-09 18:39:01.304 [info] > git for-each-ref --format=%(refname)%00%(upstream:short)%00%(objectname)%00%(upstream:track)%00%(upstream:remotename)%00%(upstream:remoteref) refs/heads/main refs/remotes/main [2ms]
2024-10-09 18:39:01.314 [info] > git for-each-ref --sort -committerdate --format %(refname) %(objectname) %(*objectname) [2ms]
2024-10-09 18:39:01.332 [info] > git status -z -uall [24ms]
2024-10-09 18:39:06.345 [info] > git config --get commit.template [1ms]
2024-10-09 18:39:06.349 [info] > git for-each-ref --format=%(refname)%00%(upstream:short)%00%(objectname)%00%(upstream:track)%00%(upstream:remotename)%00%(upstream:remoteref) refs/heads/main refs/remotes/main [2ms]
2024-10-09 18:39:06.361 [info] > git for-each-ref --sort -committerdate --format %(refname) %(objectname) %(*objectname) [0ms]
2024-10-09 18:39:06.374 [info] > git status -z -uall [21ms]
2024-10-09 18:39:11.390 [info] > git config --get commit.template [4ms]
2024-10-09 18:39:11.391 [info] > git for-each-ref --format=%(refname)%00%(upstream:short)%00%(objectname)%00%(upstream:track)%00%(upstream:remotename)%00%(upstream:remoteref) refs/heads/main refs/remotes/main [1ms]
2024-10-09 18:39:11.405 [info] > git for-each-ref --sort -committerdate --format %(refname) %(objectname) %(*objectname) [3ms]
2024-10-09 18:39:11.417 [info] > git status -z -uall [22ms]
2024-10-09 18:39:23.409 [info] > git config --get commit.template [3ms]
2024-10-09 18:39:23.410 [info] > git for-each-ref --format=%(refname)%00%(upstream:short)%00%(objectname)%00%(upstream:track)%00%(upstream:remotename)%00%(upstream:remoteref) refs/heads/main refs/remotes/main [1ms]
2024-10-09 18:39:23.418 [info] > git for-each-ref --sort -committerdate --format %(refname) %(objectname) %(*objectname) [1ms]
2024-10-09 18:39:23.428 [info] > git status -z -uall [13ms]
2024-10-09 18:39:25.610 [info] > git ls-files --stage -- /home/jojomaverik/trash_bin.pml [3ms]
2024-10-09 18:39:25.614 [info] > git cat-file -s 02b959a7c867c3a8b53b9e2a108833c780ba6200 [2ms]
2024-10-09 18:39:25.626 [info] > git show --textconv :trash_bin.pml [3ms]
2024-10-09 18:39:29.613 [info] > git config --get commit.template [4ms]
2024-10-09 18:39:29.614 [info] > git for-each-ref --format=%(refname)%00%(upstream:short)%00%(objectname)%00%(upstream:track)%00%(upstream:remotename)%00%(upstream:remoteref) refs/heads/main refs/remotes/main [2ms]
2024-10-09 18:39:29.627 [info] > git for-each-ref --sort -committerdate --format %(refname) %(objectname) %(*objectname) [5ms]
2024-10-09 18:39:29.634 [info] > git status -z -uall [15ms]
2024-10-09 18:39:31.705 [info] > git check-ignore -v -z --stdin [4ms]
2024-10-09 18:39:35.110 [info] > git config --get commit.template [1ms]
2024-10-09 18:39:35.114 [info] > git for-each-ref --format=%(refname)%00%(upstream:short)%00%(objectname)%00%(upstream:track)%00%(upstream:remotename)%00%(upstream:remoteref) refs/heads/main refs/remotes/main [1ms]
2024-10-09 18:39:35.121 [info] > git for-each-ref --sort -committerdate --format %(refname) %(objectname) %(*objectname) [1ms]
2024-10-09 18:39:35.615 [info] > git status -z -uall [498ms]
2024-10-09 18:39:36.808 [info] > git config --get commit.template [4ms]
2024-10-09 18:39:36.815 [info] > git for-each-ref --format=%(refname)%00%(upstream:short)%00%(objectname)%00%(upstream:track)%00%(upstream:remotename)%00%(upstream:remoteref) refs/heads/main refs/remotes/main [3ms]
2024-10-09 18:39:36.827 [info] > git for-each-ref --sort -committerdate --format %(refname) %(objectname) %(*objectname) [1ms]
2024-10-09 18:39:37.325 [info] > git status -z -uall [505ms]
2024-10-09 18:39:40.298 [info] > git ls-files --stage -- /home/jojomaverik/trash_bin.pml [2ms]
2024-10-09 18:39:40.301 [info] > git cat-file -s 02b959a7c867c3a8b53b9e2a108833c780ba6200 [1ms]
2024-10-09 18:39:40.364 [info] > git show --textconv :trash_bin.pml [5ms]
2024-10-09 18:39:40.629 [info] > git config --get commit.template [4ms]
2024-10-09 18:39:40.630 [info] > git for-each-ref --format=%(refname)%00%(upstream:short)%00%(objectname)%00%(upstream:track)%00%(upstream:remotename)%00%(upstream:remoteref) refs/heads/main refs/remotes/main [1ms]
2024-10-09 18:39:40.639 [info] > git for-each-ref --sort -committerdate --format %(refname) %(objectname) %(*objectname) [0ms]
2024-10-09 18:39:41.102 [info] > git status -z -uall [469ms]
2024-10-09 18:39:41.461 [info] > git config --get commit.template [3ms]
2024-10-09 18:39:41.462 [info] > git for-each-ref --format=%(refname)%00%(upstream:short)%00%(objectname)%00%(upstream:track)%00%(upstream:remotename)%00%(upstream:remoteref) refs/heads/main refs/remotes/main [1ms]
2024-10-09 18:39:41.469 [info] > git for-each-ref --sort -committerdate --format %(refname) %(objectname) %(*objectname) [1ms]
2024-10-09 18:39:41.913 [info] > git status -z -uall [448ms]
2024-10-09 18:39:42.090 [info] > git merge-base refs/heads/main refs/remotes/origin/main [168ms]
2024-10-09 18:39:42.095 [info] > git diff --name-status -z --diff-filter=ADMR c19e396b367d5120760ee962b40140fcfc81ef28...refs/remotes/origin/main [1ms]
2024-10-09 18:39:42.106 [info] > git config --local branch.main.github-pr-owner-number [2ms]
2024-10-09 18:39:42.106 [warning] [Git][config] git config failed: Failed to execute git
2024-10-09 18:39:42.635 [info] > git ls-files --stage -- /home/jojomaverik/trash_bin.pml [3ms]
2024-10-09 18:39:42.639 [info] > git cat-file -s 02b959a7c867c3a8b53b9e2a108833c780ba6200 [1ms]
2024-10-09 18:39:42.649 [info] > git show --textconv :trash_bin.pml [2ms]
2024-10-09 18:39:46.118 [info] > git config --get commit.template [5ms]
2024-10-09 18:39:46.119 [info] > git for-each-ref --format=%(refname)%00%(upstream:short)%00%(objectname)%00%(upstream:track)%00%(upstream:remotename)%00%(upstream:remoteref) refs/heads/main refs/remotes/main [2ms]
2024-10-09 18:39:46.128 [info] > git for-each-ref --sort -committerdate --format %(refname) %(objectname) %(*objectname) [1ms]
2024-10-09 18:39:46.599 [info] > git status -z -uall [476ms]
2024-10-09 18:39:48.417 [info] > git config --get commit.template [3ms]
2024-10-09 18:39:48.417 [info] > git for-each-ref --format=%(refname)%00%(upstream:short)%00%(objectname)%00%(upstream:track)%00%(upstream:remotename)%00%(upstream:remoteref) refs/heads/main refs/remotes/main [1ms]
2024-10-09 18:39:48.424 [info] > git for-each-ref --sort -committerdate --format %(refname) %(objectname) %(*objectname) [0ms]
2024-10-09 18:39:48.868 [info] > git status -z -uall [447ms]
2024-10-09 18:39:48.875 [info] > git merge-base refs/heads/main refs/remotes/origin/main [1ms]
2024-10-09 18:39:48.884 [info] > git diff --name-status -z --diff-filter=ADMR 903f6b6b4fbcd3f160214c664db70c9ec5a71714...refs/remotes/origin/main [6ms]
2024-10-09 18:39:48.885 [info] > git config --local branch.main.github-pr-owner-number [1ms]
2024-10-09 18:39:48.885 [warning] [Git][config] git config failed: Failed to execute git
2024-10-09 18:39:49.652 [info] > git ls-files --stage -- /home/jojomaverik/trash_bin.pml [2ms]
2024-10-09 18:39:49.656 [info] > git cat-file -s 02b959a7c867c3a8b53b9e2a108833c780ba6200 [1ms]
2024-10-09 18:39:49.666 [info] > git show --textconv :trash_bin.pml [3ms]
2024-10-09 18:39:51.611 [info] > git config --get commit.template [1ms]
2024-10-09 18:39:51.619 [info] > git for-each-ref --format=%(refname)%00%(upstream:short)%00%(objectname)%00%(upstream:track)%00%(upstream:remotename)%00%(upstream:remoteref) refs/heads/main refs/remotes/main [3ms]
2024-10-09 18:39:51.629 [info] > git for-each-ref --sort -committerdate --format %(refname) %(objectname) %(*objectname) [1ms]
2024-10-09 18:39:52.208 [info] > git status -z -uall [581ms]
2024-10-09 19:18:50.702 [info] > git config --get commit.template [2ms]
2024-10-09 19:18:50.707 [info] > git for-each-ref --format=%(refname)%00%(upstream:short)%00%(objectname)%00%(upstream:track)%00%(upstream:remotename)%00%(upstream:remoteref) refs/heads/main refs/remotes/main [3ms]
2024-10-09 19:18:50.720 [info] > git for-each-ref --sort -committerdate --format %(refname) %(objectname) %(*objectname) [6ms]
2024-10-09 19:18:51.277 [info] > git status -z -uall [566ms]
