2024-10-09 18:07:53.008 [info] Extension host with pid 2802 started
2024-10-09 18:07:53.030 [info] Lock '/home/jojomaverik/.vscode-server/data/User/workspaceStorage/212baf6bcdd3d4ef4cd378ae34bae817/vscode.lock': Lock acquired.
2024-10-09 18:07:53.146 [info] ExtensionService#_doActivateExtension vscode.emmet, startup: false, activationEvent: 'onLanguage'
2024-10-09 18:07:53.149 [info] ExtensionService#_doActivateExtension dsvictor94.promela, startup: false, activationEvent: 'onLanguage:promela'
2024-10-09 18:07:53.215 [info] ExtensionService#_doActivateExtension vscode.git-base, startup: true, activationEvent: '*', root cause: vscode.git
2024-10-09 18:07:53.215 [info] ExtensionService#_doActivateExtension howardzuo.vscode-git-tags, startup: true, activationEvent: '*'
2024-10-09 18:07:53.215 [info] ExtensionService#_doActivateExtension mhutchie.git-graph, startup: true, activationEvent: '*'
2024-10-09 18:07:53.279 [info] ExtensionService#_doActivateExtension vscode.git, startup: true, activationEvent: '*'
2024-10-09 18:07:53.279 [info] ExtensionService#_doActivateExtension vscode.github, startup: true, activationEvent: '*'
2024-10-09 18:07:53.679 [info] Eager extensions activated
2024-10-09 18:07:53.679 [info] ExtensionService#_doActivateExtension vscode.debug-auto-launch, startup: false, activationEvent: 'onStartupFinished'
2024-10-09 18:07:53.679 [info] ExtensionService#_doActivateExtension vscode.merge-conflict, startup: false, activationEvent: 'onStartupFinished'
2024-10-09 18:07:53.680 [info] ExtensionService#_doActivateExtension eamodio.gitlens, startup: false, activationEvent: 'onStartupFinished'
2024-10-09 18:07:54.021 [info] ExtensionService#_doActivateExtension ms-vsliveshare.vsliveshare, startup: false, activationEvent: 'api', root cause: eamodio.gitlens
2024-10-09 18:07:54.458 [info] ExtensionService#_doActivateExtension GitHub.vscode-pull-request-github, startup: false, activationEvent: 'onStartupFinished'
2024-10-09 18:26:20.469 [info] ExtensionService#_doActivateExtension vscode.npm, startup: false, activationEvent: 'onTerminalQuickFixRequest:ms-vscode.npm-command'
2024-10-09 18:26:25.751 [info] ExtensionService#_doActivateExtension vscode.configuration-editing, startup: false, activationEvent: 'onLanguage:json'
2024-10-09 18:26:25.751 [info] ExtensionService#_doActivateExtension vscode.extension-editing, startup: false, activationEvent: 'onLanguage:json'
2024-10-09 18:26:25.751 [info] ExtensionService#_doActivateExtension vscode.json-language-features, startup: false, activationEvent: 'onLanguage:json'
2024-10-09 18:27:46.201 [warning] [Decorations] CAPPING events from decorations provider vscode.git 3989
2024-10-09 18:27:46.629 [warning] [Decorations] CAPPING events from decorations provider vscode.git 3989
2024-10-09 18:27:48.741 [warning] [Decorations] CAPPING events from decorations provider vscode.git 3989
2024-10-09 18:27:55.670 [warning] [Decorations] CAPPING events from decorations provider vscode.git 3989
2024-10-09 18:28:00.727 [warning] [Decorations] CAPPING events from decorations provider vscode.git 3989
2024-10-09 18:28:05.778 [warning] [Decorations] CAPPING events from decorations provider vscode.git 3990
2024-10-09 18:28:10.858 [warning] [Decorations] CAPPING events from decorations provider vscode.git 3990
2024-10-09 18:28:15.926 [warning] [Decorations] CAPPING events from decorations provider vscode.git 3990
2024-10-09 18:28:20.995 [warning] [Decorations] CAPPING events from decorations provider vscode.git 3990
2024-10-09 18:28:26.072 [warning] [Decorations] CAPPING events from decorations provider vscode.git 3990
2024-10-09 18:28:31.134 [warning] [Decorations] CAPPING events from decorations provider vscode.git 3990
2024-10-09 18:28:40.054 [warning] [Decorations] CAPPING events from decorations provider vscode.git 3990
2024-10-09 18:28:45.119 [warning] [Decorations] CAPPING events from decorations provider vscode.git 3990
2024-10-09 18:28:50.194 [warning] [Decorations] CAPPING events from decorations provider vscode.git 3990
2024-10-09 18:28:55.267 [warning] [Decorations] CAPPING events from decorations provider vscode.git 3990
2024-10-09 18:29:04.783 [warning] [Decorations] CAPPING events from decorations provider vscode.git 3990
2024-10-09 18:29:28.211 [warning] [Decorations] CAPPING events from decorations provider vscode.git 3990
2024-10-09 18:29:36.232 [warning] [Decorations] CAPPING events from decorations provider vscode.git 3990
