2024-10-13 00:22:51.542 [info] Extension host with pid 310 started
2024-10-13 00:22:51.558 [info] Lock '/home/jojomaverik/.vscode-server/data/User/workspaceStorage/212baf6bcdd3d4ef4cd378ae34bae817/vscode.lock': Lock acquired.
2024-10-13 00:22:51.631 [info] ExtensionService#_doActivateExtension vscode.emmet, startup: false, activationEvent: 'onLanguage'
2024-10-13 00:22:51.632 [info] ExtensionService#_doActivateExtension dsvictor94.promela, startup: false, activationEvent: 'onLanguage:promela'
2024-10-13 00:22:51.714 [info] ExtensionService#_doActivateExtension vscode.git-base, startup: true, activationEvent: '*', root cause: vscode.git
2024-10-13 00:22:51.714 [info] ExtensionService#_doActivateExtension howardzuo.vscode-git-tags, startup: true, activationEvent: '*'
2024-10-13 00:22:51.714 [info] ExtensionService#_doActivateExtension mhutchie.git-graph, startup: true, activationEvent: '*'
2024-10-13 00:22:51.805 [info] ExtensionService#_doActivateExtension vscode.git, startup: true, activationEvent: '*'
2024-10-13 00:22:51.805 [info] ExtensionService#_doActivateExtension vscode.github, startup: true, activationEvent: '*'
2024-10-13 00:22:51.966 [info] Eager extensions activated
2024-10-13 00:22:51.967 [info] ExtensionService#_doActivateExtension vscode.debug-auto-launch, startup: false, activationEvent: 'onStartupFinished'
2024-10-13 00:22:51.967 [info] ExtensionService#_doActivateExtension vscode.merge-conflict, startup: false, activationEvent: 'onStartupFinished'
2024-10-13 00:22:51.967 [info] ExtensionService#_doActivateExtension eamodio.gitlens, startup: false, activationEvent: 'onStartupFinished'
2024-10-13 00:22:52.218 [warning] [Decorations] CAPPING events from decorations provider vscode.git 4070
2024-10-13 00:22:52.485 [info] ExtensionService#_doActivateExtension ms-vsliveshare.vsliveshare, startup: false, activationEvent: 'api', root cause: eamodio.gitlens
2024-10-13 00:22:52.916 [warning] [Decorations] CAPPING events from decorations provider vscode.git 4072
2024-10-13 00:22:52.957 [info] ExtensionService#_doActivateExtension GitHub.vscode-pull-request-github, startup: false, activationEvent: 'onStartupFinished'
2024-10-13 00:22:56.958 [warning] [Decorations] CAPPING events from decorations provider vscode.git 4073
2024-10-13 00:23:02.031 [warning] [Decorations] CAPPING events from decorations provider vscode.git 4073
2024-10-13 00:23:07.085 [warning] [Decorations] CAPPING events from decorations provider vscode.git 4073
2024-10-13 00:23:12.150 [warning] [Decorations] CAPPING events from decorations provider vscode.git 4073
2024-10-13 00:23:53.319 [warning] [Decorations] CAPPING events from decorations provider vscode.git 4073
2024-10-13 00:23:57.746 [warning] [Decorations] CAPPING events from decorations provider vscode.git 4073
2024-10-13 00:23:58.456 [warning] [Decorations] CAPPING events from decorations provider vscode.git 4073
2024-10-13 00:24:04.386 [warning] [Decorations] CAPPING events from decorations provider vscode.git 4073
2024-10-13 00:24:09.513 [warning] [Decorations] CAPPING events from decorations provider vscode.git 4073
2024-10-13 00:24:14.643 [warning] [Decorations] CAPPING events from decorations provider vscode.git 4073
2024-10-13 00:24:19.759 [warning] [Decorations] CAPPING events from decorations provider vscode.git 4073
2024-10-13 00:24:36.236 [warning] [Decorations] CAPPING events from decorations provider vscode.git 4073
2024-10-13 00:27:13.868 [warning] [Decorations] CAPPING events from decorations provider vscode.git 4073
2024-10-13 00:27:18.991 [warning] [Decorations] CAPPING events from decorations provider vscode.git 4073
2024-10-13 00:28:21.483 [warning] [Decorations] CAPPING events from decorations provider vscode.git 4073
2024-10-13 00:28:26.598 [warning] [Decorations] CAPPING events from decorations provider vscode.git 4073
2024-10-13 00:28:31.735 [warning] [Decorations] CAPPING events from decorations provider vscode.git 4073
2024-10-13 00:28:36.879 [warning] [Decorations] CAPPING events from decorations provider vscode.git 4073
2024-10-13 00:28:42.016 [warning] [Decorations] CAPPING events from decorations provider vscode.git 4073
2024-10-13 00:28:47.158 [warning] [Decorations] CAPPING events from decorations provider vscode.git 4073
2024-10-13 00:28:52.296 [warning] [Decorations] CAPPING events from decorations provider vscode.git 4073
2024-10-13 00:28:57.419 [warning] [Decorations] CAPPING events from decorations provider vscode.git 4073
2024-10-13 00:29:02.555 [warning] [Decorations] CAPPING events from decorations provider vscode.git 4073
2024-10-13 00:29:07.679 [warning] [Decorations] CAPPING events from decorations provider vscode.git 4073
2024-10-13 00:29:12.818 [warning] [Decorations] CAPPING events from decorations provider vscode.git 4073
2024-10-13 00:29:17.944 [warning] [Decorations] CAPPING events from decorations provider vscode.git 4073
2024-10-13 00:29:23.066 [warning] [Decorations] CAPPING events from decorations provider vscode.git 4073
2024-10-13 00:29:28.164 [warning] [Decorations] CAPPING events from decorations provider vscode.git 4073
2024-10-13 00:29:33.290 [warning] [Decorations] CAPPING events from decorations provider vscode.git 4073
2024-10-13 00:29:38.391 [warning] [Decorations] CAPPING events from decorations provider vscode.git 4073
2024-10-13 00:29:43.512 [warning] [Decorations] CAPPING events from decorations provider vscode.git 4073
2024-10-13 00:29:48.639 [warning] [Decorations] CAPPING events from decorations provider vscode.git 4073
2024-10-13 00:29:53.746 [warning] [Decorations] CAPPING events from decorations provider vscode.git 4073
2024-10-13 00:29:58.852 [warning] [Decorations] CAPPING events from decorations provider vscode.git 4073
2024-10-13 00:30:03.984 [warning] [Decorations] CAPPING events from decorations provider vscode.git 4073
2024-10-13 00:30:09.118 [warning] [Decorations] CAPPING events from decorations provider vscode.git 4073
2024-10-13 00:30:14.235 [warning] [Decorations] CAPPING events from decorations provider vscode.git 4073
2024-10-13 00:30:19.383 [warning] [Decorations] CAPPING events from decorations provider vscode.git 4073
2024-10-13 00:30:24.522 [warning] [Decorations] CAPPING events from decorations provider vscode.git 4073
2024-10-13 00:30:29.633 [warning] [Decorations] CAPPING events from decorations provider vscode.git 4073
2024-10-13 00:30:34.768 [warning] [Decorations] CAPPING events from decorations provider vscode.git 4073
2024-10-13 00:30:39.872 [warning] [Decorations] CAPPING events from decorations provider vscode.git 4073
2024-10-13 00:30:44.983 [warning] [Decorations] CAPPING events from decorations provider vscode.git 4073
2024-10-13 00:30:50.108 [warning] [Decorations] CAPPING events from decorations provider vscode.git 4073
2024-10-13 00:30:55.669 [warning] [Decorations] CAPPING events from decorations provider vscode.git 4073
2024-10-13 00:31:00.804 [warning] [Decorations] CAPPING events from decorations provider vscode.git 4073
2024-10-13 00:31:05.904 [warning] [Decorations] CAPPING events from decorations provider vscode.git 4073
2024-10-13 00:31:11.036 [warning] [Decorations] CAPPING events from decorations provider vscode.git 4073
2024-10-13 00:31:16.145 [warning] [Decorations] CAPPING events from decorations provider vscode.git 4073
2024-10-13 00:31:21.268 [warning] [Decorations] CAPPING events from decorations provider vscode.git 4073
2024-10-13 00:31:26.395 [warning] [Decorations] CAPPING events from decorations provider vscode.git 4073
2024-10-13 00:31:31.530 [warning] [Decorations] CAPPING events from decorations provider vscode.git 4073
2024-10-13 00:31:36.674 [warning] [Decorations] CAPPING events from decorations provider vscode.git 4073
2024-10-13 00:31:41.813 [warning] [Decorations] CAPPING events from decorations provider vscode.git 4073
2024-10-13 00:31:46.920 [warning] [Decorations] CAPPING events from decorations provider vscode.git 4073
2024-10-13 00:31:52.056 [warning] [Decorations] CAPPING events from decorations provider vscode.git 4073
2024-10-13 00:31:57.159 [warning] [Decorations] CAPPING events from decorations provider vscode.git 4073
2024-10-13 00:32:02.281 [warning] [Decorations] CAPPING events from decorations provider vscode.git 4073
2024-10-13 00:32:07.408 [warning] [Decorations] CAPPING events from decorations provider vscode.git 4073
2024-10-13 00:32:12.549 [warning] [Decorations] CAPPING events from decorations provider vscode.git 4073
2024-10-13 00:32:17.686 [warning] [Decorations] CAPPING events from decorations provider vscode.git 4073
2024-10-13 00:32:22.819 [warning] [Decorations] CAPPING events from decorations provider vscode.git 4073
2024-10-13 00:32:27.949 [warning] [Decorations] CAPPING events from decorations provider vscode.git 4073
2024-10-13 00:32:33.071 [warning] [Decorations] CAPPING events from decorations provider vscode.git 4073
2024-10-13 00:32:38.196 [warning] [Decorations] CAPPING events from decorations provider vscode.git 4076
2024-10-13 00:32:43.344 [warning] [Decorations] CAPPING events from decorations provider vscode.git 4076
2024-10-13 00:32:48.457 [warning] [Decorations] CAPPING events from decorations provider vscode.git 4076
2024-10-13 00:32:53.584 [warning] [Decorations] CAPPING events from decorations provider vscode.git 4076
2024-10-13 00:32:58.716 [warning] [Decorations] CAPPING events from decorations provider vscode.git 4076
2024-10-13 00:33:03.826 [warning] [Decorations] CAPPING events from decorations provider vscode.git 4076
2024-10-13 00:33:08.928 [warning] [Decorations] CAPPING events from decorations provider vscode.git 4076
2024-10-13 00:33:14.066 [warning] [Decorations] CAPPING events from decorations provider vscode.git 4076
2024-10-13 00:33:19.200 [warning] [Decorations] CAPPING events from decorations provider vscode.git 4076
2024-10-13 00:33:24.331 [warning] [Decorations] CAPPING events from decorations provider vscode.git 4076
2024-10-13 00:33:29.447 [warning] [Decorations] CAPPING events from decorations provider vscode.git 4076
2024-10-13 00:33:34.589 [warning] [Decorations] CAPPING events from decorations provider vscode.git 4076
2024-10-13 00:33:39.713 [warning] [Decorations] CAPPING events from decorations provider vscode.git 4076
2024-10-13 00:33:44.859 [warning] [Decorations] CAPPING events from decorations provider vscode.git 4076
2024-10-13 00:33:49.972 [warning] [Decorations] CAPPING events from decorations provider vscode.git 4076
2024-10-13 00:33:55.086 [warning] [Decorations] CAPPING events from decorations provider vscode.git 4083
2024-10-13 00:34:00.240 [warning] [Decorations] CAPPING events from decorations provider vscode.git 4091
2024-10-13 00:34:05.368 [warning] [Decorations] CAPPING events from decorations provider vscode.git 4090
2024-10-13 00:34:10.496 [warning] [Decorations] CAPPING events from decorations provider vscode.git 4090
2024-10-13 00:34:15.644 [warning] [Decorations] CAPPING events from decorations provider vscode.git 4090
2024-10-13 00:35:14.111 [warning] [Decorations] CAPPING events from decorations provider vscode.git 4090
2024-10-13 00:35:19.242 [warning] [Decorations] CAPPING events from decorations provider vscode.git 4090
2024-10-13 00:35:24.405 [warning] [Decorations] CAPPING events from decorations provider vscode.git 4090
2024-10-13 00:35:29.544 [warning] [Decorations] CAPPING events from decorations provider vscode.git 4090
2024-10-13 00:35:36.261 [warning] [Decorations] CAPPING events from decorations provider vscode.git 4090
2024-10-13 00:36:30.563 [warning] [Decorations] CAPPING events from decorations provider vscode.git 4090
2024-10-13 00:36:35.701 [warning] [Decorations] CAPPING events from decorations provider vscode.git 4090
2024-10-13 00:36:40.845 [warning] [Decorations] CAPPING events from decorations provider vscode.git 4090
2024-10-13 00:38:11.919 [warning] [Decorations] CAPPING events from decorations provider vscode.git 4090
2024-10-13 00:38:17.093 [warning] [Decorations] CAPPING events from decorations provider vscode.git 4090
2024-10-13 00:38:22.263 [warning] [Decorations] CAPPING events from decorations provider vscode.git 4090
2024-10-13 00:38:27.436 [warning] [Decorations] CAPPING events from decorations provider vscode.git 4090
2024-10-13 00:38:32.607 [warning] [Decorations] CAPPING events from decorations provider vscode.git 4090
2024-10-13 00:38:52.748 [warning] [Decorations] CAPPING events from decorations provider vscode.git 4090
2024-10-13 00:38:57.879 [warning] [Decorations] CAPPING events from decorations provider vscode.git 4090
2024-10-13 00:39:04.203 [warning] [Decorations] CAPPING events from decorations provider vscode.git 4090
2024-10-13 00:39:49.439 [warning] [Decorations] CAPPING events from decorations provider vscode.git 4090
2024-10-13 00:39:54.591 [warning] [Decorations] CAPPING events from decorations provider vscode.git 4090
2024-10-13 00:40:01.185 [warning] [Decorations] CAPPING events from decorations provider vscode.git 4090
2024-10-13 00:40:28.422 [warning] [Decorations] CAPPING events from decorations provider vscode.git 4090
2024-10-13 00:40:33.559 [warning] [Decorations] CAPPING events from decorations provider vscode.git 4090
2024-10-13 00:40:38.697 [warning] [Decorations] CAPPING events from decorations provider vscode.git 4090
2024-10-13 00:40:43.846 [warning] [Decorations] CAPPING events from decorations provider vscode.git 4090
2024-10-13 00:40:49.368 [warning] [Decorations] CAPPING events from decorations provider vscode.git 4090
2024-10-13 00:40:54.479 [warning] [Decorations] CAPPING events from decorations provider vscode.git 4090
2024-10-13 00:40:59.613 [warning] [Decorations] CAPPING events from decorations provider vscode.git 4090
2024-10-13 00:41:05.263 [warning] [Decorations] CAPPING events from decorations provider vscode.git 4090
2024-10-13 00:41:18.932 [warning] [Decorations] CAPPING events from decorations provider vscode.git 4090
2024-10-13 00:42:14.106 [warning] [Decorations] CAPPING events from decorations provider vscode.git 4090
2024-10-13 00:42:19.230 [warning] [Decorations] CAPPING events from decorations provider vscode.git 4090
2024-10-13 00:42:26.755 [warning] [Decorations] CAPPING events from decorations provider vscode.git 4091
2024-10-13 00:42:31.883 [warning] [Decorations] CAPPING events from decorations provider vscode.git 4091
2024-10-13 00:42:37.047 [warning] [Decorations] CAPPING events from decorations provider vscode.git 4091
2024-10-13 00:42:42.182 [warning] [Decorations] CAPPING events from decorations provider vscode.git 4091
2024-10-13 00:42:47.304 [warning] [Decorations] CAPPING events from decorations provider vscode.git 4091
2024-10-13 00:42:52.458 [warning] [Decorations] CAPPING events from decorations provider vscode.git 4091
2024-10-13 00:44:16.314 [warning] [Decorations] CAPPING events from decorations provider vscode.git 4091
2024-10-13 00:44:21.436 [warning] [Decorations] CAPPING events from decorations provider vscode.git 4091
2024-10-13 00:44:26.571 [warning] [Decorations] CAPPING events from decorations provider vscode.git 4091
2024-10-13 00:44:31.701 [warning] [Decorations] CAPPING events from decorations provider vscode.git 4091
2024-10-13 00:44:41.228 [warning] [Decorations] CAPPING events from decorations provider vscode.git 4092
2024-10-13 00:44:46.389 [warning] [Decorations] CAPPING events from decorations provider vscode.git 4092
2024-10-13 00:44:51.504 [warning] [Decorations] CAPPING events from decorations provider vscode.git 4093
2024-10-13 00:45:03.321 [warning] [Decorations] CAPPING events from decorations provider vscode.git 4093
2024-10-13 00:45:08.452 [warning] [Decorations] CAPPING events from decorations provider vscode.git 4093
2024-10-13 00:45:13.604 [warning] [Decorations] CAPPING events from decorations provider vscode.git 4093
2024-10-13 00:45:18.720 [warning] [Decorations] CAPPING events from decorations provider vscode.git 4093
2024-10-13 00:45:27.416 [warning] [Decorations] CAPPING events from decorations provider vscode.git 4094
2024-10-13 00:45:32.544 [warning] [Decorations] CAPPING events from decorations provider vscode.git 4095
2024-10-13 00:45:52.349 [warning] [Decorations] CAPPING events from decorations provider vscode.git 4095
2024-10-13 00:45:57.475 [warning] [Decorations] CAPPING events from decorations provider vscode.git 4095
2024-10-13 00:46:02.606 [warning] [Decorations] CAPPING events from decorations provider vscode.git 4095
2024-10-13 00:46:07.784 [warning] [Decorations] CAPPING events from decorations provider vscode.git 4095
2024-10-13 00:46:13.022 [warning] [Decorations] CAPPING events from decorations provider vscode.git 4095
2024-10-13 00:46:18.156 [warning] [Decorations] CAPPING events from decorations provider vscode.git 4088
2024-10-13 00:46:37.939 [warning] [Decorations] CAPPING events from decorations provider vscode.git 4088
2024-10-13 00:46:42.811 [warning] TextEditor is closed/disposed
2024-10-13 00:46:43.084 [warning] [Decorations] CAPPING events from decorations provider vscode.git 4088
2024-10-13 00:46:48.241 [warning] [Decorations] CAPPING events from decorations provider vscode.git 4088
2024-10-13 00:46:49.550 [warning] TextEditor is closed/disposed
2024-10-13 00:47:06.574 [warning] [Decorations] CAPPING events from decorations provider vscode.git 4088
2024-10-13 00:47:08.747 [warning] TextEditor is closed/disposed
2024-10-13 00:47:11.698 [warning] [Decorations] CAPPING events from decorations provider vscode.git 4088
2024-10-13 00:47:12.004 [warning] TextEditor is closed/disposed
2024-10-13 00:47:22.865 [warning] [Decorations] CAPPING events from decorations provider vscode.git 4088
2024-10-13 00:47:33.088 [warning] [Decorations] CAPPING events from decorations provider vscode.git 4088
2024-10-13 00:47:38.224 [warning] [Decorations] CAPPING events from decorations provider vscode.git 4088
2024-10-13 00:47:43.359 [warning] [Decorations] CAPPING events from decorations provider vscode.git 4088
2024-10-13 00:47:48.473 [warning] [Decorations] CAPPING events from decorations provider vscode.git 4088
2024-10-13 00:48:13.024 [warning] [Decorations] CAPPING events from decorations provider vscode.git 4088
2024-10-13 00:48:18.138 [warning] [Decorations] CAPPING events from decorations provider vscode.git 4088
2024-10-13 00:48:23.286 [warning] [Decorations] CAPPING events from decorations provider vscode.git 4088
2024-10-13 00:50:42.585 [warning] [Decorations] CAPPING events from decorations provider vscode.git 4088
2024-10-13 00:50:47.772 [warning] [Decorations] CAPPING events from decorations provider vscode.git 4088
2024-10-13 00:50:52.905 [warning] [Decorations] CAPPING events from decorations provider vscode.git 4088
2024-10-13 00:50:58.042 [warning] [Decorations] CAPPING events from decorations provider vscode.git 4088
2024-10-13 00:51:03.168 [warning] [Decorations] CAPPING events from decorations provider vscode.git 4088
2024-10-13 00:51:08.289 [warning] [Decorations] CAPPING events from decorations provider vscode.git 4088
2024-10-13 00:51:14.753 [warning] [Decorations] CAPPING events from decorations provider vscode.git 4089
2024-10-13 00:51:19.885 [warning] [Decorations] CAPPING events from decorations provider vscode.git 4089
2024-10-13 00:51:25.025 [warning] [Decorations] CAPPING events from decorations provider vscode.git 4089
2024-10-13 00:51:30.157 [warning] [Decorations] CAPPING events from decorations provider vscode.git 4089
2024-10-13 00:51:35.297 [warning] [Decorations] CAPPING events from decorations provider vscode.git 4089
2024-10-13 00:51:40.781 [warning] [Decorations] CAPPING events from decorations provider vscode.git 4089
2024-10-13 00:51:45.900 [warning] [Decorations] CAPPING events from decorations provider vscode.git 4089
2024-10-13 00:51:51.019 [warning] [Decorations] CAPPING events from decorations provider vscode.git 4089
2024-10-13 00:51:57.382 [warning] [Decorations] CAPPING events from decorations provider vscode.git 4089
2024-10-13 00:52:02.499 [warning] [Decorations] CAPPING events from decorations provider vscode.git 4089
2024-10-13 00:52:07.598 [warning] [Decorations] CAPPING events from decorations provider vscode.git 4089
2024-10-13 00:52:12.764 [warning] [Decorations] CAPPING events from decorations provider vscode.git 4089
2024-10-13 00:53:07.710 [warning] [Decorations] CAPPING events from decorations provider vscode.git 4089
2024-10-13 00:53:12.856 [warning] [Decorations] CAPPING events from decorations provider vscode.git 4089
2024-10-13 00:53:18.015 [warning] [Decorations] CAPPING events from decorations provider vscode.git 4089
2024-10-13 00:53:23.143 [warning] [Decorations] CAPPING events from decorations provider vscode.git 4089
2024-10-13 00:53:29.657 [warning] [Decorations] CAPPING events from decorations provider vscode.git 4090
2024-10-13 00:53:34.806 [warning] [Decorations] CAPPING events from decorations provider vscode.git 4090
2024-10-13 00:53:39.906 [warning] [Decorations] CAPPING events from decorations provider vscode.git 4090
2024-10-13 00:53:45.662 [warning] [Decorations] CAPPING events from decorations provider vscode.git 4090
2024-10-13 00:53:50.783 [warning] [Decorations] CAPPING events from decorations provider vscode.git 4090
2024-10-13 00:53:55.918 [warning] [Decorations] CAPPING events from decorations provider vscode.git 4090
2024-10-13 00:54:01.080 [warning] [Decorations] CAPPING events from decorations provider vscode.git 4090
2024-10-13 00:54:38.310 [warning] [Decorations] CAPPING events from decorations provider vscode.git 4090
2024-10-13 00:54:43.442 [warning] [Decorations] CAPPING events from decorations provider vscode.git 4090
2024-10-13 00:54:48.593 [warning] [Decorations] CAPPING events from decorations provider vscode.git 4090
2024-10-13 00:54:50.973 [info] ExtensionService#_doActivateExtension vscode.npm, startup: false, activationEvent: 'onTerminalQuickFixRequest:ms-vscode.npm-command'
2024-10-13 00:54:56.112 [warning] [Decorations] CAPPING events from decorations provider vscode.git 4090
2024-10-13 00:54:56.547 [info] ExtensionService#_doActivateExtension vscode.configuration-editing, startup: false, activationEvent: 'onLanguage:json'
2024-10-13 00:54:56.547 [info] ExtensionService#_doActivateExtension vscode.extension-editing, startup: false, activationEvent: 'onLanguage:json'
2024-10-13 00:54:56.547 [info] ExtensionService#_doActivateExtension vscode.json-language-features, startup: false, activationEvent: 'onLanguage:json'
2024-10-13 00:55:01.271 [warning] [Decorations] CAPPING events from decorations provider vscode.git 4091
2024-10-13 00:55:06.448 [warning] [Decorations] CAPPING events from decorations provider vscode.git 4091
2024-10-13 00:56:03.445 [warning] [Decorations] CAPPING events from decorations provider vscode.git 4091
2024-10-13 00:56:08.575 [warning] [Decorations] CAPPING events from decorations provider vscode.git 4091
2024-10-13 00:56:13.738 [warning] [Decorations] CAPPING events from decorations provider vscode.git 4091
2024-10-13 00:56:18.860 [warning] [Decorations] CAPPING events from decorations provider vscode.git 4092
2024-10-13 00:56:27.379 [warning] [Decorations] CAPPING events from decorations provider vscode.git 4092
2024-10-13 00:56:32.498 [warning] [Decorations] CAPPING events from decorations provider vscode.git 4092
2024-10-13 00:56:37.657 [warning] [Decorations] CAPPING events from decorations provider vscode.git 4092
2024-10-13 00:56:42.793 [warning] [Decorations] CAPPING events from decorations provider vscode.git 4092
2024-10-13 00:56:47.908 [warning] [Decorations] CAPPING events from decorations provider vscode.git 4092
2024-10-13 01:01:48.546 [warning] [Decorations] CAPPING events from decorations provider vscode.git 4092
2024-10-13 01:01:53.674 [warning] [Decorations] CAPPING events from decorations provider vscode.git 4092
2024-10-13 01:01:58.795 [warning] [Decorations] CAPPING events from decorations provider vscode.git 4093
2024-10-13 01:02:03.919 [warning] [Decorations] CAPPING events from decorations provider vscode.git 4093
2024-10-13 01:02:09.058 [warning] [Decorations] CAPPING events from decorations provider vscode.git 4093
2024-10-13 01:02:14.197 [warning] [Decorations] CAPPING events from decorations provider vscode.git 4093
2024-10-13 01:02:19.331 [warning] [Decorations] CAPPING events from decorations provider vscode.git 4093
2024-10-13 01:02:24.466 [warning] [Decorations] CAPPING events from decorations provider vscode.git 4093
2024-10-13 01:03:11.997 [warning] [Decorations] CAPPING events from decorations provider vscode.git 4093
2024-10-13 01:03:17.127 [warning] [Decorations] CAPPING events from decorations provider vscode.git 4093
2024-10-13 01:03:22.254 [warning] [Decorations] CAPPING events from decorations provider vscode.git 4093
2024-10-13 01:03:27.392 [warning] [Decorations] CAPPING events from decorations provider vscode.git 4094
2024-10-13 01:03:32.521 [warning] [Decorations] CAPPING events from decorations provider vscode.git 4094
2024-10-13 01:03:37.628 [warning] [Decorations] CAPPING events from decorations provider vscode.git 4094
2024-10-13 01:03:42.756 [warning] [Decorations] CAPPING events from decorations provider vscode.git 4094
2024-10-13 01:04:07.356 [warning] [Decorations] CAPPING events from decorations provider vscode.git 4094
2024-10-13 01:04:12.513 [warning] [Decorations] CAPPING events from decorations provider vscode.git 4094
2024-10-13 01:04:17.726 [warning] [Decorations] CAPPING events from decorations provider vscode.git 4094
2024-10-13 01:04:22.857 [warning] [Decorations] CAPPING events from decorations provider vscode.git 4094
2024-10-13 01:04:27.989 [warning] [Decorations] CAPPING events from decorations provider vscode.git 4094
2024-10-13 01:04:33.112 [warning] [Decorations] CAPPING events from decorations provider vscode.git 4094
2024-10-13 01:04:38.231 [warning] [Decorations] CAPPING events from decorations provider vscode.git 4094
2024-10-13 01:04:43.347 [warning] [Decorations] CAPPING events from decorations provider vscode.git 4094
2024-10-13 01:04:48.480 [warning] [Decorations] CAPPING events from decorations provider vscode.git 4094
2024-10-13 01:04:53.605 [warning] [Decorations] CAPPING events from decorations provider vscode.git 4094
2024-10-13 01:04:58.732 [warning] [Decorations] CAPPING events from decorations provider vscode.git 4094
2024-10-13 01:05:03.858 [warning] [Decorations] CAPPING events from decorations provider vscode.git 4094
2024-10-13 01:05:08.993 [warning] [Decorations] CAPPING events from decorations provider vscode.git 4094
2024-10-13 01:05:14.106 [warning] [Decorations] CAPPING events from decorations provider vscode.git 4094
2024-10-13 01:05:19.236 [warning] [Decorations] CAPPING events from decorations provider vscode.git 4094
2024-10-13 01:05:24.363 [warning] [Decorations] CAPPING events from decorations provider vscode.git 4094
2024-10-13 01:05:29.489 [warning] [Decorations] CAPPING events from decorations provider vscode.git 4094
2024-10-13 01:05:34.624 [warning] [Decorations] CAPPING events from decorations provider vscode.git 4094
2024-10-13 01:05:39.747 [warning] [Decorations] CAPPING events from decorations provider vscode.git 4094
2024-10-13 01:05:44.859 [warning] [Decorations] CAPPING events from decorations provider vscode.git 4094
2024-10-13 01:05:49.987 [warning] [Decorations] CAPPING events from decorations provider vscode.git 4094
2024-10-13 01:05:55.113 [warning] [Decorations] CAPPING events from decorations provider vscode.git 4094
2024-10-13 01:06:00.228 [warning] [Decorations] CAPPING events from decorations provider vscode.git 4094
2024-10-13 01:06:05.358 [warning] [Decorations] CAPPING events from decorations provider vscode.git 4094
2024-10-13 01:06:10.480 [warning] [Decorations] CAPPING events from decorations provider vscode.git 4094
2024-10-13 01:06:15.597 [warning] [Decorations] CAPPING events from decorations provider vscode.git 4094
2024-10-13 01:06:20.731 [warning] [Decorations] CAPPING events from decorations provider vscode.git 4094
2024-10-13 01:06:25.863 [warning] [Decorations] CAPPING events from decorations provider vscode.git 4094
2024-10-13 01:06:30.998 [warning] [Decorations] CAPPING events from decorations provider vscode.git 4094
2024-10-13 01:06:36.136 [warning] [Decorations] CAPPING events from decorations provider vscode.git 4094
2024-10-13 01:06:41.275 [warning] [Decorations] CAPPING events from decorations provider vscode.git 4094
2024-10-13 01:08:05.158 [warning] [Decorations] CAPPING events from decorations provider vscode.git 4094
2024-10-13 01:08:10.277 [warning] [Decorations] CAPPING events from decorations provider vscode.git 4094
2024-10-13 01:08:15.405 [warning] [Decorations] CAPPING events from decorations provider vscode.git 4094
2024-10-13 01:08:20.525 [warning] [Decorations] CAPPING events from decorations provider vscode.git 4094
2024-10-13 01:08:25.649 [warning] [Decorations] CAPPING events from decorations provider vscode.git 4094
2024-10-13 01:08:30.764 [warning] [Decorations] CAPPING events from decorations provider vscode.git 4094
2024-10-13 01:09:03.167 [warning] [Decorations] CAPPING events from decorations provider vscode.git 4094
2024-10-13 01:09:08.308 [warning] [Decorations] CAPPING events from decorations provider vscode.git 4094
2024-10-13 01:09:13.437 [warning] [Decorations] CAPPING events from decorations provider vscode.git 4094
2024-10-13 01:09:18.567 [warning] [Decorations] CAPPING events from decorations provider vscode.git 4094
2024-10-13 01:09:23.680 [warning] [Decorations] CAPPING events from decorations provider vscode.git 4094
2024-10-13 01:09:28.778 [warning] [Decorations] CAPPING events from decorations provider vscode.git 4094
2024-10-13 01:09:33.904 [warning] [Decorations] CAPPING events from decorations provider vscode.git 4094
2024-10-13 01:09:39.023 [warning] [Decorations] CAPPING events from decorations provider vscode.git 4094
2024-10-13 01:09:44.120 [warning] [Decorations] CAPPING events from decorations provider vscode.git 4094
2024-10-13 01:09:49.279 [warning] [Decorations] CAPPING events from decorations provider vscode.git 4094
2024-10-13 01:09:54.406 [warning] [Decorations] CAPPING events from decorations provider vscode.git 4094
2024-10-13 01:09:59.529 [warning] [Decorations] CAPPING events from decorations provider vscode.git 4094
2024-10-13 01:10:04.655 [warning] [Decorations] CAPPING events from decorations provider vscode.git 4094
2024-10-13 01:10:09.774 [warning] [Decorations] CAPPING events from decorations provider vscode.git 4094
2024-10-13 01:10:14.893 [warning] [Decorations] CAPPING events from decorations provider vscode.git 4094
2024-10-13 01:10:20.027 [warning] [Decorations] CAPPING events from decorations provider vscode.git 4094
2024-10-13 01:10:25.158 [warning] [Decorations] CAPPING events from decorations provider vscode.git 4094
2024-10-13 01:10:30.290 [warning] [Decorations] CAPPING events from decorations provider vscode.git 4094
2024-10-13 01:10:35.465 [warning] [Decorations] CAPPING events from decorations provider vscode.git 4094
2024-10-13 01:10:40.622 [warning] [Decorations] CAPPING events from decorations provider vscode.git 4094
2024-10-13 01:10:45.738 [warning] [Decorations] CAPPING events from decorations provider vscode.git 4094
2024-10-13 01:10:50.833 [warning] [Decorations] CAPPING events from decorations provider vscode.git 4094
2024-10-13 01:10:55.966 [warning] [Decorations] CAPPING events from decorations provider vscode.git 4094
2024-10-13 01:11:01.135 [warning] [Decorations] CAPPING events from decorations provider vscode.git 4094
2024-10-13 01:11:06.265 [warning] [Decorations] CAPPING events from decorations provider vscode.git 4094
2024-10-13 01:11:11.396 [warning] [Decorations] CAPPING events from decorations provider vscode.git 4094
2024-10-13 01:11:16.520 [warning] [Decorations] CAPPING events from decorations provider vscode.git 4094
2024-10-13 01:11:21.630 [warning] [Decorations] CAPPING events from decorations provider vscode.git 4094
2024-10-13 01:11:26.763 [warning] [Decorations] CAPPING events from decorations provider vscode.git 4094
2024-10-13 01:11:31.900 [warning] [Decorations] CAPPING events from decorations provider vscode.git 4094
2024-10-13 01:11:37.057 [warning] [Decorations] CAPPING events from decorations provider vscode.git 4094
2024-10-13 01:11:42.177 [warning] [Decorations] CAPPING events from decorations provider vscode.git 4094
2024-10-13 01:11:47.281 [warning] [Decorations] CAPPING events from decorations provider vscode.git 4094
2024-10-13 01:11:52.419 [warning] [Decorations] CAPPING events from decorations provider vscode.git 4094
2024-10-13 01:11:57.553 [warning] [Decorations] CAPPING events from decorations provider vscode.git 4094
2024-10-13 01:12:02.681 [warning] [Decorations] CAPPING events from decorations provider vscode.git 4094
2024-10-13 01:12:07.805 [warning] [Decorations] CAPPING events from decorations provider vscode.git 4094
2024-10-13 01:12:12.946 [warning] [Decorations] CAPPING events from decorations provider vscode.git 4094
2024-10-13 01:12:18.079 [warning] [Decorations] CAPPING events from decorations provider vscode.git 4094
2024-10-13 01:12:23.593 [warning] [Decorations] CAPPING events from decorations provider vscode.git 4094
2024-10-13 01:12:28.717 [warning] [Decorations] CAPPING events from decorations provider vscode.git 4094
2024-10-13 01:12:33.862 [warning] [Decorations] CAPPING events from decorations provider vscode.git 4094
2024-10-13 01:12:39.008 [warning] [Decorations] CAPPING events from decorations provider vscode.git 4094
2024-10-13 01:12:44.123 [warning] [Decorations] CAPPING events from decorations provider vscode.git 4094
2024-10-13 01:12:49.267 [warning] [Decorations] CAPPING events from decorations provider vscode.git 4094
2024-10-13 01:12:54.394 [warning] [Decorations] CAPPING events from decorations provider vscode.git 4094
2024-10-13 01:13:11.521 [warning] [Decorations] CAPPING events from decorations provider vscode.git 4094
2024-10-13 01:13:13.261 [warning] [Decorations] CAPPING events from decorations provider vscode.git 4094
2024-10-13 01:13:16.627 [warning] [Decorations] CAPPING events from decorations provider vscode.git 4094
