2024-10-09 16:09:20.779 [info] [main] Log level: Info
2024-10-09 16:09:20.779 [info] [main] Validating found git in: "git"
2024-10-09 16:09:20.779 [info] [main] Using git "2.43.0" from "git"
2024-10-09 16:09:20.779 [info] [Model][doInitialScan] Initial repository scan started
2024-10-09 16:09:20.779 [info] > git rev-parse --show-toplevel [32ms]
2024-10-09 16:09:20.779 [info] fatal: not a git repository (or any of the parent directories): .git
2024-10-09 16:09:20.780 [warning] [Model][traverseWorkspaceFolder] Unable to read workspace folder '/lost+found': Error: EACCES: permission denied, scandir '/lost+found'
2024-10-09 16:09:20.782 [warning] [Model][traverseWorkspaceFolder] Unable to read workspace folder '/root': Error: EACCES: permission denied, scandir '/root'
2024-10-09 16:09:20.806 [info] > git rev-parse --show-toplevel [19ms]
2024-10-09 16:09:20.806 [info] fatal: not a git repository (or any of the parent directories): .git
2024-10-09 16:09:20.809 [info] > git rev-parse --show-toplevel [1ms]
2024-10-09 16:09:20.809 [info] fatal: not a git repository (or any of the parent directories): .git
2024-10-09 16:09:20.850 [info] > git rev-parse --show-toplevel [37ms]
2024-10-09 16:09:20.850 [info] fatal: not a git repository (or any parent up to mount point /)
Stopping at filesystem boundary (GIT_DISCOVERY_ACROSS_FILESYSTEM not set).
2024-10-09 16:09:20.853 [info] > git rev-parse --show-toplevel [1ms]
2024-10-09 16:09:20.853 [info] fatal: not a git repository (or any of the parent directories): .git
2024-10-09 16:09:20.856 [info] > git rev-parse --show-toplevel [0ms]
2024-10-09 16:09:20.856 [info] fatal: not a git repository (or any of the parent directories): .git
2024-10-09 16:09:20.858 [info] > git rev-parse --show-toplevel [0ms]
2024-10-09 16:09:20.858 [info] fatal: not a git repository (or any of the parent directories): .git
2024-10-09 16:09:20.861 [info] > git rev-parse --show-toplevel [1ms]
2024-10-09 16:09:20.861 [info] fatal: not a git repository (or any of the parent directories): .git
2024-10-09 16:09:20.864 [info] > git rev-parse --show-toplevel [1ms]
2024-10-09 16:09:20.864 [info] fatal: not a git repository (or any of the parent directories): .git
2024-10-09 16:09:20.867 [info] > git rev-parse --show-toplevel [1ms]
2024-10-09 16:09:20.867 [info] fatal: not a git repository (or any of the parent directories): .git
2024-10-09 16:09:20.870 [info] > git rev-parse --show-toplevel [1ms]
2024-10-09 16:09:20.870 [info] fatal: not a git repository (or any parent up to mount point /)
Stopping at filesystem boundary (GIT_DISCOVERY_ACROSS_FILESYSTEM not set).
2024-10-09 16:09:20.873 [info] > git rev-parse --show-toplevel [0ms]
2024-10-09 16:09:20.873 [info] fatal: not a git repository (or any parent up to mount point /)
Stopping at filesystem boundary (GIT_DISCOVERY_ACROSS_FILESYSTEM not set).
2024-10-09 16:09:20.875 [info] > git rev-parse --show-toplevel [1ms]
2024-10-09 16:09:20.875 [info] fatal: not a git repository (or any of the parent directories): .git
2024-10-09 16:09:20.878 [info] > git rev-parse --show-toplevel [1ms]
2024-10-09 16:09:20.878 [info] fatal: not a git repository (or any of the parent directories): .git
2024-10-09 16:09:20.880 [info] > git rev-parse --show-toplevel [0ms]
2024-10-09 16:09:20.880 [info] fatal: not a git repository (or any of the parent directories): .git
2024-10-09 16:09:20.885 [info] > git rev-parse --show-toplevel [3ms]
2024-10-09 16:09:20.885 [info] fatal: not a git repository (or any parent up to mount point /)
Stopping at filesystem boundary (GIT_DISCOVERY_ACROSS_FILESYSTEM not set).
2024-10-09 16:09:20.888 [info] > git rev-parse --show-toplevel [1ms]
2024-10-09 16:09:20.888 [info] fatal: not a git repository (or any of the parent directories): .git
2024-10-09 16:09:20.891 [info] > git rev-parse --show-toplevel [1ms]
2024-10-09 16:09:20.891 [info] fatal: not a git repository (or any of the parent directories): .git
2024-10-09 16:09:20.893 [info] > git rev-parse --show-toplevel [1ms]
2024-10-09 16:09:20.893 [info] fatal: not a git repository (or any of the parent directories): .git
2024-10-09 16:09:20.895 [info] [Model][doInitialScan] Initial repository scan completed - repositories (0), closed repositories (0), parent repositories (0), unsafe repositories (0)
2024-10-09 16:09:27.111 [info] > git rev-parse --show-toplevel [13ms]
2024-10-09 16:09:27.111 [info] fatal: not a git repository (or any of the parent directories): .git
2024-10-09 16:09:28.811 [info] > git rev-parse --show-toplevel [2ms]
2024-10-09 16:09:28.811 [info] fatal: not a git repository (or any of the parent directories): .git
