2024-10-04 12:07:40.283 [info] Extension host with pid 129 started
2024-10-04 12:07:40.297 [info] Lock '/home/jojomaverik/.vscode-server/data/User/workspaceStorage/212baf6bcdd3d4ef4cd378ae34bae817/vscode.lock': Lock acquired.
2024-10-04 12:07:40.440 [info] ExtensionService#_doActivateExtension vscode.emmet, startup: false, activationEvent: 'onLanguage'
2024-10-04 12:07:40.441 [info] ExtensionService#_doActivateExtension dsvictor94.promela, startup: false, activationEvent: 'onLanguage:promela'
2024-10-04 12:07:40.557 [info] ExtensionService#_doActivateExtension vscode.git-base, startup: true, activationEvent: '*', root cause: vscode.git
2024-10-04 12:07:40.575 [info] ExtensionService#_doActivateExtension vscode.git, startup: true, activationEvent: '*'
2024-10-04 12:07:40.576 [info] ExtensionService#_doActivateExtension vscode.github, startup: true, activationEvent: '*'
2024-10-04 12:07:40.768 [info] Eager extensions activated
2024-10-04 12:07:40.768 [info] ExtensionService#_doActivateExtension vscode.debug-auto-launch, startup: false, activationEvent: 'onStartupFinished'
2024-10-04 12:07:40.769 [info] ExtensionService#_doActivateExtension vscode.merge-conflict, startup: false, activationEvent: 'onStartupFinished'
2024-10-04 13:09:22.295 [info] ExtensionService#_doActivateExtension ms-vsliveshare.vsliveshare, startup: false, activationEvent: 'onView:liveshare.session'
2024-10-04 13:11:06.434 [info] Extension host terminating: received terminate message from renderer
2024-10-04 13:11:06.435 [info] Lock '/home/jojomaverik/.vscode-server/data/User/workspaceStorage/212baf6bcdd3d4ef4cd378ae34bae817/vscode.lock': Marking the lockfile as scheduled to be released in 6000 ms.
2024-10-04 13:11:06.548 [error] Canceled: Canceled
	at new D (/home/jojomaverik/.vscode-server/bin/38c31bc77e0dd6ae88a4e9cc93428cc27a56ba40/out/vs/workbench/api/node/extensionHostProcess.js:151:35235)
	at y.U (/home/jojomaverik/.vscode-server/bin/38c31bc77e0dd6ae88a4e9cc93428cc27a56ba40/out/vs/workbench/api/node/extensionHostProcess.js:158:6005)
	at V.<computed>.F.charCodeAt.A.CharCode.DollarSign.V.<computed> (/home/jojomaverik/.vscode-server/bin/38c31bc77e0dd6ae88a4e9cc93428cc27a56ba40/out/vs/workbench/api/node/extensionHostProcess.js:158:3107)
	at h.g (/home/jojomaverik/.vscode-server/bin/38c31bc77e0dd6ae88a4e9cc93428cc27a56ba40/out/vs/workbench/api/node/extensionHostProcess.js:161:210015)
	at h.executeCommand (/home/jojomaverik/.vscode-server/bin/38c31bc77e0dd6ae88a4e9cc93428cc27a56ba40/out/vs/workbench/api/node/extensionHostProcess.js:161:209453)
	at C.registerCommand.description (/home/jojomaverik/.vscode-server/bin/38c31bc77e0dd6ae88a4e9cc93428cc27a56ba40/out/vs/workbench/api/node/extensionHostProcess.js:161:208777)
	at h (/home/jojomaverik/.vscode-server/bin/38c31bc77e0dd6ae88a4e9cc93428cc27a56ba40/out/vs/workbench/api/node/extensionHostProcess.js:161:210554)
	at h.g (/home/jojomaverik/.vscode-server/bin/38c31bc77e0dd6ae88a4e9cc93428cc27a56ba40/out/vs/workbench/api/node/extensionHostProcess.js:161:209546)
	at h.executeCommand (/home/jojomaverik/.vscode-server/bin/38c31bc77e0dd6ae88a4e9cc93428cc27a56ba40/out/vs/workbench/api/node/extensionHostProcess.js:161:209453)
	at Object.executeCommand (/home/jojomaverik/.vscode-server/bin/38c31bc77e0dd6ae88a4e9cc93428cc27a56ba40/out/vs/workbench/api/node/extensionHostProcess.js:171:30683)
	at ExtensionUtil.<anonymous> (/home/jojomaverik/.vscode-server/extensions/ms-vsliveshare.vsliveshare-1.0.5941/extension.js:1:665766)
	at Generator.next (<anonymous>)
	at /home/jojomaverik/.vscode-server/extensions/ms-vsliveshare.vsliveshare-1.0.5941/extension.js:1:664481
	at new Promise (<anonymous>)
	at r (/home/jojomaverik/.vscode-server/extensions/ms-vsliveshare.vsliveshare-1.0.5941/extension.js:1:664167)
	at ExtensionUtil.setCommandContext (/home/jojomaverik/.vscode-server/extensions/ms-vsliveshare.vsliveshare-1.0.5941/extension.js:1:665682)
	at SessionContext.onSessionStateChanged (/home/jojomaverik/.vscode-server/extensions/ms-vsliveshare.vsliveshare-1.0.5941/extension.js:1:162595)
	at r.B (/home/jojomaverik/.vscode-server/bin/38c31bc77e0dd6ae88a4e9cc93428cc27a56ba40/out/vs/workbench/api/node/extensionHostProcess.js:90:732)
	at r.C (/home/jojomaverik/.vscode-server/bin/38c31bc77e0dd6ae88a4e9cc93428cc27a56ba40/out/vs/workbench/api/node/extensionHostProcess.js:90:802)
	at r.fire (/home/jojomaverik/.vscode-server/bin/38c31bc77e0dd6ae88a4e9cc93428cc27a56ba40/out/vs/workbench/api/node/extensionHostProcess.js:90:1018)
	at SessionStateTracker.setState (/home/jojomaverik/.vscode-server/extensions/ms-vsliveshare.vsliveshare-1.0.5941/extension.js:1:167078)
	at SessionStateTracker.transition (/home/jojomaverik/.vscode-server/extensions/ms-vsliveshare.vsliveshare-1.0.5941/extension.js:1:166787)
	at SessionStateTransitionsCommandDecorator.<anonymous> (/home/jojomaverik/.vscode-server/extensions/ms-vsliveshare.vsliveshare-1.0.5941/extension.js:1:461102)
	at Generator.throw (<anonymous>)
	at rejected (/home/jojomaverik/.vscode-server/extensions/ms-vsliveshare.vsliveshare-1.0.5941/extension.js:1:459491)
	at process.processTicksAndRejections (node:internal/process/task_queues:95:5) setContext undefined
2024-10-04 13:11:06.548 [error] Canceled: Canceled
	at new D (/home/jojomaverik/.vscode-server/bin/38c31bc77e0dd6ae88a4e9cc93428cc27a56ba40/out/vs/workbench/api/node/extensionHostProcess.js:151:35235)
	at y.U (/home/jojomaverik/.vscode-server/bin/38c31bc77e0dd6ae88a4e9cc93428cc27a56ba40/out/vs/workbench/api/node/extensionHostProcess.js:158:6005)
	at V.<computed>.F.charCodeAt.A.CharCode.DollarSign.V.<computed> (/home/jojomaverik/.vscode-server/bin/38c31bc77e0dd6ae88a4e9cc93428cc27a56ba40/out/vs/workbench/api/node/extensionHostProcess.js:158:3107)
	at h.g (/home/jojomaverik/.vscode-server/bin/38c31bc77e0dd6ae88a4e9cc93428cc27a56ba40/out/vs/workbench/api/node/extensionHostProcess.js:161:210015)
	at h.executeCommand (/home/jojomaverik/.vscode-server/bin/38c31bc77e0dd6ae88a4e9cc93428cc27a56ba40/out/vs/workbench/api/node/extensionHostProcess.js:161:209453)
	at C.registerCommand.description (/home/jojomaverik/.vscode-server/bin/38c31bc77e0dd6ae88a4e9cc93428cc27a56ba40/out/vs/workbench/api/node/extensionHostProcess.js:161:208777)
	at h (/home/jojomaverik/.vscode-server/bin/38c31bc77e0dd6ae88a4e9cc93428cc27a56ba40/out/vs/workbench/api/node/extensionHostProcess.js:161:210554)
	at h.g (/home/jojomaverik/.vscode-server/bin/38c31bc77e0dd6ae88a4e9cc93428cc27a56ba40/out/vs/workbench/api/node/extensionHostProcess.js:161:209546)
	at h.executeCommand (/home/jojomaverik/.vscode-server/bin/38c31bc77e0dd6ae88a4e9cc93428cc27a56ba40/out/vs/workbench/api/node/extensionHostProcess.js:161:209453)
	at Object.executeCommand (/home/jojomaverik/.vscode-server/bin/38c31bc77e0dd6ae88a4e9cc93428cc27a56ba40/out/vs/workbench/api/node/extensionHostProcess.js:171:30683)
	at ExtensionUtil.<anonymous> (/home/jojomaverik/.vscode-server/extensions/ms-vsliveshare.vsliveshare-1.0.5941/extension.js:1:665766)
	at Generator.next (<anonymous>)
	at /home/jojomaverik/.vscode-server/extensions/ms-vsliveshare.vsliveshare-1.0.5941/extension.js:1:664481
	at new Promise (<anonymous>)
	at r (/home/jojomaverik/.vscode-server/extensions/ms-vsliveshare.vsliveshare-1.0.5941/extension.js:1:664167)
	at ExtensionUtil.setCommandContext (/home/jojomaverik/.vscode-server/extensions/ms-vsliveshare.vsliveshare-1.0.5941/extension.js:1:665682)
	at SessionContext.onSessionStateChanged (/home/jojomaverik/.vscode-server/extensions/ms-vsliveshare.vsliveshare-1.0.5941/extension.js:1:162666)
	at r.B (/home/jojomaverik/.vscode-server/bin/38c31bc77e0dd6ae88a4e9cc93428cc27a56ba40/out/vs/workbench/api/node/extensionHostProcess.js:90:732)
	at r.C (/home/jojomaverik/.vscode-server/bin/38c31bc77e0dd6ae88a4e9cc93428cc27a56ba40/out/vs/workbench/api/node/extensionHostProcess.js:90:802)
	at r.fire (/home/jojomaverik/.vscode-server/bin/38c31bc77e0dd6ae88a4e9cc93428cc27a56ba40/out/vs/workbench/api/node/extensionHostProcess.js:90:1018)
	at SessionStateTracker.setState (/home/jojomaverik/.vscode-server/extensions/ms-vsliveshare.vsliveshare-1.0.5941/extension.js:1:167078)
	at SessionStateTracker.transition (/home/jojomaverik/.vscode-server/extensions/ms-vsliveshare.vsliveshare-1.0.5941/extension.js:1:166787)
	at SessionStateTransitionsCommandDecorator.<anonymous> (/home/jojomaverik/.vscode-server/extensions/ms-vsliveshare.vsliveshare-1.0.5941/extension.js:1:461102)
	at Generator.throw (<anonymous>)
	at rejected (/home/jojomaverik/.vscode-server/extensions/ms-vsliveshare.vsliveshare-1.0.5941/extension.js:1:459491)
	at process.processTicksAndRejections (node:internal/process/task_queues:95:5) setContext undefined
2024-10-04 13:11:06.548 [error] Canceled: Canceled
	at new D (/home/jojomaverik/.vscode-server/bin/38c31bc77e0dd6ae88a4e9cc93428cc27a56ba40/out/vs/workbench/api/node/extensionHostProcess.js:151:35235)
	at y.U (/home/jojomaverik/.vscode-server/bin/38c31bc77e0dd6ae88a4e9cc93428cc27a56ba40/out/vs/workbench/api/node/extensionHostProcess.js:158:6005)
	at V.<computed>.F.charCodeAt.A.CharCode.DollarSign.V.<computed> (/home/jojomaverik/.vscode-server/bin/38c31bc77e0dd6ae88a4e9cc93428cc27a56ba40/out/vs/workbench/api/node/extensionHostProcess.js:158:3107)
	at h.g (/home/jojomaverik/.vscode-server/bin/38c31bc77e0dd6ae88a4e9cc93428cc27a56ba40/out/vs/workbench/api/node/extensionHostProcess.js:161:210015)
	at h.executeCommand (/home/jojomaverik/.vscode-server/bin/38c31bc77e0dd6ae88a4e9cc93428cc27a56ba40/out/vs/workbench/api/node/extensionHostProcess.js:161:209453)
	at C.registerCommand.description (/home/jojomaverik/.vscode-server/bin/38c31bc77e0dd6ae88a4e9cc93428cc27a56ba40/out/vs/workbench/api/node/extensionHostProcess.js:161:208777)
	at h (/home/jojomaverik/.vscode-server/bin/38c31bc77e0dd6ae88a4e9cc93428cc27a56ba40/out/vs/workbench/api/node/extensionHostProcess.js:161:210554)
	at h.g (/home/jojomaverik/.vscode-server/bin/38c31bc77e0dd6ae88a4e9cc93428cc27a56ba40/out/vs/workbench/api/node/extensionHostProcess.js:161:209546)
	at h.executeCommand (/home/jojomaverik/.vscode-server/bin/38c31bc77e0dd6ae88a4e9cc93428cc27a56ba40/out/vs/workbench/api/node/extensionHostProcess.js:161:209453)
	at Object.executeCommand (/home/jojomaverik/.vscode-server/bin/38c31bc77e0dd6ae88a4e9cc93428cc27a56ba40/out/vs/workbench/api/node/extensionHostProcess.js:171:30683)
	at ExtensionUtil.<anonymous> (/home/jojomaverik/.vscode-server/extensions/ms-vsliveshare.vsliveshare-1.0.5941/extension.js:1:665766)
	at Generator.next (<anonymous>)
	at /home/jojomaverik/.vscode-server/extensions/ms-vsliveshare.vsliveshare-1.0.5941/extension.js:1:664481
	at new Promise (<anonymous>)
	at r (/home/jojomaverik/.vscode-server/extensions/ms-vsliveshare.vsliveshare-1.0.5941/extension.js:1:664167)
	at ExtensionUtil.setCommandContext (/home/jojomaverik/.vscode-server/extensions/ms-vsliveshare.vsliveshare-1.0.5941/extension.js:1:665682)
	at set hasServersShared [as hasServersShared] (/home/jojomaverik/.vscode-server/extensions/ms-vsliveshare.vsliveshare-1.0.5941/extension.js:1:161897)
	at SessionContext.onSessionStateChanged (/home/jojomaverik/.vscode-server/extensions/ms-vsliveshare.vsliveshare-1.0.5941/extension.js:1:162873)
	at r.B (/home/jojomaverik/.vscode-server/bin/38c31bc77e0dd6ae88a4e9cc93428cc27a56ba40/out/vs/workbench/api/node/extensionHostProcess.js:90:732)
	at r.C (/home/jojomaverik/.vscode-server/bin/38c31bc77e0dd6ae88a4e9cc93428cc27a56ba40/out/vs/workbench/api/node/extensionHostProcess.js:90:802)
	at r.fire (/home/jojomaverik/.vscode-server/bin/38c31bc77e0dd6ae88a4e9cc93428cc27a56ba40/out/vs/workbench/api/node/extensionHostProcess.js:90:1018)
	at SessionStateTracker.setState (/home/jojomaverik/.vscode-server/extensions/ms-vsliveshare.vsliveshare-1.0.5941/extension.js:1:167078)
	at SessionStateTracker.transition (/home/jojomaverik/.vscode-server/extensions/ms-vsliveshare.vsliveshare-1.0.5941/extension.js:1:166787)
	at SessionStateTransitionsCommandDecorator.<anonymous> (/home/jojomaverik/.vscode-server/extensions/ms-vsliveshare.vsliveshare-1.0.5941/extension.js:1:461102)
	at Generator.throw (<anonymous>)
	at rejected (/home/jojomaverik/.vscode-server/extensions/ms-vsliveshare.vsliveshare-1.0.5941/extension.js:1:459491)
	at process.processTicksAndRejections (node:internal/process/task_queues:95:5) setContext undefined
2024-10-04 13:11:06.549 [error] Canceled: Canceled
	at new D (/home/jojomaverik/.vscode-server/bin/38c31bc77e0dd6ae88a4e9cc93428cc27a56ba40/out/vs/workbench/api/node/extensionHostProcess.js:151:35235)
	at y.U (/home/jojomaverik/.vscode-server/bin/38c31bc77e0dd6ae88a4e9cc93428cc27a56ba40/out/vs/workbench/api/node/extensionHostProcess.js:158:6005)
	at V.<computed>.F.charCodeAt.A.CharCode.DollarSign.V.<computed> (/home/jojomaverik/.vscode-server/bin/38c31bc77e0dd6ae88a4e9cc93428cc27a56ba40/out/vs/workbench/api/node/extensionHostProcess.js:158:3107)
	at h.g (/home/jojomaverik/.vscode-server/bin/38c31bc77e0dd6ae88a4e9cc93428cc27a56ba40/out/vs/workbench/api/node/extensionHostProcess.js:161:210015)
	at h.executeCommand (/home/jojomaverik/.vscode-server/bin/38c31bc77e0dd6ae88a4e9cc93428cc27a56ba40/out/vs/workbench/api/node/extensionHostProcess.js:161:209453)
	at C.registerCommand.description (/home/jojomaverik/.vscode-server/bin/38c31bc77e0dd6ae88a4e9cc93428cc27a56ba40/out/vs/workbench/api/node/extensionHostProcess.js:161:208777)
	at h (/home/jojomaverik/.vscode-server/bin/38c31bc77e0dd6ae88a4e9cc93428cc27a56ba40/out/vs/workbench/api/node/extensionHostProcess.js:161:210554)
	at h.g (/home/jojomaverik/.vscode-server/bin/38c31bc77e0dd6ae88a4e9cc93428cc27a56ba40/out/vs/workbench/api/node/extensionHostProcess.js:161:209546)
	at h.executeCommand (/home/jojomaverik/.vscode-server/bin/38c31bc77e0dd6ae88a4e9cc93428cc27a56ba40/out/vs/workbench/api/node/extensionHostProcess.js:161:209453)
	at Object.executeCommand (/home/jojomaverik/.vscode-server/bin/38c31bc77e0dd6ae88a4e9cc93428cc27a56ba40/out/vs/workbench/api/node/extensionHostProcess.js:171:30683)
	at ExtensionUtil.<anonymous> (/home/jojomaverik/.vscode-server/extensions/ms-vsliveshare.vsliveshare-1.0.5941/extension.js:1:665766)
	at Generator.next (<anonymous>)
	at /home/jojomaverik/.vscode-server/extensions/ms-vsliveshare.vsliveshare-1.0.5941/extension.js:1:664481
	at new Promise (<anonymous>)
	at r (/home/jojomaverik/.vscode-server/extensions/ms-vsliveshare.vsliveshare-1.0.5941/extension.js:1:664167)
	at ExtensionUtil.setCommandContext (/home/jojomaverik/.vscode-server/extensions/ms-vsliveshare.vsliveshare-1.0.5941/extension.js:1:665682)
	at set hasSharedTerminals [as hasSharedTerminals] (/home/jojomaverik/.vscode-server/extensions/ms-vsliveshare.vsliveshare-1.0.5941/extension.js:1:162077)
	at SessionContext.onSessionStateChanged (/home/jojomaverik/.vscode-server/extensions/ms-vsliveshare.vsliveshare-1.0.5941/extension.js:1:162900)
	at r.B (/home/jojomaverik/.vscode-server/bin/38c31bc77e0dd6ae88a4e9cc93428cc27a56ba40/out/vs/workbench/api/node/extensionHostProcess.js:90:732)
	at r.C (/home/jojomaverik/.vscode-server/bin/38c31bc77e0dd6ae88a4e9cc93428cc27a56ba40/out/vs/workbench/api/node/extensionHostProcess.js:90:802)
	at r.fire (/home/jojomaverik/.vscode-server/bin/38c31bc77e0dd6ae88a4e9cc93428cc27a56ba40/out/vs/workbench/api/node/extensionHostProcess.js:90:1018)
	at SessionStateTracker.setState (/home/jojomaverik/.vscode-server/extensions/ms-vsliveshare.vsliveshare-1.0.5941/extension.js:1:167078)
	at SessionStateTracker.transition (/home/jojomaverik/.vscode-server/extensions/ms-vsliveshare.vsliveshare-1.0.5941/extension.js:1:166787)
	at SessionStateTransitionsCommandDecorator.<anonymous> (/home/jojomaverik/.vscode-server/extensions/ms-vsliveshare.vsliveshare-1.0.5941/extension.js:1:461102)
	at Generator.throw (<anonymous>)
	at rejected (/home/jojomaverik/.vscode-server/extensions/ms-vsliveshare.vsliveshare-1.0.5941/extension.js:1:459491)
	at process.processTicksAndRejections (node:internal/process/task_queues:95:5) setContext undefined
2024-10-04 13:11:06.561 [info] Extension host with pid 129 exiting with code 0
