2024-10-11 13:04:06.309 [info] [main] Log level: Info
2024-10-11 13:04:06.310 [info] [main] Validating found git in: "git"
2024-10-11 13:04:06.310 [info] [main] Using git "2.43.0" from "git"
2024-10-11 13:04:06.310 [info] [Model][doInitialScan] Initial repository scan started
2024-10-11 13:04:06.310 [info] > git rev-parse --show-toplevel [28ms]
2024-10-11 13:04:06.310 [info] fatal: not a git repository (or any of the parent directories): .git
2024-10-11 13:04:06.310 [warning] [Model][traverseWorkspaceFolder] Unable to read workspace folder '/lost+found': Error: EACCES: permission denied, scandir '/lost+found'
2024-10-11 13:04:06.314 [warning] [Model][traverseWorkspaceFolder] Unable to read workspace folder '/root': Error: EACCES: permission denied, scandir '/root'
2024-10-11 13:04:06.325 [info] > git rev-parse --show-toplevel [1ms]
2024-10-11 13:04:06.325 [info] fatal: not a git repository (or any of the parent directories): .git
2024-10-11 13:04:06.334 [info] > git rev-parse --show-toplevel [3ms]
2024-10-11 13:04:06.334 [info] fatal: not a git repository (or any of the parent directories): .git
2024-10-11 13:04:06.339 [info] > git rev-parse --show-toplevel [1ms]
2024-10-11 13:04:06.339 [info] fatal: not a git repository (or any parent up to mount point /)
Stopping at filesystem boundary (GIT_DISCOVERY_ACROSS_FILESYSTEM not set).
2024-10-11 13:04:06.344 [info] > git rev-parse --show-toplevel [1ms]
2024-10-11 13:04:06.344 [info] fatal: not a git repository (or any of the parent directories): .git
2024-10-11 13:04:06.347 [info] > git rev-parse --show-toplevel [1ms]
2024-10-11 13:04:06.347 [info] fatal: not a git repository (or any of the parent directories): .git
2024-10-11 13:04:06.352 [info] > git rev-parse --show-toplevel [2ms]
2024-10-11 13:04:06.352 [info] fatal: not a git repository (or any of the parent directories): .git
2024-10-11 13:04:06.356 [info] > git rev-parse --show-toplevel [1ms]
2024-10-11 13:04:06.356 [info] fatal: not a git repository (or any of the parent directories): .git
2024-10-11 13:04:06.360 [info] > git rev-parse --show-toplevel [1ms]
2024-10-11 13:04:06.360 [info] fatal: not a git repository (or any of the parent directories): .git
2024-10-11 13:04:06.363 [info] > git rev-parse --show-toplevel [0ms]
2024-10-11 13:04:06.363 [info] fatal: not a git repository (or any of the parent directories): .git
2024-10-11 13:04:06.366 [info] > git rev-parse --show-toplevel [0ms]
2024-10-11 13:04:06.366 [info] fatal: not a git repository (or any parent up to mount point /)
Stopping at filesystem boundary (GIT_DISCOVERY_ACROSS_FILESYSTEM not set).
2024-10-11 13:04:06.370 [info] > git rev-parse --show-toplevel [2ms]
2024-10-11 13:04:06.370 [info] fatal: not a git repository (or any parent up to mount point /)
Stopping at filesystem boundary (GIT_DISCOVERY_ACROSS_FILESYSTEM not set).
2024-10-11 13:04:06.373 [info] > git rev-parse --show-toplevel [1ms]
2024-10-11 13:04:06.373 [info] fatal: not a git repository (or any of the parent directories): .git
2024-10-11 13:04:06.376 [info] > git rev-parse --show-toplevel [1ms]
2024-10-11 13:04:06.376 [info] fatal: not a git repository (or any of the parent directories): .git
2024-10-11 13:04:06.378 [info] > git rev-parse --show-toplevel [0ms]
2024-10-11 13:04:06.379 [info] fatal: not a git repository (or any of the parent directories): .git
2024-10-11 13:04:06.382 [info] > git rev-parse --show-toplevel [0ms]
2024-10-11 13:04:06.382 [info] fatal: not a git repository (or any parent up to mount point /)
Stopping at filesystem boundary (GIT_DISCOVERY_ACROSS_FILESYSTEM not set).
2024-10-11 13:04:06.385 [info] > git rev-parse --show-toplevel [0ms]
2024-10-11 13:04:06.385 [info] fatal: not a git repository (or any of the parent directories): .git
2024-10-11 13:04:06.393 [info] > git rev-parse --show-toplevel [5ms]
2024-10-11 13:04:06.393 [info] fatal: not a git repository (or any of the parent directories): .git
2024-10-11 13:04:06.396 [info] > git rev-parse --show-toplevel [1ms]
2024-10-11 13:04:06.396 [info] fatal: not a git repository (or any of the parent directories): .git
2024-10-11 13:04:06.398 [info] [Model][doInitialScan] Initial repository scan completed - repositories (0), closed repositories (0), parent repositories (0), unsafe repositories (0)
