2024-10-11 12:40:20.298 [info] Extension host with pid 129 started
2024-10-11 12:40:20.318 [info] Lock '/home/jojomaverik/.vscode-server/data/User/workspaceStorage/212baf6bcdd3d4ef4cd378ae34bae817/vscode.lock': Lock acquired.
2024-10-11 12:40:20.379 [info] ExtensionService#_doActivateExtension vscode.emmet, startup: false, activationEvent: 'onLanguage'
2024-10-11 12:40:20.380 [info] ExtensionService#_doActivateExtension dsvictor94.promela, startup: false, activationEvent: 'onLanguage:promela'
2024-10-11 12:40:20.462 [info] ExtensionService#_doActivateExtension vscode.git-base, startup: true, activationEvent: '*', root cause: vscode.git
2024-10-11 12:40:20.462 [info] ExtensionService#_doActivateExtension howardzuo.vscode-git-tags, startup: true, activationEvent: '*'
2024-10-11 12:40:20.462 [info] ExtensionService#_doActivateExtension mhutchie.git-graph, startup: true, activationEvent: '*'
2024-10-11 12:40:20.629 [info] ExtensionService#_doActivateExtension vscode.git, startup: true, activationEvent: '*'
2024-10-11 12:40:20.630 [info] ExtensionService#_doActivateExtension vscode.github, startup: true, activationEvent: '*'
2024-10-11 12:40:21.128 [info] Eager extensions activated
2024-10-11 12:40:21.129 [info] ExtensionService#_doActivateExtension vscode.debug-auto-launch, startup: false, activationEvent: 'onStartupFinished'
2024-10-11 12:40:21.129 [info] ExtensionService#_doActivateExtension vscode.merge-conflict, startup: false, activationEvent: 'onStartupFinished'
2024-10-11 12:40:21.129 [info] ExtensionService#_doActivateExtension eamodio.gitlens, startup: false, activationEvent: 'onStartupFinished'
2024-10-11 12:40:21.408 [info] ExtensionService#_doActivateExtension ms-vsliveshare.vsliveshare, startup: false, activationEvent: 'api', root cause: eamodio.gitlens
2024-10-11 12:40:21.874 [info] ExtensionService#_doActivateExtension GitHub.vscode-pull-request-github, startup: false, activationEvent: 'onStartupFinished'
2024-10-11 12:59:49.694 [info] Extension host terminating: received terminate message from renderer
2024-10-11 12:59:49.695 [info] Lock '/home/jojomaverik/.vscode-server/data/User/workspaceStorage/212baf6bcdd3d4ef4cd378ae34bae817/vscode.lock': Marking the lockfile as scheduled to be released in 6000 ms.
2024-10-11 12:59:49.774 [error] Canceled: Canceled
	at new eA (file:///home/jojomaverik/.vscode-server/bin/e10f2369d0d9614a452462f2e01cdc4aa9486296/out/vs/workbench/api/node/extensionHostProcess.js:31:151177)
	at Zb.U (file:///home/jojomaverik/.vscode-server/bin/e10f2369d0d9614a452462f2e01cdc4aa9486296/out/vs/workbench/api/node/extensionHostProcess.js:31:155789)
	at s.<computed>.n.charCodeAt.s.<computed> (file:///home/jojomaverik/.vscode-server/bin/e10f2369d0d9614a452462f2e01cdc4aa9486296/out/vs/workbench/api/node/extensionHostProcess.js:31:153283)
	at T0.g (file:///home/jojomaverik/.vscode-server/bin/e10f2369d0d9614a452462f2e01cdc4aa9486296/out/vs/workbench/api/node/extensionHostProcess.js:114:32325)
	at T0.executeCommand (file:///home/jojomaverik/.vscode-server/bin/e10f2369d0d9614a452462f2e01cdc4aa9486296/out/vs/workbench/api/node/extensionHostProcess.js:114:31826)
	at r.registerCommand.description (file:///home/jojomaverik/.vscode-server/bin/e10f2369d0d9614a452462f2e01cdc4aa9486296/out/vs/workbench/api/node/extensionHostProcess.js:114:31156)
	at T0.h (file:///home/jojomaverik/.vscode-server/bin/e10f2369d0d9614a452462f2e01cdc4aa9486296/out/vs/workbench/api/node/extensionHostProcess.js:114:32845)
	at T0.g (file:///home/jojomaverik/.vscode-server/bin/e10f2369d0d9614a452462f2e01cdc4aa9486296/out/vs/workbench/api/node/extensionHostProcess.js:114:31919)
	at T0.executeCommand (file:///home/jojomaverik/.vscode-server/bin/e10f2369d0d9614a452462f2e01cdc4aa9486296/out/vs/workbench/api/node/extensionHostProcess.js:114:31826)
	at Object.executeCommand (file:///home/jojomaverik/.vscode-server/bin/e10f2369d0d9614a452462f2e01cdc4aa9486296/out/vs/workbench/api/node/extensionHostProcess.js:156:37049)
	at gh.O [as value] (/home/jojomaverik/.vscode-server/bin/e10f2369d0d9614a452462f2e01cdc4aa9486296/extensions/git/dist/main.js:2:953034)
	at T.B (file:///home/jojomaverik/.vscode-server/bin/e10f2369d0d9614a452462f2e01cdc4aa9486296/out/vs/workbench/api/node/extensionHostProcess.js:29:732)
	at T.C (file:///home/jojomaverik/.vscode-server/bin/e10f2369d0d9614a452462f2e01cdc4aa9486296/out/vs/workbench/api/node/extensionHostProcess.js:29:802)
	at T.fire (file:///home/jojomaverik/.vscode-server/bin/e10f2369d0d9614a452462f2e01cdc4aa9486296/out/vs/workbench/api/node/extensionHostProcess.js:29:1019)
	at Object.p [as dispose] (/home/jojomaverik/.vscode-server/bin/e10f2369d0d9614a452462f2e01cdc4aa9486296/extensions/git/dist/main.js:2:973612)
	at /home/jojomaverik/.vscode-server/bin/e10f2369d0d9614a452462f2e01cdc4aa9486296/extensions/git/dist/main.js:2:979734
	at Array.forEach (<anonymous>)
	at f.dispose (/home/jojomaverik/.vscode-server/bin/e10f2369d0d9614a452462f2e01cdc4aa9486296/extensions/git/dist/main.js:2:979720)
	at D1.<anonymous> (file:///home/jojomaverik/.vscode-server/bin/e10f2369d0d9614a452462f2e01cdc4aa9486296/out/vs/workbench/api/node/extensionHostProcess.js:108:19996)
	at D1.dispose (file:///home/jojomaverik/.vscode-server/bin/e10f2369d0d9614a452462f2e01cdc4aa9486296/out/vs/workbench/api/node/extensionHostProcess.js:108:20092)
	at D1.<anonymous> (/home/jojomaverik/.vscode-server/bin/e10f2369d0d9614a452462f2e01cdc4aa9486296/extensions/git/dist/main.js:2:955332)
	at D1.dispose (file:///home/jojomaverik/.vscode-server/bin/e10f2369d0d9614a452462f2e01cdc4aa9486296/out/vs/workbench/api/node/extensionHostProcess.js:108:20092)
	at Si (file:///home/jojomaverik/.vscode-server/bin/e10f2369d0d9614a452462f2e01cdc4aa9486296/out/vs/workbench/api/node/extensionHostProcess.js:24:701)
	at file:///home/jojomaverik/.vscode-server/bin/e10f2369d0d9614a452462f2e01cdc4aa9486296/out/vs/workbench/api/node/extensionHostProcess.js:118:14995
	at file:///home/jojomaverik/.vscode-server/bin/e10f2369d0d9614a452462f2e01cdc4aa9486296/out/vs/workbench/api/node/extensionHostProcess.js:24:1011
	at Object.dispose (file:///home/jojomaverik/.vscode-server/bin/e10f2369d0d9614a452462f2e01cdc4aa9486296/out/vs/workbench/api/node/extensionHostProcess.js:7:2146)
	at hB.eb (file:///home/jojomaverik/.vscode-server/bin/e10f2369d0d9614a452462f2e01cdc4aa9486296/out/vs/workbench/api/node/extensionHostProcess.js:118:11922)
	at file:///home/jojomaverik/.vscode-server/bin/e10f2369d0d9614a452462f2e01cdc4aa9486296/out/vs/workbench/api/node/extensionHostProcess.js:118:9877
	at Array.map (<anonymous>)
	at hB.$ (file:///home/jojomaverik/.vscode-server/bin/e10f2369d0d9614a452462f2e01cdc4aa9486296/out/vs/workbench/api/node/extensionHostProcess.js:118:9865)
	at hB.terminate (file:///home/jojomaverik/.vscode-server/bin/e10f2369d0d9614a452462f2e01cdc4aa9486296/out/vs/workbench/api/node/extensionHostProcess.js:118:10108)
	at M3.terminate (file:///home/jojomaverik/.vscode-server/bin/e10f2369d0d9614a452462f2e01cdc4aa9486296/out/vs/workbench/api/node/extensionHostProcess.js:119:1424)
	at ps (file:///home/jojomaverik/.vscode-server/bin/e10f2369d0d9614a452462f2e01cdc4aa9486296/out/vs/workbench/api/node/extensionHostProcess.js:174:15058)
	at gh.value (file:///home/jojomaverik/.vscode-server/bin/e10f2369d0d9614a452462f2e01cdc4aa9486296/out/vs/workbench/api/node/extensionHostProcess.js:174:13218)
	at T.B (file:///home/jojomaverik/.vscode-server/bin/e10f2369d0d9614a452462f2e01cdc4aa9486296/out/vs/workbench/api/node/extensionHostProcess.js:29:732)
	at T.fire (file:///home/jojomaverik/.vscode-server/bin/e10f2369d0d9614a452462f2e01cdc4aa9486296/out/vs/workbench/api/node/extensionHostProcess.js:29:950)
	at no.fire (file:///home/jojomaverik/.vscode-server/bin/e10f2369d0d9614a452462f2e01cdc4aa9486296/out/vs/workbench/api/node/extensionHostProcess.js:31:9399)
	at Im.A (file:///home/jojomaverik/.vscode-server/bin/e10f2369d0d9614a452462f2e01cdc4aa9486296/out/vs/workbench/api/node/extensionHostProcess.js:31:12515)
	at gh.value (file:///home/jojomaverik/.vscode-server/bin/e10f2369d0d9614a452462f2e01cdc4aa9486296/out/vs/workbench/api/node/extensionHostProcess.js:31:10935)
	at T.B (file:///home/jojomaverik/.vscode-server/bin/e10f2369d0d9614a452462f2e01cdc4aa9486296/out/vs/workbench/api/node/extensionHostProcess.js:29:732)
	at T.fire (file:///home/jojomaverik/.vscode-server/bin/e10f2369d0d9614a452462f2e01cdc4aa9486296/out/vs/workbench/api/node/extensionHostProcess.js:29:950)
	at m5.acceptChunk (file:///home/jojomaverik/.vscode-server/bin/e10f2369d0d9614a452462f2e01cdc4aa9486296/out/vs/workbench/api/node/extensionHostProcess.js:31:7880)
	at gh.value (file:///home/jojomaverik/.vscode-server/bin/e10f2369d0d9614a452462f2e01cdc4aa9486296/out/vs/workbench/api/node/extensionHostProcess.js:31:7166)
	at T.B (file:///home/jojomaverik/.vscode-server/bin/e10f2369d0d9614a452462f2e01cdc4aa9486296/out/vs/workbench/api/node/extensionHostProcess.js:29:732)
	at T.fire (file:///home/jojomaverik/.vscode-server/bin/e10f2369d0d9614a452462f2e01cdc4aa9486296/out/vs/workbench/api/node/extensionHostProcess.js:29:950)
	at _2.z (file:///home/jojomaverik/.vscode-server/bin/e10f2369d0d9614a452462f2e01cdc4aa9486296/out/vs/workbench/api/node/extensionHostProcess.js:31:21892)
	at _2.acceptFrame (file:///home/jojomaverik/.vscode-server/bin/e10f2369d0d9614a452462f2e01cdc4aa9486296/out/vs/workbench/api/node/extensionHostProcess.js:31:21698)
	at z2.n (file:///home/jojomaverik/.vscode-server/bin/e10f2369d0d9614a452462f2e01cdc4aa9486296/out/vs/workbench/api/node/extensionHostProcess.js:31:20224)
	at file:///home/jojomaverik/.vscode-server/bin/e10f2369d0d9614a452462f2e01cdc4aa9486296/out/vs/workbench/api/node/extensionHostProcess.js:31:17454
	at Socket.t (file:///home/jojomaverik/.vscode-server/bin/e10f2369d0d9614a452462f2e01cdc4aa9486296/out/vs/workbench/api/node/extensionHostProcess.js:31:15393)
	at Socket.emit (node:events:519:28)
	at addChunk (node:internal/streams/readable:559:12)
	at readableAddChunkPushByteMode (node:internal/streams/readable:510:3)
	at Readable.push (node:internal/streams/readable:390:5)
	at TCP.onStreamRead (node:internal/stream_base_commons:191:23) setContext undefined
2024-10-11 12:59:49.776 [error] Canceled: Canceled
	at new eA (file:///home/jojomaverik/.vscode-server/bin/e10f2369d0d9614a452462f2e01cdc4aa9486296/out/vs/workbench/api/node/extensionHostProcess.js:31:151177)
	at Zb.U (file:///home/jojomaverik/.vscode-server/bin/e10f2369d0d9614a452462f2e01cdc4aa9486296/out/vs/workbench/api/node/extensionHostProcess.js:31:155789)
	at s.<computed>.n.charCodeAt.s.<computed> (file:///home/jojomaverik/.vscode-server/bin/e10f2369d0d9614a452462f2e01cdc4aa9486296/out/vs/workbench/api/node/extensionHostProcess.js:31:153283)
	at T0.g (file:///home/jojomaverik/.vscode-server/bin/e10f2369d0d9614a452462f2e01cdc4aa9486296/out/vs/workbench/api/node/extensionHostProcess.js:114:32325)
	at T0.executeCommand (file:///home/jojomaverik/.vscode-server/bin/e10f2369d0d9614a452462f2e01cdc4aa9486296/out/vs/workbench/api/node/extensionHostProcess.js:114:31826)
	at r.registerCommand.description (file:///home/jojomaverik/.vscode-server/bin/e10f2369d0d9614a452462f2e01cdc4aa9486296/out/vs/workbench/api/node/extensionHostProcess.js:114:31156)
	at T0.h (file:///home/jojomaverik/.vscode-server/bin/e10f2369d0d9614a452462f2e01cdc4aa9486296/out/vs/workbench/api/node/extensionHostProcess.js:114:32845)
	at T0.g (file:///home/jojomaverik/.vscode-server/bin/e10f2369d0d9614a452462f2e01cdc4aa9486296/out/vs/workbench/api/node/extensionHostProcess.js:114:31919)
	at T0.executeCommand (file:///home/jojomaverik/.vscode-server/bin/e10f2369d0d9614a452462f2e01cdc4aa9486296/out/vs/workbench/api/node/extensionHostProcess.js:114:31826)
	at Object.executeCommand (file:///home/jojomaverik/.vscode-server/bin/e10f2369d0d9614a452462f2e01cdc4aa9486296/out/vs/workbench/api/node/extensionHostProcess.js:156:37049)
	at set hasGitHubRepositories [as hasGitHubRepositories] (/home/jojomaverik/.vscode-server/bin/e10f2369d0d9614a452462f2e01cdc4aa9486296/extensions/github/dist/extension.js:2:321578)
	at /home/jojomaverik/.vscode-server/bin/e10f2369d0d9614a452462f2e01cdc4aa9486296/extensions/github/dist/extension.js:2:322537
	at gh.value (/home/jojomaverik/.vscode-server/bin/e10f2369d0d9614a452462f2e01cdc4aa9486296/extensions/git/dist/main.js:2:1061875)
	at T.B (file:///home/jojomaverik/.vscode-server/bin/e10f2369d0d9614a452462f2e01cdc4aa9486296/out/vs/workbench/api/node/extensionHostProcess.js:29:732)
	at T.C (file:///home/jojomaverik/.vscode-server/bin/e10f2369d0d9614a452462f2e01cdc4aa9486296/out/vs/workbench/api/node/extensionHostProcess.js:29:802)
	at T.fire (file:///home/jojomaverik/.vscode-server/bin/e10f2369d0d9614a452462f2e01cdc4aa9486296/out/vs/workbench/api/node/extensionHostProcess.js:29:1019)
	at Object.p [as dispose] (/home/jojomaverik/.vscode-server/bin/e10f2369d0d9614a452462f2e01cdc4aa9486296/extensions/git/dist/main.js:2:973612)
	at /home/jojomaverik/.vscode-server/bin/e10f2369d0d9614a452462f2e01cdc4aa9486296/extensions/git/dist/main.js:2:979734
	at Array.forEach (<anonymous>)
	at f.dispose (/home/jojomaverik/.vscode-server/bin/e10f2369d0d9614a452462f2e01cdc4aa9486296/extensions/git/dist/main.js:2:979720)
	at D1.<anonymous> (file:///home/jojomaverik/.vscode-server/bin/e10f2369d0d9614a452462f2e01cdc4aa9486296/out/vs/workbench/api/node/extensionHostProcess.js:108:19996)
	at D1.dispose (file:///home/jojomaverik/.vscode-server/bin/e10f2369d0d9614a452462f2e01cdc4aa9486296/out/vs/workbench/api/node/extensionHostProcess.js:108:20092)
	at D1.<anonymous> (/home/jojomaverik/.vscode-server/bin/e10f2369d0d9614a452462f2e01cdc4aa9486296/extensions/git/dist/main.js:2:955332)
	at D1.dispose (file:///home/jojomaverik/.vscode-server/bin/e10f2369d0d9614a452462f2e01cdc4aa9486296/out/vs/workbench/api/node/extensionHostProcess.js:108:20092)
	at Si (file:///home/jojomaverik/.vscode-server/bin/e10f2369d0d9614a452462f2e01cdc4aa9486296/out/vs/workbench/api/node/extensionHostProcess.js:24:701)
	at file:///home/jojomaverik/.vscode-server/bin/e10f2369d0d9614a452462f2e01cdc4aa9486296/out/vs/workbench/api/node/extensionHostProcess.js:118:14995
	at file:///home/jojomaverik/.vscode-server/bin/e10f2369d0d9614a452462f2e01cdc4aa9486296/out/vs/workbench/api/node/extensionHostProcess.js:24:1011
	at Object.dispose (file:///home/jojomaverik/.vscode-server/bin/e10f2369d0d9614a452462f2e01cdc4aa9486296/out/vs/workbench/api/node/extensionHostProcess.js:7:2146)
	at hB.eb (file:///home/jojomaverik/.vscode-server/bin/e10f2369d0d9614a452462f2e01cdc4aa9486296/out/vs/workbench/api/node/extensionHostProcess.js:118:11922)
	at file:///home/jojomaverik/.vscode-server/bin/e10f2369d0d9614a452462f2e01cdc4aa9486296/out/vs/workbench/api/node/extensionHostProcess.js:118:9877
	at Array.map (<anonymous>)
	at hB.$ (file:///home/jojomaverik/.vscode-server/bin/e10f2369d0d9614a452462f2e01cdc4aa9486296/out/vs/workbench/api/node/extensionHostProcess.js:118:9865)
	at hB.terminate (file:///home/jojomaverik/.vscode-server/bin/e10f2369d0d9614a452462f2e01cdc4aa9486296/out/vs/workbench/api/node/extensionHostProcess.js:118:10108)
	at M3.terminate (file:///home/jojomaverik/.vscode-server/bin/e10f2369d0d9614a452462f2e01cdc4aa9486296/out/vs/workbench/api/node/extensionHostProcess.js:119:1424)
	at ps (file:///home/jojomaverik/.vscode-server/bin/e10f2369d0d9614a452462f2e01cdc4aa9486296/out/vs/workbench/api/node/extensionHostProcess.js:174:15058)
	at gh.value (file:///home/jojomaverik/.vscode-server/bin/e10f2369d0d9614a452462f2e01cdc4aa9486296/out/vs/workbench/api/node/extensionHostProcess.js:174:13218)
	at T.B (file:///home/jojomaverik/.vscode-server/bin/e10f2369d0d9614a452462f2e01cdc4aa9486296/out/vs/workbench/api/node/extensionHostProcess.js:29:732)
	at T.fire (file:///home/jojomaverik/.vscode-server/bin/e10f2369d0d9614a452462f2e01cdc4aa9486296/out/vs/workbench/api/node/extensionHostProcess.js:29:950)
	at no.fire (file:///home/jojomaverik/.vscode-server/bin/e10f2369d0d9614a452462f2e01cdc4aa9486296/out/vs/workbench/api/node/extensionHostProcess.js:31:9399)
	at Im.A (file:///home/jojomaverik/.vscode-server/bin/e10f2369d0d9614a452462f2e01cdc4aa9486296/out/vs/workbench/api/node/extensionHostProcess.js:31:12515)
	at gh.value (file:///home/jojomaverik/.vscode-server/bin/e10f2369d0d9614a452462f2e01cdc4aa9486296/out/vs/workbench/api/node/extensionHostProcess.js:31:10935)
	at T.B (file:///home/jojomaverik/.vscode-server/bin/e10f2369d0d9614a452462f2e01cdc4aa9486296/out/vs/workbench/api/node/extensionHostProcess.js:29:732)
	at T.fire (file:///home/jojomaverik/.vscode-server/bin/e10f2369d0d9614a452462f2e01cdc4aa9486296/out/vs/workbench/api/node/extensionHostProcess.js:29:950)
	at m5.acceptChunk (file:///home/jojomaverik/.vscode-server/bin/e10f2369d0d9614a452462f2e01cdc4aa9486296/out/vs/workbench/api/node/extensionHostProcess.js:31:7880)
	at gh.value (file:///home/jojomaverik/.vscode-server/bin/e10f2369d0d9614a452462f2e01cdc4aa9486296/out/vs/workbench/api/node/extensionHostProcess.js:31:7166)
	at T.B (file:///home/jojomaverik/.vscode-server/bin/e10f2369d0d9614a452462f2e01cdc4aa9486296/out/vs/workbench/api/node/extensionHostProcess.js:29:732)
	at T.fire (file:///home/jojomaverik/.vscode-server/bin/e10f2369d0d9614a452462f2e01cdc4aa9486296/out/vs/workbench/api/node/extensionHostProcess.js:29:950)
	at _2.z (file:///home/jojomaverik/.vscode-server/bin/e10f2369d0d9614a452462f2e01cdc4aa9486296/out/vs/workbench/api/node/extensionHostProcess.js:31:21892)
	at _2.acceptFrame (file:///home/jojomaverik/.vscode-server/bin/e10f2369d0d9614a452462f2e01cdc4aa9486296/out/vs/workbench/api/node/extensionHostProcess.js:31:21698)
	at z2.n (file:///home/jojomaverik/.vscode-server/bin/e10f2369d0d9614a452462f2e01cdc4aa9486296/out/vs/workbench/api/node/extensionHostProcess.js:31:20224)
	at file:///home/jojomaverik/.vscode-server/bin/e10f2369d0d9614a452462f2e01cdc4aa9486296/out/vs/workbench/api/node/extensionHostProcess.js:31:17454
	at Socket.t (file:///home/jojomaverik/.vscode-server/bin/e10f2369d0d9614a452462f2e01cdc4aa9486296/out/vs/workbench/api/node/extensionHostProcess.js:31:15393)
	at Socket.emit (node:events:519:28)
	at addChunk (node:internal/streams/readable:559:12)
	at readableAddChunkPushByteMode (node:internal/streams/readable:510:3)
	at Readable.push (node:internal/streams/readable:390:5)
	at TCP.onStreamRead (node:internal/stream_base_commons:191:23) setContext undefined
2024-10-11 12:59:49.778 [error] Canceled: Canceled
	at new eA (file:///home/jojomaverik/.vscode-server/bin/e10f2369d0d9614a452462f2e01cdc4aa9486296/out/vs/workbench/api/node/extensionHostProcess.js:31:151177)
	at Zb.U (file:///home/jojomaverik/.vscode-server/bin/e10f2369d0d9614a452462f2e01cdc4aa9486296/out/vs/workbench/api/node/extensionHostProcess.js:31:155789)
	at s.<computed>.n.charCodeAt.s.<computed> (file:///home/jojomaverik/.vscode-server/bin/e10f2369d0d9614a452462f2e01cdc4aa9486296/out/vs/workbench/api/node/extensionHostProcess.js:31:153283)
	at T0.g (file:///home/jojomaverik/.vscode-server/bin/e10f2369d0d9614a452462f2e01cdc4aa9486296/out/vs/workbench/api/node/extensionHostProcess.js:114:32325)
	at T0.executeCommand (file:///home/jojomaverik/.vscode-server/bin/e10f2369d0d9614a452462f2e01cdc4aa9486296/out/vs/workbench/api/node/extensionHostProcess.js:114:31826)
	at r.registerCommand.description (file:///home/jojomaverik/.vscode-server/bin/e10f2369d0d9614a452462f2e01cdc4aa9486296/out/vs/workbench/api/node/extensionHostProcess.js:114:31156)
	at T0.h (file:///home/jojomaverik/.vscode-server/bin/e10f2369d0d9614a452462f2e01cdc4aa9486296/out/vs/workbench/api/node/extensionHostProcess.js:114:32845)
	at T0.g (file:///home/jojomaverik/.vscode-server/bin/e10f2369d0d9614a452462f2e01cdc4aa9486296/out/vs/workbench/api/node/extensionHostProcess.js:114:31919)
	at T0.executeCommand (file:///home/jojomaverik/.vscode-server/bin/e10f2369d0d9614a452462f2e01cdc4aa9486296/out/vs/workbench/api/node/extensionHostProcess.js:114:31826)
	at Object.executeCommand (file:///home/jojomaverik/.vscode-server/bin/e10f2369d0d9614a452462f2e01cdc4aa9486296/out/vs/workbench/api/node/extensionHostProcess.js:156:37049)
	at e (/home/jojomaverik/.vscode-server/extensions/github.vscode-pull-request-github-0.98.0/dist/extension.js:2052:1867)
	at Object.n [as setContext] (/home/jojomaverik/.vscode-server/extensions/github.vscode-pull-request-github-0.98.0/dist/extension.js:2052:1982)
	at mm.updateActiveReviewCount (/home/jojomaverik/.vscode-server/extensions/github.vscode-pull-request-github-0.98.0/dist/extension.js:2129:23381)
	at mm.removeRepo (/home/jojomaverik/.vscode-server/extensions/github.vscode-pull-request-github-0.98.0/dist/extension.js:2129:24564)
	at gh.value (/home/jojomaverik/.vscode-server/extensions/github.vscode-pull-request-github-0.98.0/dist/extension.js:2244:4191)
	at T.B (file:///home/jojomaverik/.vscode-server/bin/e10f2369d0d9614a452462f2e01cdc4aa9486296/out/vs/workbench/api/node/extensionHostProcess.js:29:732)
	at T.C (file:///home/jojomaverik/.vscode-server/bin/e10f2369d0d9614a452462f2e01cdc4aa9486296/out/vs/workbench/api/node/extensionHostProcess.js:29:802)
	at T.fire (file:///home/jojomaverik/.vscode-server/bin/e10f2369d0d9614a452462f2e01cdc4aa9486296/out/vs/workbench/api/node/extensionHostProcess.js:29:1019)
	at gh.value (/home/jojomaverik/.vscode-server/extensions/github.vscode-pull-request-github-0.98.0/dist/extension.js:2021:444083)
	at T.B (file:///home/jojomaverik/.vscode-server/bin/e10f2369d0d9614a452462f2e01cdc4aa9486296/out/vs/workbench/api/node/extensionHostProcess.js:29:732)
	at T.fire (file:///home/jojomaverik/.vscode-server/bin/e10f2369d0d9614a452462f2e01cdc4aa9486296/out/vs/workbench/api/node/extensionHostProcess.js:29:950)
	at /home/jojomaverik/.vscode-server/extensions/github.vscode-pull-request-github-0.98.0/dist/extension.js:2129:28280
	at gh.value (/home/jojomaverik/.vscode-server/bin/e10f2369d0d9614a452462f2e01cdc4aa9486296/extensions/git/dist/main.js:2:1061875)
	at T.B (file:///home/jojomaverik/.vscode-server/bin/e10f2369d0d9614a452462f2e01cdc4aa9486296/out/vs/workbench/api/node/extensionHostProcess.js:29:732)
	at T.C (file:///home/jojomaverik/.vscode-server/bin/e10f2369d0d9614a452462f2e01cdc4aa9486296/out/vs/workbench/api/node/extensionHostProcess.js:29:802)
	at T.fire (file:///home/jojomaverik/.vscode-server/bin/e10f2369d0d9614a452462f2e01cdc4aa9486296/out/vs/workbench/api/node/extensionHostProcess.js:29:1019)
	at Object.p [as dispose] (/home/jojomaverik/.vscode-server/bin/e10f2369d0d9614a452462f2e01cdc4aa9486296/extensions/git/dist/main.js:2:973612)
	at /home/jojomaverik/.vscode-server/bin/e10f2369d0d9614a452462f2e01cdc4aa9486296/extensions/git/dist/main.js:2:979734
	at Array.forEach (<anonymous>)
	at f.dispose (/home/jojomaverik/.vscode-server/bin/e10f2369d0d9614a452462f2e01cdc4aa9486296/extensions/git/dist/main.js:2:979720)
	at D1.<anonymous> (file:///home/jojomaverik/.vscode-server/bin/e10f2369d0d9614a452462f2e01cdc4aa9486296/out/vs/workbench/api/node/extensionHostProcess.js:108:19996)
	at D1.dispose (file:///home/jojomaverik/.vscode-server/bin/e10f2369d0d9614a452462f2e01cdc4aa9486296/out/vs/workbench/api/node/extensionHostProcess.js:108:20092)
	at D1.<anonymous> (/home/jojomaverik/.vscode-server/bin/e10f2369d0d9614a452462f2e01cdc4aa9486296/extensions/git/dist/main.js:2:955332)
	at D1.dispose (file:///home/jojomaverik/.vscode-server/bin/e10f2369d0d9614a452462f2e01cdc4aa9486296/out/vs/workbench/api/node/extensionHostProcess.js:108:20092)
	at Si (file:///home/jojomaverik/.vscode-server/bin/e10f2369d0d9614a452462f2e01cdc4aa9486296/out/vs/workbench/api/node/extensionHostProcess.js:24:701)
	at file:///home/jojomaverik/.vscode-server/bin/e10f2369d0d9614a452462f2e01cdc4aa9486296/out/vs/workbench/api/node/extensionHostProcess.js:118:14995
	at file:///home/jojomaverik/.vscode-server/bin/e10f2369d0d9614a452462f2e01cdc4aa9486296/out/vs/workbench/api/node/extensionHostProcess.js:24:1011
	at Object.dispose (file:///home/jojomaverik/.vscode-server/bin/e10f2369d0d9614a452462f2e01cdc4aa9486296/out/vs/workbench/api/node/extensionHostProcess.js:7:2146)
	at hB.eb (file:///home/jojomaverik/.vscode-server/bin/e10f2369d0d9614a452462f2e01cdc4aa9486296/out/vs/workbench/api/node/extensionHostProcess.js:118:11922)
	at file:///home/jojomaverik/.vscode-server/bin/e10f2369d0d9614a452462f2e01cdc4aa9486296/out/vs/workbench/api/node/extensionHostProcess.js:118:9877
	at Array.map (<anonymous>)
	at hB.$ (file:///home/jojomaverik/.vscode-server/bin/e10f2369d0d9614a452462f2e01cdc4aa9486296/out/vs/workbench/api/node/extensionHostProcess.js:118:9865)
	at hB.terminate (file:///home/jojomaverik/.vscode-server/bin/e10f2369d0d9614a452462f2e01cdc4aa9486296/out/vs/workbench/api/node/extensionHostProcess.js:118:10108)
	at M3.terminate (file:///home/jojomaverik/.vscode-server/bin/e10f2369d0d9614a452462f2e01cdc4aa9486296/out/vs/workbench/api/node/extensionHostProcess.js:119:1424)
	at ps (file:///home/jojomaverik/.vscode-server/bin/e10f2369d0d9614a452462f2e01cdc4aa9486296/out/vs/workbench/api/node/extensionHostProcess.js:174:15058)
	at gh.value (file:///home/jojomaverik/.vscode-server/bin/e10f2369d0d9614a452462f2e01cdc4aa9486296/out/vs/workbench/api/node/extensionHostProcess.js:174:13218)
	at T.B (file:///home/jojomaverik/.vscode-server/bin/e10f2369d0d9614a452462f2e01cdc4aa9486296/out/vs/workbench/api/node/extensionHostProcess.js:29:732)
	at T.fire (file:///home/jojomaverik/.vscode-server/bin/e10f2369d0d9614a452462f2e01cdc4aa9486296/out/vs/workbench/api/node/extensionHostProcess.js:29:950)
	at no.fire (file:///home/jojomaverik/.vscode-server/bin/e10f2369d0d9614a452462f2e01cdc4aa9486296/out/vs/workbench/api/node/extensionHostProcess.js:31:9399)
	at Im.A (file:///home/jojomaverik/.vscode-server/bin/e10f2369d0d9614a452462f2e01cdc4aa9486296/out/vs/workbench/api/node/extensionHostProcess.js:31:12515)
	at gh.value (file:///home/jojomaverik/.vscode-server/bin/e10f2369d0d9614a452462f2e01cdc4aa9486296/out/vs/workbench/api/node/extensionHostProcess.js:31:10935)
	at T.B (file:///home/jojomaverik/.vscode-server/bin/e10f2369d0d9614a452462f2e01cdc4aa9486296/out/vs/workbench/api/node/extensionHostProcess.js:29:732)
	at T.fire (file:///home/jojomaverik/.vscode-server/bin/e10f2369d0d9614a452462f2e01cdc4aa9486296/out/vs/workbench/api/node/extensionHostProcess.js:29:950)
	at m5.acceptChunk (file:///home/jojomaverik/.vscode-server/bin/e10f2369d0d9614a452462f2e01cdc4aa9486296/out/vs/workbench/api/node/extensionHostProcess.js:31:7880)
	at gh.value (file:///home/jojomaverik/.vscode-server/bin/e10f2369d0d9614a452462f2e01cdc4aa9486296/out/vs/workbench/api/node/extensionHostProcess.js:31:7166)
	at T.B (file:///home/jojomaverik/.vscode-server/bin/e10f2369d0d9614a452462f2e01cdc4aa9486296/out/vs/workbench/api/node/extensionHostProcess.js:29:732)
	at T.fire (file:///home/jojomaverik/.vscode-server/bin/e10f2369d0d9614a452462f2e01cdc4aa9486296/out/vs/workbench/api/node/extensionHostProcess.js:29:950)
	at _2.z (file:///home/jojomaverik/.vscode-server/bin/e10f2369d0d9614a452462f2e01cdc4aa9486296/out/vs/workbench/api/node/extensionHostProcess.js:31:21892)
	at _2.acceptFrame (file:///home/jojomaverik/.vscode-server/bin/e10f2369d0d9614a452462f2e01cdc4aa9486296/out/vs/workbench/api/node/extensionHostProcess.js:31:21698)
	at z2.n (file:///home/jojomaverik/.vscode-server/bin/e10f2369d0d9614a452462f2e01cdc4aa9486296/out/vs/workbench/api/node/extensionHostProcess.js:31:20224)
	at file:///home/jojomaverik/.vscode-server/bin/e10f2369d0d9614a452462f2e01cdc4aa9486296/out/vs/workbench/api/node/extensionHostProcess.js:31:17454
	at Socket.t (file:///home/jojomaverik/.vscode-server/bin/e10f2369d0d9614a452462f2e01cdc4aa9486296/out/vs/workbench/api/node/extensionHostProcess.js:31:15393)
	at Socket.emit (node:events:519:28)
	at addChunk (node:internal/streams/readable:559:12)
	at readableAddChunkPushByteMode (node:internal/streams/readable:510:3)
	at Readable.push (node:internal/streams/readable:390:5)
	at TCP.onStreamRead (node:internal/stream_base_commons:191:23) setContext undefined
2024-10-11 12:59:49.779 [error] Canceled: Canceled
	at new eA (file:///home/jojomaverik/.vscode-server/bin/e10f2369d0d9614a452462f2e01cdc4aa9486296/out/vs/workbench/api/node/extensionHostProcess.js:31:151177)
	at Zb.U (file:///home/jojomaverik/.vscode-server/bin/e10f2369d0d9614a452462f2e01cdc4aa9486296/out/vs/workbench/api/node/extensionHostProcess.js:31:155789)
	at s.<computed>.n.charCodeAt.s.<computed> (file:///home/jojomaverik/.vscode-server/bin/e10f2369d0d9614a452462f2e01cdc4aa9486296/out/vs/workbench/api/node/extensionHostProcess.js:31:153283)
	at T0.g (file:///home/jojomaverik/.vscode-server/bin/e10f2369d0d9614a452462f2e01cdc4aa9486296/out/vs/workbench/api/node/extensionHostProcess.js:114:32325)
	at T0.executeCommand (file:///home/jojomaverik/.vscode-server/bin/e10f2369d0d9614a452462f2e01cdc4aa9486296/out/vs/workbench/api/node/extensionHostProcess.js:114:31826)
	at r.registerCommand.description (file:///home/jojomaverik/.vscode-server/bin/e10f2369d0d9614a452462f2e01cdc4aa9486296/out/vs/workbench/api/node/extensionHostProcess.js:114:31156)
	at T0.h (file:///home/jojomaverik/.vscode-server/bin/e10f2369d0d9614a452462f2e01cdc4aa9486296/out/vs/workbench/api/node/extensionHostProcess.js:114:32845)
	at T0.g (file:///home/jojomaverik/.vscode-server/bin/e10f2369d0d9614a452462f2e01cdc4aa9486296/out/vs/workbench/api/node/extensionHostProcess.js:114:31919)
	at T0.executeCommand (file:///home/jojomaverik/.vscode-server/bin/e10f2369d0d9614a452462f2e01cdc4aa9486296/out/vs/workbench/api/node/extensionHostProcess.js:114:31826)
	at Object.executeCommand (file:///home/jojomaverik/.vscode-server/bin/e10f2369d0d9614a452462f2e01cdc4aa9486296/out/vs/workbench/api/node/extensionHostProcess.js:156:37049)
	at e (/home/jojomaverik/.vscode-server/extensions/github.vscode-pull-request-github-0.98.0/dist/extension.js:2052:1867)
	at Object.n [as setContext] (/home/jojomaverik/.vscode-server/extensions/github.vscode-pull-request-github-0.98.0/dist/extension.js:2052:1982)
	at uh.setReviewModeContexts (/home/jojomaverik/.vscode-server/extensions/github.vscode-pull-request-github-0.98.0/dist/extension.js:2231:20992)
	at uh.removePrFromView (/home/jojomaverik/.vscode-server/extensions/github.vscode-pull-request-github-0.98.0/dist/extension.js:2231:21619)
	at wp.clear (/home/jojomaverik/.vscode-server/extensions/github.vscode-pull-request-github-0.98.0/dist/extension.js:2110:10466)
	at wp.dispose (/home/jojomaverik/.vscode-server/extensions/github.vscode-pull-request-github-0.98.0/dist/extension.js:2112:172)
	at fh.removeReviewManager (/home/jojomaverik/.vscode-server/extensions/github.vscode-pull-request-github-0.98.0/dist/extension.js:2231:53236)
	at gh.value (/home/jojomaverik/.vscode-server/extensions/github.vscode-pull-request-github-0.98.0/dist/extension.js:2244:4209)
	at T.B (file:///home/jojomaverik/.vscode-server/bin/e10f2369d0d9614a452462f2e01cdc4aa9486296/out/vs/workbench/api/node/extensionHostProcess.js:29:732)
	at T.C (file:///home/jojomaverik/.vscode-server/bin/e10f2369d0d9614a452462f2e01cdc4aa9486296/out/vs/workbench/api/node/extensionHostProcess.js:29:802)
	at T.fire (file:///home/jojomaverik/.vscode-server/bin/e10f2369d0d9614a452462f2e01cdc4aa9486296/out/vs/workbench/api/node/extensionHostProcess.js:29:1019)
	at gh.value (/home/jojomaverik/.vscode-server/extensions/github.vscode-pull-request-github-0.98.0/dist/extension.js:2021:444083)
	at T.B (file:///home/jojomaverik/.vscode-server/bin/e10f2369d0d9614a452462f2e01cdc4aa9486296/out/vs/workbench/api/node/extensionHostProcess.js:29:732)
	at T.fire (file:///home/jojomaverik/.vscode-server/bin/e10f2369d0d9614a452462f2e01cdc4aa9486296/out/vs/workbench/api/node/extensionHostProcess.js:29:950)
	at /home/jojomaverik/.vscode-server/extensions/github.vscode-pull-request-github-0.98.0/dist/extension.js:2129:28280
	at gh.value (/home/jojomaverik/.vscode-server/bin/e10f2369d0d9614a452462f2e01cdc4aa9486296/extensions/git/dist/main.js:2:1061875)
	at T.B (file:///home/jojomaverik/.vscode-server/bin/e10f2369d0d9614a452462f2e01cdc4aa9486296/out/vs/workbench/api/node/extensionHostProcess.js:29:732)
	at T.C (file:///home/jojomaverik/.vscode-server/bin/e10f2369d0d9614a452462f2e01cdc4aa9486296/out/vs/workbench/api/node/extensionHostProcess.js:29:802)
	at T.fire (file:///home/jojomaverik/.vscode-server/bin/e10f2369d0d9614a452462f2e01cdc4aa9486296/out/vs/workbench/api/node/extensionHostProcess.js:29:1019)
	at Object.p [as dispose] (/home/jojomaverik/.vscode-server/bin/e10f2369d0d9614a452462f2e01cdc4aa9486296/extensions/git/dist/main.js:2:973612)
	at /home/jojomaverik/.vscode-server/bin/e10f2369d0d9614a452462f2e01cdc4aa9486296/extensions/git/dist/main.js:2:979734
	at Array.forEach (<anonymous>)
	at f.dispose (/home/jojomaverik/.vscode-server/bin/e10f2369d0d9614a452462f2e01cdc4aa9486296/extensions/git/dist/main.js:2:979720)
	at D1.<anonymous> (file:///home/jojomaverik/.vscode-server/bin/e10f2369d0d9614a452462f2e01cdc4aa9486296/out/vs/workbench/api/node/extensionHostProcess.js:108:19996)
	at D1.dispose (file:///home/jojomaverik/.vscode-server/bin/e10f2369d0d9614a452462f2e01cdc4aa9486296/out/vs/workbench/api/node/extensionHostProcess.js:108:20092)
	at D1.<anonymous> (/home/jojomaverik/.vscode-server/bin/e10f2369d0d9614a452462f2e01cdc4aa9486296/extensions/git/dist/main.js:2:955332)
	at D1.dispose (file:///home/jojomaverik/.vscode-server/bin/e10f2369d0d9614a452462f2e01cdc4aa9486296/out/vs/workbench/api/node/extensionHostProcess.js:108:20092)
	at Si (file:///home/jojomaverik/.vscode-server/bin/e10f2369d0d9614a452462f2e01cdc4aa9486296/out/vs/workbench/api/node/extensionHostProcess.js:24:701)
	at file:///home/jojomaverik/.vscode-server/bin/e10f2369d0d9614a452462f2e01cdc4aa9486296/out/vs/workbench/api/node/extensionHostProcess.js:118:14995
	at file:///home/jojomaverik/.vscode-server/bin/e10f2369d0d9614a452462f2e01cdc4aa9486296/out/vs/workbench/api/node/extensionHostProcess.js:24:1011
	at Object.dispose (file:///home/jojomaverik/.vscode-server/bin/e10f2369d0d9614a452462f2e01cdc4aa9486296/out/vs/workbench/api/node/extensionHostProcess.js:7:2146)
	at hB.eb (file:///home/jojomaverik/.vscode-server/bin/e10f2369d0d9614a452462f2e01cdc4aa9486296/out/vs/workbench/api/node/extensionHostProcess.js:118:11922)
	at file:///home/jojomaverik/.vscode-server/bin/e10f2369d0d9614a452462f2e01cdc4aa9486296/out/vs/workbench/api/node/extensionHostProcess.js:118:9877
	at Array.map (<anonymous>)
	at hB.$ (file:///home/jojomaverik/.vscode-server/bin/e10f2369d0d9614a452462f2e01cdc4aa9486296/out/vs/workbench/api/node/extensionHostProcess.js:118:9865)
	at hB.terminate (file:///home/jojomaverik/.vscode-server/bin/e10f2369d0d9614a452462f2e01cdc4aa9486296/out/vs/workbench/api/node/extensionHostProcess.js:118:10108)
	at M3.terminate (file:///home/jojomaverik/.vscode-server/bin/e10f2369d0d9614a452462f2e01cdc4aa9486296/out/vs/workbench/api/node/extensionHostProcess.js:119:1424)
	at ps (file:///home/jojomaverik/.vscode-server/bin/e10f2369d0d9614a452462f2e01cdc4aa9486296/out/vs/workbench/api/node/extensionHostProcess.js:174:15058)
	at gh.value (file:///home/jojomaverik/.vscode-server/bin/e10f2369d0d9614a452462f2e01cdc4aa9486296/out/vs/workbench/api/node/extensionHostProcess.js:174:13218)
	at T.B (file:///home/jojomaverik/.vscode-server/bin/e10f2369d0d9614a452462f2e01cdc4aa9486296/out/vs/workbench/api/node/extensionHostProcess.js:29:732)
	at T.fire (file:///home/jojomaverik/.vscode-server/bin/e10f2369d0d9614a452462f2e01cdc4aa9486296/out/vs/workbench/api/node/extensionHostProcess.js:29:950)
	at no.fire (file:///home/jojomaverik/.vscode-server/bin/e10f2369d0d9614a452462f2e01cdc4aa9486296/out/vs/workbench/api/node/extensionHostProcess.js:31:9399)
	at Im.A (file:///home/jojomaverik/.vscode-server/bin/e10f2369d0d9614a452462f2e01cdc4aa9486296/out/vs/workbench/api/node/extensionHostProcess.js:31:12515)
	at gh.value (file:///home/jojomaverik/.vscode-server/bin/e10f2369d0d9614a452462f2e01cdc4aa9486296/out/vs/workbench/api/node/extensionHostProcess.js:31:10935)
	at T.B (file:///home/jojomaverik/.vscode-server/bin/e10f2369d0d9614a452462f2e01cdc4aa9486296/out/vs/workbench/api/node/extensionHostProcess.js:29:732)
	at T.fire (file:///home/jojomaverik/.vscode-server/bin/e10f2369d0d9614a452462f2e01cdc4aa9486296/out/vs/workbench/api/node/extensionHostProcess.js:29:950)
	at m5.acceptChunk (file:///home/jojomaverik/.vscode-server/bin/e10f2369d0d9614a452462f2e01cdc4aa9486296/out/vs/workbench/api/node/extensionHostProcess.js:31:7880)
	at gh.value (file:///home/jojomaverik/.vscode-server/bin/e10f2369d0d9614a452462f2e01cdc4aa9486296/out/vs/workbench/api/node/extensionHostProcess.js:31:7166)
	at T.B (file:///home/jojomaverik/.vscode-server/bin/e10f2369d0d9614a452462f2e01cdc4aa9486296/out/vs/workbench/api/node/extensionHostProcess.js:29:732)
	at T.fire (file:///home/jojomaverik/.vscode-server/bin/e10f2369d0d9614a452462f2e01cdc4aa9486296/out/vs/workbench/api/node/extensionHostProcess.js:29:950)
	at _2.z (file:///home/jojomaverik/.vscode-server/bin/e10f2369d0d9614a452462f2e01cdc4aa9486296/out/vs/workbench/api/node/extensionHostProcess.js:31:21892)
	at _2.acceptFrame (file:///home/jojomaverik/.vscode-server/bin/e10f2369d0d9614a452462f2e01cdc4aa9486296/out/vs/workbench/api/node/extensionHostProcess.js:31:21698)
	at z2.n (file:///home/jojomaverik/.vscode-server/bin/e10f2369d0d9614a452462f2e01cdc4aa9486296/out/vs/workbench/api/node/extensionHostProcess.js:31:20224)
	at file:///home/jojomaverik/.vscode-server/bin/e10f2369d0d9614a452462f2e01cdc4aa9486296/out/vs/workbench/api/node/extensionHostProcess.js:31:17454
	at Socket.t (file:///home/jojomaverik/.vscode-server/bin/e10f2369d0d9614a452462f2e01cdc4aa9486296/out/vs/workbench/api/node/extensionHostProcess.js:31:15393)
	at Socket.emit (node:events:519:28)
	at addChunk (node:internal/streams/readable:559:12)
	at readableAddChunkPushByteMode (node:internal/streams/readable:510:3)
	at Readable.push (node:internal/streams/readable:390:5)
	at TCP.onStreamRead (node:internal/stream_base_commons:191:23) setContext undefined
2024-10-11 12:59:49.779 [error] Canceled: Canceled
	at new eA (file:///home/jojomaverik/.vscode-server/bin/e10f2369d0d9614a452462f2e01cdc4aa9486296/out/vs/workbench/api/node/extensionHostProcess.js:31:151177)
	at Zb.U (file:///home/jojomaverik/.vscode-server/bin/e10f2369d0d9614a452462f2e01cdc4aa9486296/out/vs/workbench/api/node/extensionHostProcess.js:31:155789)
	at s.<computed>.n.charCodeAt.s.<computed> (file:///home/jojomaverik/.vscode-server/bin/e10f2369d0d9614a452462f2e01cdc4aa9486296/out/vs/workbench/api/node/extensionHostProcess.js:31:153283)
	at T0.g (file:///home/jojomaverik/.vscode-server/bin/e10f2369d0d9614a452462f2e01cdc4aa9486296/out/vs/workbench/api/node/extensionHostProcess.js:114:32325)
	at T0.executeCommand (file:///home/jojomaverik/.vscode-server/bin/e10f2369d0d9614a452462f2e01cdc4aa9486296/out/vs/workbench/api/node/extensionHostProcess.js:114:31826)
	at r.registerCommand.description (file:///home/jojomaverik/.vscode-server/bin/e10f2369d0d9614a452462f2e01cdc4aa9486296/out/vs/workbench/api/node/extensionHostProcess.js:114:31156)
	at T0.h (file:///home/jojomaverik/.vscode-server/bin/e10f2369d0d9614a452462f2e01cdc4aa9486296/out/vs/workbench/api/node/extensionHostProcess.js:114:32845)
	at T0.g (file:///home/jojomaverik/.vscode-server/bin/e10f2369d0d9614a452462f2e01cdc4aa9486296/out/vs/workbench/api/node/extensionHostProcess.js:114:31919)
	at T0.executeCommand (file:///home/jojomaverik/.vscode-server/bin/e10f2369d0d9614a452462f2e01cdc4aa9486296/out/vs/workbench/api/node/extensionHostProcess.js:114:31826)
	at Object.executeCommand (file:///home/jojomaverik/.vscode-server/bin/e10f2369d0d9614a452462f2e01cdc4aa9486296/out/vs/workbench/api/node/extensionHostProcess.js:156:37049)
	at f (/home/jojomaverik/.vscode-server/extensions/eamodio.gitlens-15.6.0/dist/gitlens.js:1492:14481)
	at c (/home/jojomaverik/.vscode-server/extensions/eamodio.gitlens-15.6.0/dist/gitlens.js:1492:19040)
	at ActionRunners._updateContextKeys (/home/jojomaverik/.vscode-server/extensions/eamodio.gitlens-15.6.0/dist/gitlens.js:1107:65658)
	at s (/home/jojomaverik/.vscode-server/extensions/eamodio.gitlens-15.6.0/dist/gitlens.js:1107:64102)
	at RegisteredActionRunner.unregister (/home/jojomaverik/.vscode-server/extensions/eamodio.gitlens-15.6.0/dist/gitlens.js:1107:64245)
	at RegisteredActionRunner.dispose (/home/jojomaverik/.vscode-server/extensions/eamodio.gitlens-15.6.0/dist/gitlens.js:1107:62899)
	at ActionRunners.dispose (/home/jojomaverik/.vscode-server/extensions/eamodio.gitlens-15.6.0/dist/gitlens.js:1107:63685)
	at /home/jojomaverik/.vscode-server/extensions/eamodio.gitlens-15.6.0/dist/gitlens.js:1448:19218
	at Array.forEach (<anonymous>)
	at Object.dispose (/home/jojomaverik/.vscode-server/extensions/eamodio.gitlens-15.6.0/dist/gitlens.js:1448:19200)
	at Si (file:///home/jojomaverik/.vscode-server/bin/e10f2369d0d9614a452462f2e01cdc4aa9486296/out/vs/workbench/api/node/extensionHostProcess.js:24:701)
	at file:///home/jojomaverik/.vscode-server/bin/e10f2369d0d9614a452462f2e01cdc4aa9486296/out/vs/workbench/api/node/extensionHostProcess.js:118:14995
	at file:///home/jojomaverik/.vscode-server/bin/e10f2369d0d9614a452462f2e01cdc4aa9486296/out/vs/workbench/api/node/extensionHostProcess.js:24:1011
	at Object.dispose (file:///home/jojomaverik/.vscode-server/bin/e10f2369d0d9614a452462f2e01cdc4aa9486296/out/vs/workbench/api/node/extensionHostProcess.js:7:2146)
	at hB.eb (file:///home/jojomaverik/.vscode-server/bin/e10f2369d0d9614a452462f2e01cdc4aa9486296/out/vs/workbench/api/node/extensionHostProcess.js:118:11922)
	at file:///home/jojomaverik/.vscode-server/bin/e10f2369d0d9614a452462f2e01cdc4aa9486296/out/vs/workbench/api/node/extensionHostProcess.js:118:9877
	at Array.map (<anonymous>)
	at hB.$ (file:///home/jojomaverik/.vscode-server/bin/e10f2369d0d9614a452462f2e01cdc4aa9486296/out/vs/workbench/api/node/extensionHostProcess.js:118:9865)
	at hB.terminate (file:///home/jojomaverik/.vscode-server/bin/e10f2369d0d9614a452462f2e01cdc4aa9486296/out/vs/workbench/api/node/extensionHostProcess.js:118:10108)
	at M3.terminate (file:///home/jojomaverik/.vscode-server/bin/e10f2369d0d9614a452462f2e01cdc4aa9486296/out/vs/workbench/api/node/extensionHostProcess.js:119:1424)
	at ps (file:///home/jojomaverik/.vscode-server/bin/e10f2369d0d9614a452462f2e01cdc4aa9486296/out/vs/workbench/api/node/extensionHostProcess.js:174:15058)
	at gh.value (file:///home/jojomaverik/.vscode-server/bin/e10f2369d0d9614a452462f2e01cdc4aa9486296/out/vs/workbench/api/node/extensionHostProcess.js:174:13218)
	at T.B (file:///home/jojomaverik/.vscode-server/bin/e10f2369d0d9614a452462f2e01cdc4aa9486296/out/vs/workbench/api/node/extensionHostProcess.js:29:732)
	at T.fire (file:///home/jojomaverik/.vscode-server/bin/e10f2369d0d9614a452462f2e01cdc4aa9486296/out/vs/workbench/api/node/extensionHostProcess.js:29:950)
	at no.fire (file:///home/jojomaverik/.vscode-server/bin/e10f2369d0d9614a452462f2e01cdc4aa9486296/out/vs/workbench/api/node/extensionHostProcess.js:31:9399)
	at Im.A (file:///home/jojomaverik/.vscode-server/bin/e10f2369d0d9614a452462f2e01cdc4aa9486296/out/vs/workbench/api/node/extensionHostProcess.js:31:12515)
	at gh.value (file:///home/jojomaverik/.vscode-server/bin/e10f2369d0d9614a452462f2e01cdc4aa9486296/out/vs/workbench/api/node/extensionHostProcess.js:31:10935)
	at T.B (file:///home/jojomaverik/.vscode-server/bin/e10f2369d0d9614a452462f2e01cdc4aa9486296/out/vs/workbench/api/node/extensionHostProcess.js:29:732)
	at T.fire (file:///home/jojomaverik/.vscode-server/bin/e10f2369d0d9614a452462f2e01cdc4aa9486296/out/vs/workbench/api/node/extensionHostProcess.js:29:950)
	at m5.acceptChunk (file:///home/jojomaverik/.vscode-server/bin/e10f2369d0d9614a452462f2e01cdc4aa9486296/out/vs/workbench/api/node/extensionHostProcess.js:31:7880)
	at gh.value (file:///home/jojomaverik/.vscode-server/bin/e10f2369d0d9614a452462f2e01cdc4aa9486296/out/vs/workbench/api/node/extensionHostProcess.js:31:7166)
	at T.B (file:///home/jojomaverik/.vscode-server/bin/e10f2369d0d9614a452462f2e01cdc4aa9486296/out/vs/workbench/api/node/extensionHostProcess.js:29:732)
	at T.fire (file:///home/jojomaverik/.vscode-server/bin/e10f2369d0d9614a452462f2e01cdc4aa9486296/out/vs/workbench/api/node/extensionHostProcess.js:29:950)
	at _2.z (file:///home/jojomaverik/.vscode-server/bin/e10f2369d0d9614a452462f2e01cdc4aa9486296/out/vs/workbench/api/node/extensionHostProcess.js:31:21892)
	at _2.acceptFrame (file:///home/jojomaverik/.vscode-server/bin/e10f2369d0d9614a452462f2e01cdc4aa9486296/out/vs/workbench/api/node/extensionHostProcess.js:31:21698)
	at z2.n (file:///home/jojomaverik/.vscode-server/bin/e10f2369d0d9614a452462f2e01cdc4aa9486296/out/vs/workbench/api/node/extensionHostProcess.js:31:20224)
	at file:///home/jojomaverik/.vscode-server/bin/e10f2369d0d9614a452462f2e01cdc4aa9486296/out/vs/workbench/api/node/extensionHostProcess.js:31:17454
	at Socket.t (file:///home/jojomaverik/.vscode-server/bin/e10f2369d0d9614a452462f2e01cdc4aa9486296/out/vs/workbench/api/node/extensionHostProcess.js:31:15393)
	at Socket.emit (node:events:519:28)
	at addChunk (node:internal/streams/readable:559:12)
	at readableAddChunkPushByteMode (node:internal/streams/readable:510:3)
	at Readable.push (node:internal/streams/readable:390:5)
	at TCP.onStreamRead (node:internal/stream_base_commons:191:23) setContext undefined
2024-10-11 12:59:49.780 [error] Canceled: Canceled
	at new eA (file:///home/jojomaverik/.vscode-server/bin/e10f2369d0d9614a452462f2e01cdc4aa9486296/out/vs/workbench/api/node/extensionHostProcess.js:31:151177)
	at Zb.U (file:///home/jojomaverik/.vscode-server/bin/e10f2369d0d9614a452462f2e01cdc4aa9486296/out/vs/workbench/api/node/extensionHostProcess.js:31:155789)
	at s.<computed>.n.charCodeAt.s.<computed> (file:///home/jojomaverik/.vscode-server/bin/e10f2369d0d9614a452462f2e01cdc4aa9486296/out/vs/workbench/api/node/extensionHostProcess.js:31:153283)
	at T0.g (file:///home/jojomaverik/.vscode-server/bin/e10f2369d0d9614a452462f2e01cdc4aa9486296/out/vs/workbench/api/node/extensionHostProcess.js:114:32325)
	at T0.executeCommand (file:///home/jojomaverik/.vscode-server/bin/e10f2369d0d9614a452462f2e01cdc4aa9486296/out/vs/workbench/api/node/extensionHostProcess.js:114:31826)
	at r.registerCommand.description (file:///home/jojomaverik/.vscode-server/bin/e10f2369d0d9614a452462f2e01cdc4aa9486296/out/vs/workbench/api/node/extensionHostProcess.js:114:31156)
	at T0.h (file:///home/jojomaverik/.vscode-server/bin/e10f2369d0d9614a452462f2e01cdc4aa9486296/out/vs/workbench/api/node/extensionHostProcess.js:114:32845)
	at T0.g (file:///home/jojomaverik/.vscode-server/bin/e10f2369d0d9614a452462f2e01cdc4aa9486296/out/vs/workbench/api/node/extensionHostProcess.js:114:31919)
	at T0.executeCommand (file:///home/jojomaverik/.vscode-server/bin/e10f2369d0d9614a452462f2e01cdc4aa9486296/out/vs/workbench/api/node/extensionHostProcess.js:114:31826)
	at Object.executeCommand (file:///home/jojomaverik/.vscode-server/bin/e10f2369d0d9614a452462f2e01cdc4aa9486296/out/vs/workbench/api/node/extensionHostProcess.js:156:37049)
	at f (/home/jojomaverik/.vscode-server/extensions/eamodio.gitlens-15.6.0/dist/gitlens.js:1492:14481)
	at c (/home/jojomaverik/.vscode-server/extensions/eamodio.gitlens-15.6.0/dist/gitlens.js:1492:19040)
	at ActionRunners._updateContextKeys (/home/jojomaverik/.vscode-server/extensions/eamodio.gitlens-15.6.0/dist/gitlens.js:1107:65658)
	at s (/home/jojomaverik/.vscode-server/extensions/eamodio.gitlens-15.6.0/dist/gitlens.js:1107:64102)
	at RegisteredActionRunner.unregister (/home/jojomaverik/.vscode-server/extensions/eamodio.gitlens-15.6.0/dist/gitlens.js:1107:64245)
	at RegisteredActionRunner.dispose (/home/jojomaverik/.vscode-server/extensions/eamodio.gitlens-15.6.0/dist/gitlens.js:1107:62899)
	at ActionRunners.dispose (/home/jojomaverik/.vscode-server/extensions/eamodio.gitlens-15.6.0/dist/gitlens.js:1107:63685)
	at /home/jojomaverik/.vscode-server/extensions/eamodio.gitlens-15.6.0/dist/gitlens.js:1448:19218
	at Array.forEach (<anonymous>)
	at Object.dispose (/home/jojomaverik/.vscode-server/extensions/eamodio.gitlens-15.6.0/dist/gitlens.js:1448:19200)
	at Si (file:///home/jojomaverik/.vscode-server/bin/e10f2369d0d9614a452462f2e01cdc4aa9486296/out/vs/workbench/api/node/extensionHostProcess.js:24:701)
	at file:///home/jojomaverik/.vscode-server/bin/e10f2369d0d9614a452462f2e01cdc4aa9486296/out/vs/workbench/api/node/extensionHostProcess.js:118:14995
	at file:///home/jojomaverik/.vscode-server/bin/e10f2369d0d9614a452462f2e01cdc4aa9486296/out/vs/workbench/api/node/extensionHostProcess.js:24:1011
	at Object.dispose (file:///home/jojomaverik/.vscode-server/bin/e10f2369d0d9614a452462f2e01cdc4aa9486296/out/vs/workbench/api/node/extensionHostProcess.js:7:2146)
	at hB.eb (file:///home/jojomaverik/.vscode-server/bin/e10f2369d0d9614a452462f2e01cdc4aa9486296/out/vs/workbench/api/node/extensionHostProcess.js:118:11922)
	at file:///home/jojomaverik/.vscode-server/bin/e10f2369d0d9614a452462f2e01cdc4aa9486296/out/vs/workbench/api/node/extensionHostProcess.js:118:9877
	at Array.map (<anonymous>)
	at hB.$ (file:///home/jojomaverik/.vscode-server/bin/e10f2369d0d9614a452462f2e01cdc4aa9486296/out/vs/workbench/api/node/extensionHostProcess.js:118:9865)
	at hB.terminate (file:///home/jojomaverik/.vscode-server/bin/e10f2369d0d9614a452462f2e01cdc4aa9486296/out/vs/workbench/api/node/extensionHostProcess.js:118:10108)
	at M3.terminate (file:///home/jojomaverik/.vscode-server/bin/e10f2369d0d9614a452462f2e01cdc4aa9486296/out/vs/workbench/api/node/extensionHostProcess.js:119:1424)
	at ps (file:///home/jojomaverik/.vscode-server/bin/e10f2369d0d9614a452462f2e01cdc4aa9486296/out/vs/workbench/api/node/extensionHostProcess.js:174:15058)
	at gh.value (file:///home/jojomaverik/.vscode-server/bin/e10f2369d0d9614a452462f2e01cdc4aa9486296/out/vs/workbench/api/node/extensionHostProcess.js:174:13218)
	at T.B (file:///home/jojomaverik/.vscode-server/bin/e10f2369d0d9614a452462f2e01cdc4aa9486296/out/vs/workbench/api/node/extensionHostProcess.js:29:732)
	at T.fire (file:///home/jojomaverik/.vscode-server/bin/e10f2369d0d9614a452462f2e01cdc4aa9486296/out/vs/workbench/api/node/extensionHostProcess.js:29:950)
	at no.fire (file:///home/jojomaverik/.vscode-server/bin/e10f2369d0d9614a452462f2e01cdc4aa9486296/out/vs/workbench/api/node/extensionHostProcess.js:31:9399)
	at Im.A (file:///home/jojomaverik/.vscode-server/bin/e10f2369d0d9614a452462f2e01cdc4aa9486296/out/vs/workbench/api/node/extensionHostProcess.js:31:12515)
	at gh.value (file:///home/jojomaverik/.vscode-server/bin/e10f2369d0d9614a452462f2e01cdc4aa9486296/out/vs/workbench/api/node/extensionHostProcess.js:31:10935)
	at T.B (file:///home/jojomaverik/.vscode-server/bin/e10f2369d0d9614a452462f2e01cdc4aa9486296/out/vs/workbench/api/node/extensionHostProcess.js:29:732)
	at T.fire (file:///home/jojomaverik/.vscode-server/bin/e10f2369d0d9614a452462f2e01cdc4aa9486296/out/vs/workbench/api/node/extensionHostProcess.js:29:950)
	at m5.acceptChunk (file:///home/jojomaverik/.vscode-server/bin/e10f2369d0d9614a452462f2e01cdc4aa9486296/out/vs/workbench/api/node/extensionHostProcess.js:31:7880)
	at gh.value (file:///home/jojomaverik/.vscode-server/bin/e10f2369d0d9614a452462f2e01cdc4aa9486296/out/vs/workbench/api/node/extensionHostProcess.js:31:7166)
	at T.B (file:///home/jojomaverik/.vscode-server/bin/e10f2369d0d9614a452462f2e01cdc4aa9486296/out/vs/workbench/api/node/extensionHostProcess.js:29:732)
	at T.fire (file:///home/jojomaverik/.vscode-server/bin/e10f2369d0d9614a452462f2e01cdc4aa9486296/out/vs/workbench/api/node/extensionHostProcess.js:29:950)
	at _2.z (file:///home/jojomaverik/.vscode-server/bin/e10f2369d0d9614a452462f2e01cdc4aa9486296/out/vs/workbench/api/node/extensionHostProcess.js:31:21892)
	at _2.acceptFrame (file:///home/jojomaverik/.vscode-server/bin/e10f2369d0d9614a452462f2e01cdc4aa9486296/out/vs/workbench/api/node/extensionHostProcess.js:31:21698)
	at z2.n (file:///home/jojomaverik/.vscode-server/bin/e10f2369d0d9614a452462f2e01cdc4aa9486296/out/vs/workbench/api/node/extensionHostProcess.js:31:20224)
	at file:///home/jojomaverik/.vscode-server/bin/e10f2369d0d9614a452462f2e01cdc4aa9486296/out/vs/workbench/api/node/extensionHostProcess.js:31:17454
	at Socket.t (file:///home/jojomaverik/.vscode-server/bin/e10f2369d0d9614a452462f2e01cdc4aa9486296/out/vs/workbench/api/node/extensionHostProcess.js:31:15393)
	at Socket.emit (node:events:519:28)
	at addChunk (node:internal/streams/readable:559:12)
	at readableAddChunkPushByteMode (node:internal/streams/readable:510:3)
	at Readable.push (node:internal/streams/readable:390:5)
	at TCP.onStreamRead (node:internal/stream_base_commons:191:23) setContext undefined
2024-10-11 12:59:49.780 [error] Canceled: Canceled
	at new eA (file:///home/jojomaverik/.vscode-server/bin/e10f2369d0d9614a452462f2e01cdc4aa9486296/out/vs/workbench/api/node/extensionHostProcess.js:31:151177)
	at Zb.U (file:///home/jojomaverik/.vscode-server/bin/e10f2369d0d9614a452462f2e01cdc4aa9486296/out/vs/workbench/api/node/extensionHostProcess.js:31:155789)
	at s.<computed>.n.charCodeAt.s.<computed> (file:///home/jojomaverik/.vscode-server/bin/e10f2369d0d9614a452462f2e01cdc4aa9486296/out/vs/workbench/api/node/extensionHostProcess.js:31:153283)
	at T0.g (file:///home/jojomaverik/.vscode-server/bin/e10f2369d0d9614a452462f2e01cdc4aa9486296/out/vs/workbench/api/node/extensionHostProcess.js:114:32325)
	at T0.executeCommand (file:///home/jojomaverik/.vscode-server/bin/e10f2369d0d9614a452462f2e01cdc4aa9486296/out/vs/workbench/api/node/extensionHostProcess.js:114:31826)
	at r.registerCommand.description (file:///home/jojomaverik/.vscode-server/bin/e10f2369d0d9614a452462f2e01cdc4aa9486296/out/vs/workbench/api/node/extensionHostProcess.js:114:31156)
	at T0.h (file:///home/jojomaverik/.vscode-server/bin/e10f2369d0d9614a452462f2e01cdc4aa9486296/out/vs/workbench/api/node/extensionHostProcess.js:114:32845)
	at T0.g (file:///home/jojomaverik/.vscode-server/bin/e10f2369d0d9614a452462f2e01cdc4aa9486296/out/vs/workbench/api/node/extensionHostProcess.js:114:31919)
	at T0.executeCommand (file:///home/jojomaverik/.vscode-server/bin/e10f2369d0d9614a452462f2e01cdc4aa9486296/out/vs/workbench/api/node/extensionHostProcess.js:114:31826)
	at Object.executeCommand (file:///home/jojomaverik/.vscode-server/bin/e10f2369d0d9614a452462f2e01cdc4aa9486296/out/vs/workbench/api/node/extensionHostProcess.js:156:37049)
	at f (/home/jojomaverik/.vscode-server/extensions/eamodio.gitlens-15.6.0/dist/gitlens.js:1492:14481)
	at c (/home/jojomaverik/.vscode-server/extensions/eamodio.gitlens-15.6.0/dist/gitlens.js:1492:19040)
	at ActionRunners._updateContextKeys (/home/jojomaverik/.vscode-server/extensions/eamodio.gitlens-15.6.0/dist/gitlens.js:1107:65658)
	at s (/home/jojomaverik/.vscode-server/extensions/eamodio.gitlens-15.6.0/dist/gitlens.js:1107:64102)
	at RegisteredActionRunner.unregister (/home/jojomaverik/.vscode-server/extensions/eamodio.gitlens-15.6.0/dist/gitlens.js:1107:64245)
	at RegisteredActionRunner.dispose (/home/jojomaverik/.vscode-server/extensions/eamodio.gitlens-15.6.0/dist/gitlens.js:1107:62899)
	at Object.dispose (/home/jojomaverik/.vscode-server/extensions/eamodio.gitlens-15.6.0/dist/gitlens.js:1107:64339)
	at Si (file:///home/jojomaverik/.vscode-server/bin/e10f2369d0d9614a452462f2e01cdc4aa9486296/out/vs/workbench/api/node/extensionHostProcess.js:24:701)
	at file:///home/jojomaverik/.vscode-server/bin/e10f2369d0d9614a452462f2e01cdc4aa9486296/out/vs/workbench/api/node/extensionHostProcess.js:118:14995
	at file:///home/jojomaverik/.vscode-server/bin/e10f2369d0d9614a452462f2e01cdc4aa9486296/out/vs/workbench/api/node/extensionHostProcess.js:24:1011
	at Object.dispose (file:///home/jojomaverik/.vscode-server/bin/e10f2369d0d9614a452462f2e01cdc4aa9486296/out/vs/workbench/api/node/extensionHostProcess.js:7:2146)
	at hB.eb (file:///home/jojomaverik/.vscode-server/bin/e10f2369d0d9614a452462f2e01cdc4aa9486296/out/vs/workbench/api/node/extensionHostProcess.js:118:11922)
	at file:///home/jojomaverik/.vscode-server/bin/e10f2369d0d9614a452462f2e01cdc4aa9486296/out/vs/workbench/api/node/extensionHostProcess.js:118:9877
	at Array.map (<anonymous>)
	at hB.$ (file:///home/jojomaverik/.vscode-server/bin/e10f2369d0d9614a452462f2e01cdc4aa9486296/out/vs/workbench/api/node/extensionHostProcess.js:118:9865)
	at hB.terminate (file:///home/jojomaverik/.vscode-server/bin/e10f2369d0d9614a452462f2e01cdc4aa9486296/out/vs/workbench/api/node/extensionHostProcess.js:118:10108)
	at M3.terminate (file:///home/jojomaverik/.vscode-server/bin/e10f2369d0d9614a452462f2e01cdc4aa9486296/out/vs/workbench/api/node/extensionHostProcess.js:119:1424)
	at ps (file:///home/jojomaverik/.vscode-server/bin/e10f2369d0d9614a452462f2e01cdc4aa9486296/out/vs/workbench/api/node/extensionHostProcess.js:174:15058)
	at gh.value (file:///home/jojomaverik/.vscode-server/bin/e10f2369d0d9614a452462f2e01cdc4aa9486296/out/vs/workbench/api/node/extensionHostProcess.js:174:13218)
	at T.B (file:///home/jojomaverik/.vscode-server/bin/e10f2369d0d9614a452462f2e01cdc4aa9486296/out/vs/workbench/api/node/extensionHostProcess.js:29:732)
	at T.fire (file:///home/jojomaverik/.vscode-server/bin/e10f2369d0d9614a452462f2e01cdc4aa9486296/out/vs/workbench/api/node/extensionHostProcess.js:29:950)
	at no.fire (file:///home/jojomaverik/.vscode-server/bin/e10f2369d0d9614a452462f2e01cdc4aa9486296/out/vs/workbench/api/node/extensionHostProcess.js:31:9399)
	at Im.A (file:///home/jojomaverik/.vscode-server/bin/e10f2369d0d9614a452462f2e01cdc4aa9486296/out/vs/workbench/api/node/extensionHostProcess.js:31:12515)
	at gh.value (file:///home/jojomaverik/.vscode-server/bin/e10f2369d0d9614a452462f2e01cdc4aa9486296/out/vs/workbench/api/node/extensionHostProcess.js:31:10935)
	at T.B (file:///home/jojomaverik/.vscode-server/bin/e10f2369d0d9614a452462f2e01cdc4aa9486296/out/vs/workbench/api/node/extensionHostProcess.js:29:732)
	at T.fire (file:///home/jojomaverik/.vscode-server/bin/e10f2369d0d9614a452462f2e01cdc4aa9486296/out/vs/workbench/api/node/extensionHostProcess.js:29:950)
	at m5.acceptChunk (file:///home/jojomaverik/.vscode-server/bin/e10f2369d0d9614a452462f2e01cdc4aa9486296/out/vs/workbench/api/node/extensionHostProcess.js:31:7880)
	at gh.value (file:///home/jojomaverik/.vscode-server/bin/e10f2369d0d9614a452462f2e01cdc4aa9486296/out/vs/workbench/api/node/extensionHostProcess.js:31:7166)
	at T.B (file:///home/jojomaverik/.vscode-server/bin/e10f2369d0d9614a452462f2e01cdc4aa9486296/out/vs/workbench/api/node/extensionHostProcess.js:29:732)
	at T.fire (file:///home/jojomaverik/.vscode-server/bin/e10f2369d0d9614a452462f2e01cdc4aa9486296/out/vs/workbench/api/node/extensionHostProcess.js:29:950)
	at _2.z (file:///home/jojomaverik/.vscode-server/bin/e10f2369d0d9614a452462f2e01cdc4aa9486296/out/vs/workbench/api/node/extensionHostProcess.js:31:21892)
	at _2.acceptFrame (file:///home/jojomaverik/.vscode-server/bin/e10f2369d0d9614a452462f2e01cdc4aa9486296/out/vs/workbench/api/node/extensionHostProcess.js:31:21698)
	at z2.n (file:///home/jojomaverik/.vscode-server/bin/e10f2369d0d9614a452462f2e01cdc4aa9486296/out/vs/workbench/api/node/extensionHostProcess.js:31:20224)
	at file:///home/jojomaverik/.vscode-server/bin/e10f2369d0d9614a452462f2e01cdc4aa9486296/out/vs/workbench/api/node/extensionHostProcess.js:31:17454
	at Socket.t (file:///home/jojomaverik/.vscode-server/bin/e10f2369d0d9614a452462f2e01cdc4aa9486296/out/vs/workbench/api/node/extensionHostProcess.js:31:15393)
	at Socket.emit (node:events:519:28)
	at addChunk (node:internal/streams/readable:559:12)
	at readableAddChunkPushByteMode (node:internal/streams/readable:510:3)
	at Readable.push (node:internal/streams/readable:390:5)
	at TCP.onStreamRead (node:internal/stream_base_commons:191:23) setContext undefined
2024-10-11 12:59:49.833 [error] TypeError: Cannot read properties of undefined (reading 'stop')
	at SessionTelemetry.endSession (/home/jojomaverik/.vscode-server/extensions/ms-vsliveshare.vsliveshare-1.0.5941/extension.js:1:584970)
	at SessionContext.updateTelemetryContext (/home/jojomaverik/.vscode-server/extensions/ms-vsliveshare.vsliveshare-1.0.5941/extension.js:1:159195)
	at SessionContext.onSessionStateChanged (/home/jojomaverik/.vscode-server/extensions/ms-vsliveshare.vsliveshare-1.0.5941/extension.js:1:162533)
	at T.B (file:///home/jojomaverik/.vscode-server/bin/e10f2369d0d9614a452462f2e01cdc4aa9486296/out/vs/workbench/api/node/extensionHostProcess.js:29:732)
	at T.C (file:///home/jojomaverik/.vscode-server/bin/e10f2369d0d9614a452462f2e01cdc4aa9486296/out/vs/workbench/api/node/extensionHostProcess.js:29:802)
	at T.fire (file:///home/jojomaverik/.vscode-server/bin/e10f2369d0d9614a452462f2e01cdc4aa9486296/out/vs/workbench/api/node/extensionHostProcess.js:29:1019)
	at SessionStateTracker.setState (/home/jojomaverik/.vscode-server/extensions/ms-vsliveshare.vsliveshare-1.0.5941/extension.js:1:167078)
	at SessionStateTracker.transition (/home/jojomaverik/.vscode-server/extensions/ms-vsliveshare.vsliveshare-1.0.5941/extension.js:1:166787)
	at LeaveCollaborationCommand.invoke (/home/jojomaverik/.vscode-server/extensions/ms-vsliveshare.vsliveshare-1.0.5941/extension.js:1:1655700)
	at process.processTicksAndRejections (node:internal/process/task_queues:95:5)
2024-10-11 12:59:49.847 [info] Extension host with pid 129 exiting with code 0
