2024-10-09 17:43:31.609 [info] [main] Log level: Info
2024-10-09 17:43:31.609 [info] [main] Validating found git in: "git"
2024-10-09 17:43:31.609 [info] [main] Using git "2.43.0" from "git"
2024-10-09 17:43:31.609 [info] [Model][doInitialScan] Initial repository scan started
2024-10-09 17:43:31.609 [info] > git rev-parse --show-toplevel [4ms]
2024-10-09 17:43:31.609 [info] fatal: not a git repository (or any of the parent directories): .git
2024-10-09 17:43:31.610 [warning] [Model][traverseWorkspaceFolder] Unable to read workspace folder '/lost+found': Error: EACCES: permission denied, scandir '/lost+found'
2024-10-09 17:43:31.612 [warning] [Model][traverseWorkspaceFolder] Unable to read workspace folder '/root': Error: EACCES: permission denied, scandir '/root'
2024-10-09 17:43:31.618 [info] > git rev-parse --show-toplevel [1ms]
2024-10-09 17:43:31.618 [info] fatal: not a git repository (or any of the parent directories): .git
2024-10-09 17:43:31.668 [info] > git rev-parse --show-toplevel [46ms]
2024-10-09 17:43:31.668 [info] fatal: not a git repository (or any of the parent directories): .git
2024-10-09 17:43:31.675 [info] > git rev-parse --show-toplevel [3ms]
2024-10-09 17:43:31.675 [info] fatal: not a git repository (or any parent up to mount point /)
Stopping at filesystem boundary (GIT_DISCOVERY_ACROSS_FILESYSTEM not set).
2024-10-09 17:43:31.678 [info] > git rev-parse --show-toplevel [0ms]
2024-10-09 17:43:31.679 [info] fatal: not a git repository (or any of the parent directories): .git
2024-10-09 17:43:31.681 [info] > git rev-parse --show-toplevel [0ms]
2024-10-09 17:43:31.681 [info] fatal: not a git repository (or any of the parent directories): .git
2024-10-09 17:43:31.685 [info] > git rev-parse --show-toplevel [1ms]
2024-10-09 17:43:31.685 [info] fatal: not a git repository (or any of the parent directories): .git
2024-10-09 17:43:31.689 [info] > git rev-parse --show-toplevel [1ms]
2024-10-09 17:43:31.689 [info] fatal: not a git repository (or any of the parent directories): .git
2024-10-09 17:43:31.694 [info] > git rev-parse --show-toplevel [1ms]
2024-10-09 17:43:31.694 [info] fatal: not a git repository (or any of the parent directories): .git
2024-10-09 17:43:31.698 [info] > git rev-parse --show-toplevel [1ms]
2024-10-09 17:43:31.698 [info] fatal: not a git repository (or any of the parent directories): .git
2024-10-09 17:43:31.702 [info] > git rev-parse --show-toplevel [0ms]
2024-10-09 17:43:31.702 [info] fatal: not a git repository (or any parent up to mount point /)
Stopping at filesystem boundary (GIT_DISCOVERY_ACROSS_FILESYSTEM not set).
2024-10-09 17:43:31.706 [info] > git rev-parse --show-toplevel [1ms]
2024-10-09 17:43:31.706 [info] fatal: not a git repository (or any parent up to mount point /)
Stopping at filesystem boundary (GIT_DISCOVERY_ACROSS_FILESYSTEM not set).
2024-10-09 17:43:31.711 [info] > git rev-parse --show-toplevel [1ms]
2024-10-09 17:43:31.711 [info] fatal: not a git repository (or any of the parent directories): .git
2024-10-09 17:43:31.714 [info] > git rev-parse --show-toplevel [0ms]
2024-10-09 17:43:31.714 [info] fatal: not a git repository (or any of the parent directories): .git
2024-10-09 17:43:31.718 [info] > git rev-parse --show-toplevel [1ms]
2024-10-09 17:43:31.718 [info] fatal: not a git repository (or any of the parent directories): .git
2024-10-09 17:43:31.721 [info] > git rev-parse --show-toplevel [1ms]
2024-10-09 17:43:31.721 [info] fatal: not a git repository (or any parent up to mount point /)
Stopping at filesystem boundary (GIT_DISCOVERY_ACROSS_FILESYSTEM not set).
2024-10-09 17:43:31.725 [info] > git rev-parse --show-toplevel [2ms]
2024-10-09 17:43:31.725 [info] fatal: not a git repository (or any of the parent directories): .git
2024-10-09 17:43:31.728 [info] > git rev-parse --show-toplevel [1ms]
2024-10-09 17:43:31.728 [info] fatal: not a git repository (or any of the parent directories): .git
2024-10-09 17:43:31.730 [info] > git rev-parse --show-toplevel [1ms]
2024-10-09 17:43:31.730 [info] fatal: not a git repository (or any of the parent directories): .git
2024-10-09 17:43:31.732 [info] [Model][doInitialScan] Initial repository scan completed - repositories (0), closed repositories (0), parent repositories (0), unsafe repositories (0)
