2024-10-04 12:07:40.845 [info] [main] Log level: Info
2024-10-04 12:07:40.845 [info] [main] Validating found git in: "git"
2024-10-04 12:07:40.845 [info] [main] Using git "2.43.0" from "git"
2024-10-04 12:07:40.845 [info] [Model][doInitialScan] Initial repository scan started
2024-10-04 12:07:40.845 [info] > git rev-parse --show-toplevel [6ms]
2024-10-04 12:07:40.845 [info] fatal: not a git repository (or any of the parent directories): .git
2024-10-04 12:07:40.845 [info] > git rev-parse --show-toplevel [3ms]
2024-10-04 12:07:40.845 [info] fatal: not a git repository (or any of the parent directories): .git
2024-10-04 12:07:40.851 [info] > git rev-parse --show-toplevel [6ms]
2024-10-04 12:07:40.851 [info] fatal: not a git repository (or any of the parent directories): .git
2024-10-04 12:07:40.854 [info] > git rev-parse --show-toplevel [1ms]
2024-10-04 12:07:40.855 [info] fatal: not a git repository (or any of the parent directories): .git
2024-10-04 12:07:40.857 [info] > git rev-parse --show-toplevel [1ms]
2024-10-04 12:07:40.857 [info] fatal: not a git repository (or any of the parent directories): .git
2024-10-04 12:07:40.859 [info] > git rev-parse --show-toplevel [1ms]
2024-10-04 12:07:40.860 [info] fatal: not a git repository (or any of the parent directories): .git
2024-10-04 12:07:40.865 [info] [Model][doInitialScan] Initial repository scan completed - repositories (0), closed repositories (0), parent repositories (0), unsafe repositories (0)
2024-10-04 12:09:23.354 [info] > git rev-parse --show-toplevel [2ms]
2024-10-04 12:09:23.354 [info] fatal: not a git repository (or any of the parent directories): .git
2024-10-04 12:09:25.863 [info] > git rev-parse --show-toplevel [2ms]
2024-10-04 12:09:25.863 [info] fatal: not a git repository (or any of the parent directories): .git
2024-10-04 12:09:26.656 [info] > git rev-parse --show-toplevel [2ms]
2024-10-04 12:09:26.656 [info] fatal: not a git repository (or any of the parent directories): .git
2024-10-04 12:09:28.278 [info] > git rev-parse --show-toplevel [3ms]
2024-10-04 12:09:28.278 [info] fatal: not a git repository (or any of the parent directories): .git
2024-10-04 12:09:34.259 [info] > git rev-parse --show-toplevel [2ms]
2024-10-04 12:09:34.259 [info] fatal: not a git repository (or any of the parent directories): .git
2024-10-04 12:09:39.326 [info] > git rev-parse --show-toplevel [6ms]
2024-10-04 12:09:39.326 [info] fatal: not a git repository (or any of the parent directories): .git
2024-10-04 12:09:44.036 [info] > git rev-parse --show-toplevel [1ms]
2024-10-04 12:09:44.036 [info] fatal: not a git repository (or any of the parent directories): .git
2024-10-04 12:09:45.311 [info] > git rev-parse --show-toplevel [1ms]
2024-10-04 12:09:45.311 [info] fatal: not a git repository (or any of the parent directories): .git
2024-10-04 12:09:53.963 [info] > git rev-parse --show-toplevel [1ms]
2024-10-04 12:09:53.964 [info] fatal: not a git repository (or any of the parent directories): .git
2024-10-04 12:59:11.645 [info] > git rev-parse --show-toplevel [2ms]
2024-10-04 12:59:11.645 [info] fatal: not a git repository (or any of the parent directories): .git
2024-10-04 12:59:30.932 [info] > git rev-parse --show-toplevel [2ms]
2024-10-04 12:59:30.932 [info] fatal: not a git repository (or any of the parent directories): .git
