2024-10-09 16:04:57.817 [info] Extension host with pid 1108 started
2024-10-09 16:04:57.864 [info] ExtensionService#_doActivateExtension vscode.git-base, startup: true, activationEvent: '*', root cause: vscode.git
2024-10-09 16:04:57.912 [info] ExtensionService#_doActivateExtension vscode.git, startup: true, activationEvent: '*'
2024-10-09 16:04:57.912 [info] ExtensionService#_doActivateExtension vscode.github, startup: true, activationEvent: '*'
2024-10-09 16:04:58.179 [info] Eager extensions activated
2024-10-09 16:04:58.180 [info] ExtensionService#_doActivateExtension vscode.debug-auto-launch, startup: false, activationEvent: 'onStartupFinished'
2024-10-09 16:04:58.180 [info] ExtensionService#_doActivateExtension vscode.merge-conflict, startup: false, activationEvent: 'onStartupFinished'
2024-10-09 16:07:18.980 [info] ExtensionService#_doActivateExtension ms-vsliveshare.vsliveshare, startup: false, activationEvent: 'onView:liveshare.session'
2024-10-09 16:07:28.978 [info] Extension host terminating: received terminate message from renderer
2024-10-09 16:07:29.022 [error] Canceled: Canceled
	at Ac (file:///home/jojomaverik/.vscode-server/bin/d78a74bcdfad14d5d3b1b782f87255d802b57511/out/vs/workbench/api/node/extensionHostProcess.js:7:1122)
	at file:///home/jojomaverik/.vscode-server/bin/d78a74bcdfad14d5d3b1b782f87255d802b57511/out/vs/workbench/api/node/extensionHostProcess.js:31:152630
	at Array.forEach (<anonymous>)
	at Zb.dispose (file:///home/jojomaverik/.vscode-server/bin/d78a74bcdfad14d5d3b1b782f87255d802b57511/out/vs/workbench/api/node/extensionHostProcess.js:31:152570)
	at hB.terminate (file:///home/jojomaverik/.vscode-server/bin/d78a74bcdfad14d5d3b1b782f87255d802b57511/out/vs/workbench/api/node/extensionHostProcess.js:118:10085)
	at M3.terminate (file:///home/jojomaverik/.vscode-server/bin/d78a74bcdfad14d5d3b1b782f87255d802b57511/out/vs/workbench/api/node/extensionHostProcess.js:119:1424)
	at ps (file:///home/jojomaverik/.vscode-server/bin/d78a74bcdfad14d5d3b1b782f87255d802b57511/out/vs/workbench/api/node/extensionHostProcess.js:174:15058)
	at gh.value (file:///home/jojomaverik/.vscode-server/bin/d78a74bcdfad14d5d3b1b782f87255d802b57511/out/vs/workbench/api/node/extensionHostProcess.js:174:13218)
	at T.B (file:///home/jojomaverik/.vscode-server/bin/d78a74bcdfad14d5d3b1b782f87255d802b57511/out/vs/workbench/api/node/extensionHostProcess.js:29:732)
	at T.fire (file:///home/jojomaverik/.vscode-server/bin/d78a74bcdfad14d5d3b1b782f87255d802b57511/out/vs/workbench/api/node/extensionHostProcess.js:29:950)
	at no.fire (file:///home/jojomaverik/.vscode-server/bin/d78a74bcdfad14d5d3b1b782f87255d802b57511/out/vs/workbench/api/node/extensionHostProcess.js:31:9399)
	at Im.A (file:///home/jojomaverik/.vscode-server/bin/d78a74bcdfad14d5d3b1b782f87255d802b57511/out/vs/workbench/api/node/extensionHostProcess.js:31:12515)
	at gh.value (file:///home/jojomaverik/.vscode-server/bin/d78a74bcdfad14d5d3b1b782f87255d802b57511/out/vs/workbench/api/node/extensionHostProcess.js:31:10935)
	at T.B (file:///home/jojomaverik/.vscode-server/bin/d78a74bcdfad14d5d3b1b782f87255d802b57511/out/vs/workbench/api/node/extensionHostProcess.js:29:732)
	at T.fire (file:///home/jojomaverik/.vscode-server/bin/d78a74bcdfad14d5d3b1b782f87255d802b57511/out/vs/workbench/api/node/extensionHostProcess.js:29:950)
	at m5.acceptChunk (file:///home/jojomaverik/.vscode-server/bin/d78a74bcdfad14d5d3b1b782f87255d802b57511/out/vs/workbench/api/node/extensionHostProcess.js:31:7880)
	at gh.value (file:///home/jojomaverik/.vscode-server/bin/d78a74bcdfad14d5d3b1b782f87255d802b57511/out/vs/workbench/api/node/extensionHostProcess.js:31:7166)
	at T.B (file:///home/jojomaverik/.vscode-server/bin/d78a74bcdfad14d5d3b1b782f87255d802b57511/out/vs/workbench/api/node/extensionHostProcess.js:29:732)
	at T.fire (file:///home/jojomaverik/.vscode-server/bin/d78a74bcdfad14d5d3b1b782f87255d802b57511/out/vs/workbench/api/node/extensionHostProcess.js:29:950)
	at _2.z (file:///home/jojomaverik/.vscode-server/bin/d78a74bcdfad14d5d3b1b782f87255d802b57511/out/vs/workbench/api/node/extensionHostProcess.js:31:21892)
	at _2.acceptFrame (file:///home/jojomaverik/.vscode-server/bin/d78a74bcdfad14d5d3b1b782f87255d802b57511/out/vs/workbench/api/node/extensionHostProcess.js:31:21698)
	at z2.n (file:///home/jojomaverik/.vscode-server/bin/d78a74bcdfad14d5d3b1b782f87255d802b57511/out/vs/workbench/api/node/extensionHostProcess.js:31:20224)
	at file:///home/jojomaverik/.vscode-server/bin/d78a74bcdfad14d5d3b1b782f87255d802b57511/out/vs/workbench/api/node/extensionHostProcess.js:31:17454
	at Socket.t (file:///home/jojomaverik/.vscode-server/bin/d78a74bcdfad14d5d3b1b782f87255d802b57511/out/vs/workbench/api/node/extensionHostProcess.js:31:15393)
	at Socket.emit (node:events:519:28)
	at addChunk (node:internal/streams/readable:559:12)
	at readableAddChunkPushByteMode (node:internal/streams/readable:510:3)
	at Readable.push (node:internal/streams/readable:390:5)
	at TCP.onStreamRead (node:internal/stream_base_commons:191:23) setContext undefined
2024-10-09 16:07:29.023 [error] Canceled: Canceled
	at Ac (file:///home/jojomaverik/.vscode-server/bin/d78a74bcdfad14d5d3b1b782f87255d802b57511/out/vs/workbench/api/node/extensionHostProcess.js:7:1122)
	at file:///home/jojomaverik/.vscode-server/bin/d78a74bcdfad14d5d3b1b782f87255d802b57511/out/vs/workbench/api/node/extensionHostProcess.js:31:152630
	at Array.forEach (<anonymous>)
	at Zb.dispose (file:///home/jojomaverik/.vscode-server/bin/d78a74bcdfad14d5d3b1b782f87255d802b57511/out/vs/workbench/api/node/extensionHostProcess.js:31:152570)
	at hB.terminate (file:///home/jojomaverik/.vscode-server/bin/d78a74bcdfad14d5d3b1b782f87255d802b57511/out/vs/workbench/api/node/extensionHostProcess.js:118:10085)
	at M3.terminate (file:///home/jojomaverik/.vscode-server/bin/d78a74bcdfad14d5d3b1b782f87255d802b57511/out/vs/workbench/api/node/extensionHostProcess.js:119:1424)
	at ps (file:///home/jojomaverik/.vscode-server/bin/d78a74bcdfad14d5d3b1b782f87255d802b57511/out/vs/workbench/api/node/extensionHostProcess.js:174:15058)
	at gh.value (file:///home/jojomaverik/.vscode-server/bin/d78a74bcdfad14d5d3b1b782f87255d802b57511/out/vs/workbench/api/node/extensionHostProcess.js:174:13218)
	at T.B (file:///home/jojomaverik/.vscode-server/bin/d78a74bcdfad14d5d3b1b782f87255d802b57511/out/vs/workbench/api/node/extensionHostProcess.js:29:732)
	at T.fire (file:///home/jojomaverik/.vscode-server/bin/d78a74bcdfad14d5d3b1b782f87255d802b57511/out/vs/workbench/api/node/extensionHostProcess.js:29:950)
	at no.fire (file:///home/jojomaverik/.vscode-server/bin/d78a74bcdfad14d5d3b1b782f87255d802b57511/out/vs/workbench/api/node/extensionHostProcess.js:31:9399)
	at Im.A (file:///home/jojomaverik/.vscode-server/bin/d78a74bcdfad14d5d3b1b782f87255d802b57511/out/vs/workbench/api/node/extensionHostProcess.js:31:12515)
	at gh.value (file:///home/jojomaverik/.vscode-server/bin/d78a74bcdfad14d5d3b1b782f87255d802b57511/out/vs/workbench/api/node/extensionHostProcess.js:31:10935)
	at T.B (file:///home/jojomaverik/.vscode-server/bin/d78a74bcdfad14d5d3b1b782f87255d802b57511/out/vs/workbench/api/node/extensionHostProcess.js:29:732)
	at T.fire (file:///home/jojomaverik/.vscode-server/bin/d78a74bcdfad14d5d3b1b782f87255d802b57511/out/vs/workbench/api/node/extensionHostProcess.js:29:950)
	at m5.acceptChunk (file:///home/jojomaverik/.vscode-server/bin/d78a74bcdfad14d5d3b1b782f87255d802b57511/out/vs/workbench/api/node/extensionHostProcess.js:31:7880)
	at gh.value (file:///home/jojomaverik/.vscode-server/bin/d78a74bcdfad14d5d3b1b782f87255d802b57511/out/vs/workbench/api/node/extensionHostProcess.js:31:7166)
	at T.B (file:///home/jojomaverik/.vscode-server/bin/d78a74bcdfad14d5d3b1b782f87255d802b57511/out/vs/workbench/api/node/extensionHostProcess.js:29:732)
	at T.fire (file:///home/jojomaverik/.vscode-server/bin/d78a74bcdfad14d5d3b1b782f87255d802b57511/out/vs/workbench/api/node/extensionHostProcess.js:29:950)
	at _2.z (file:///home/jojomaverik/.vscode-server/bin/d78a74bcdfad14d5d3b1b782f87255d802b57511/out/vs/workbench/api/node/extensionHostProcess.js:31:21892)
	at _2.acceptFrame (file:///home/jojomaverik/.vscode-server/bin/d78a74bcdfad14d5d3b1b782f87255d802b57511/out/vs/workbench/api/node/extensionHostProcess.js:31:21698)
	at z2.n (file:///home/jojomaverik/.vscode-server/bin/d78a74bcdfad14d5d3b1b782f87255d802b57511/out/vs/workbench/api/node/extensionHostProcess.js:31:20224)
	at file:///home/jojomaverik/.vscode-server/bin/d78a74bcdfad14d5d3b1b782f87255d802b57511/out/vs/workbench/api/node/extensionHostProcess.js:31:17454
	at Socket.t (file:///home/jojomaverik/.vscode-server/bin/d78a74bcdfad14d5d3b1b782f87255d802b57511/out/vs/workbench/api/node/extensionHostProcess.js:31:15393)
	at Socket.emit (node:events:519:28)
	at addChunk (node:internal/streams/readable:559:12)
	at readableAddChunkPushByteMode (node:internal/streams/readable:510:3)
	at Readable.push (node:internal/streams/readable:390:5)
	at TCP.onStreamRead (node:internal/stream_base_commons:191:23) setContext undefined
2024-10-09 16:07:29.069 [error] TypeError: Cannot read properties of undefined (reading 'stop')
	at SessionTelemetry.endSession (/home/jojomaverik/.vscode-server/extensions/ms-vsliveshare.vsliveshare-1.0.5941/extension.js:1:584970)
	at SessionContext.updateTelemetryContext (/home/jojomaverik/.vscode-server/extensions/ms-vsliveshare.vsliveshare-1.0.5941/extension.js:1:159195)
	at SessionContext.onSessionStateChanged (/home/jojomaverik/.vscode-server/extensions/ms-vsliveshare.vsliveshare-1.0.5941/extension.js:1:162533)
	at T.B (file:///home/jojomaverik/.vscode-server/bin/d78a74bcdfad14d5d3b1b782f87255d802b57511/out/vs/workbench/api/node/extensionHostProcess.js:29:732)
	at T.C (file:///home/jojomaverik/.vscode-server/bin/d78a74bcdfad14d5d3b1b782f87255d802b57511/out/vs/workbench/api/node/extensionHostProcess.js:29:802)
	at T.fire (file:///home/jojomaverik/.vscode-server/bin/d78a74bcdfad14d5d3b1b782f87255d802b57511/out/vs/workbench/api/node/extensionHostProcess.js:29:1019)
	at SessionStateTracker.setState (/home/jojomaverik/.vscode-server/extensions/ms-vsliveshare.vsliveshare-1.0.5941/extension.js:1:167078)
	at SessionStateTracker.transition (/home/jojomaverik/.vscode-server/extensions/ms-vsliveshare.vsliveshare-1.0.5941/extension.js:1:166787)
	at LeaveCollaborationCommand.invoke (/home/jojomaverik/.vscode-server/extensions/ms-vsliveshare.vsliveshare-1.0.5941/extension.js:1:1655700)
	at process.processTicksAndRejections (node:internal/process/task_queues:95:5)
2024-10-09 16:07:29.083 [info] Extension host with pid 1108 exiting with code 0
